1 1 1
1 2 2
1 7 3
1 13 4
1 6 5
1 9 6
1 11 7
1 7 8
1 9 9
1 12 10
1 10 11
1 12 12
1 12 13
1 10 14
1 9 15
1 9 16
1 14 17
1 12 18
1 13 19
1 15 20
2 2 1
2 3 2
2 4 3
2 5 4
2 6 5
2 7 6
2 4 7
2 5 8
2 10 9
2 13 10
2 12 11
2 13 12
2 14 13
2 15 14
2 16 15
3 2 1
3 10 2
3 4 3
3 5 4
3 4 5
3 7 6
3 10 7
3 4 8
3 4 9
3 5 10
3 12 11
3 28 12
3 4 13
3 15 14
3 5 15
3 12 16
3 2 17
3 25 18
3 21 19
3 23 20
3 25 21
3 4 22
3 23 23
3 28 24
3 28 25
3 5 26
3 4 27
3 32 28
3 25 29
3 35 30
3 15 31
3 23 32
3 25 33
3 43 34
3 43 35
3 23 36
3 42 37
3 44 38
4 3 1
4 4 2
4 19 3
4 4 4
4 5 5
4 6 6
4 9 7
4 15 8
4 15 9
4 15 10
4 12 11
4 13 12
4 16 13
4 16 14
4 20 15
4 15 16
4 15 17
4 12 18
4 5 19
4 18 20
4 19 21
4 23 22
4 15 23
4 22 24
4 23 25
4 15 26
4 15 27
4 24 28
4 15 29
4 26 30
4 20 31
4 28 32
4 29 33
5 1 1
5 2 2
5 3 3
5 4 4
5 5 5
5 6 6
5 7 7
5 6 8
5 12 9
5 5 10
5 15 11
5 5 12
5 14 13
5 7 14
5 17 15
5 6 16
5 20 17
5 22 18
5 6 19
5 23 20
5 6 21
5 6 22
5 25 23
6 14 1
6 14 2
6 5 3
6 8 4
6 5 5
6 5 6
6 6 7
6 8 8
6 7 9
6 8 10
6 8 11
6 9 12
6 11 13
6 11 14
6 9 15
6 10 16
6 14 17
6 8 18
6 15 19
6 16 20
7 2 1
7 10 2
7 4 3
7 10 4
7 10 5
7 9 6
7 8 7
7 9 8
7 7 9
7 10 10
7 11 11
8 17 1
8 12 2
8 6 3
8 10 4
8 3 5
8 17 6
8 17 7
8 4 8
8 5 9
8 6 10
8 9 11
8 9 12
8 10 13
8 6 14
8 17 15
8 17 16
8 9 17
8 9 18
8 14 19
8 15 20
8 18 21
9 3 1
9 1 2
9 1 3
9 2 4
9 3 5
9 3 6
9 4 7
10 16 1
10 1 2
10 3 3
10 8 4
10 9 5
10 12 6
10 12 7
10 5 8
10 11 9
10 8 10
10 4 11
10 5 12
10 7 13
10 6 14
10 14 15
10 5 16
10 18 17
10 18 18
10 17 19
10 29 20
10 5 21
10 24 22
10 18 23
10 22 24
10 18 25
10 5 26
10 25 27
10 19 28
10 5 29
10 18 30
10 29 31
10 31 32
10 18 33
10 33 34
11 3 1
11 5 2
11 4 3
11 5 4
11 8 5
12 16 1
12 1 2
12 19 3
12 1 4
12 19 5
12 1 6
12 1 7
12 5 8
12 1 9
12 1 10
12 1 11
12 1 12
12 10 13
12 7 14
12 7 15
12 1 16
12 2 17
12 1 18
12 22 19
13 3 1
13 16 2
13 9 3
13 5 4
13 16 5
13 8 6
13 5 7
13 11 8
13 20 9
13 5 10
13 16 11
13 9 12
13 16 13
13 15 14
13 14 15
13 16 16
13 17 17
13 17 18
13 8 19
13 5 20
13 19 21
13 20 22
13 21 23
13 22 24
13 8 25
13 6 26
13 16 27
13 10 28
13 5 29
13 27 30
13 26 31
13 28 32
14 1 1
14 3 2
14 3 3
14 4 4
14 5 5
14 6 6
14 7 7
14 8 8
14 9 9
14 10 10
14 12 11
14 11 12
14 16 13
14 3 14
14 64 15
14 1 16
14 3 17
14 5 18
14 18 19
14 3 20
14 19 21
14 9 22
14 3 23
14 5 24
14 1 25
14 24 26
14 25 27
14 1 28
14 3 29
14 65 30
14 3 31
14 3 32
14 5 33
14 8 34
14 9 35
14 32 36
14 5 37
14 6 38
14 9 39
14 5 40
14 10 41
14 7 42
14 38 43
14 2 44
14 3 45
14 1 46
14 3 47
14 43 48
14 5 49
14 46 50
14 46 51
14 7 52
14 48 53
14 7 54
14 50 55
14 7 56
14 52 57
14 7 58
14 54 59
14 9 60
14 1 61
14 57 62
14 3 63
14 25 64
14 16 65
14 3 66
14 64 67
14 3 68
14 1 69
14 69 70
14 68 71
14 22 72
14 71 73
14 7 74
14 39 75
14 38 76
14 5 77
14 1 78
14 74 79
14 9 80
14 22 81
14 77 82
14 5 83
14 10 84
14 80 85
15 2 1
15 4 2
15 5 3
15 7 4
15 5 5
15 3 6
15 5 7
15 5 8
15 5 9
15 9 10
16 13 1
16 2 2
16 3 3
16 24 4
16 5 5
16 6 6
16 7 7
16 13 8
16 8 9
16 29 10
16 24 11
16 43 12
16 11 13
16 10 14
16 3 15
16 13 16
16 14 17
16 6 18
16 29 19
16 20 20
16 21 21
16 24 22
16 25 23
16 23 24
16 24 25
16 6 26
16 8 27
16 29 28
16 24 29
16 32 30
16 7 31
16 31 32
16 6 33
16 33 34
16 36 35
16 18 36
16 24 37
16 21 38
16 24 39
16 6 40
16 38 41
16 40 42
16 33 43
16 24 44
16 43 45
16 44 46
16 45 47
16 27 48
16 24 49
16 26 50
17 21 1
17 13 2
17 16 3
17 16 4
17 1 5
17 7 6
17 9 7
17 8 8
17 10 9
17 16 10
17 14 11
17 16 12
17 1 13
17 7 14
17 19 15
17 20 16
17 21 17
17 22 18
18 29 1
18 9 2
18 6 3
18 51 4
18 29 5
18 12 6
18 72 7
18 42 8
18 17 9
18 19 10
18 33 11
18 29 12
18 10 13
18 23 14
18 12 15
18 24 16
18 74 17
18 29 18
18 17 19
18 27 20
18 3 21
18 29 22
18 17 23
18 32 24
18 33 25
18 34 26
18 33 27
18 17 28
18 29 29
18 35 30
18 36 31
18 6 32
18 17 33
18 29 34
18 29 35
18 29 36
18 40 37
18 12 38
18 29 39
18 43 40
18 6 41
18 51 42
18 29 43
18 29 44
18 52 45
18 42 46
18 17 47
18 32 48
18 56 49
18 57 50
18 10 51
18 24 52
18 74 53
18 3 54
18 62 55
18 21 56
18 29 57
18 17 58
18 66 59
18 12 60
18 69 61
18 72 62
18 6 63
18 72 64
18 71 65
18 12 66
18 24 67
18 29 68
18 33 69
18 24 70
18 74 71
18 35 72
18 76 73
18 77 74
18 78 75
19 33 1
19 3 2
19 33 3
19 6 4
19 33 5
19 33 6
19 33 7
19 12 8
19 11 9
19 18 10
19 33 11
19 9 12
19 14 13
19 20 14
19 19 15
19 21 16
19 32 17
19 22 18
19 3 19
19 28 20
19 33 21
19 29 22
19 17 23
19 33 24
19 30 25
19 33 26
19 32 27
19 34 28
19 33 29
19 12 30
19 37 31
20 16 1
20 16 2
20 16 3
20 3 4
20 4 5
20 5 6
20 8 7
20 16 8
20 9 9
20 10 10
20 11 11
20 12 12
20 13 13
20 14 14
20 16 15
20 16 16
20 19 17
20 16 18
20 12 19
20 10 20
20 21 21
20 6 22
20 16 23
20 22 24
20 16 25
20 19 26
20 16 27
20 26 28
20 30 29
21 37 1
21 3 2
21 4 3
21 6 4
21 8 5
21 25 6
21 3 7
21 11 8
21 37 9
21 15 10
21 37 11
21 3 12
21 37 13
21 20 14
21 33 15
21 18 16
21 33 17
21 23 18
21 22 19
21 37 20
21 37 21
21 7 22
21 8 23
21 28 24
21 27 25
21 3 26
21 21 27
21 8 28
21 32 29
21 33 30
21 8 31
21 37 32
21 37 33
21 7 34
21 39 35
21 40 36
22 6 1
22 11 2
22 6 3
22 4 4
22 7 5
22 7 6
22 6 7
22 8 8
22 6 9
22 12 10
22 6 11
22 6 12
22 10 13
22 1 14
22 19 15
22 23 16
22 22 17
22 24 18
23 1 1
23 19 2
23 3 3
23 4 4
23 39 5
23 18 6
23 7 7
23 19 8
23 20 9
23 9 10
23 10 11
23 19 12
23 19 13
23 3 14
23 39 15
23 10 16
23 15 17
23 17 18
23 18 19
23 18 20
23 20 21
23 22 22
23 20 23
23 21 24
23 25 25
23 3 26
23 20 27
23 19 28
23 39 29
23 10 30
23 9 31
23 19 32
23 29 33
23 11 34
23 29 35
23 31 36
23 19 37
23 7 38
23 7 39
23 37 40
23 2 41
23 39 42
23 35 43
24 14 1
24 14 2
24 14 3
24 1 4
24 1 5
24 3 6
24 7 7
24 3 8
24 2 9
24 4 10
24 3 11
24 12 12
24 8 13
24 7 14
24 14 15
24 24 16
24 14 17
24 14 18
24 14 19
24 8 20
24 11 21
24 14 22
24 27 23
24 6 24
24 14 25
24 24 26
24 19 27
24 14 28
24 14 29
24 25 30
24 27 31
24 14 32
24 12 33
24 14 34
24 16 35
24 17 36
24 20 37
24 19 38
24 29 39
25 2 1
25 4 2
25 3 3
25 6 4
25 6 5
25 4 6
25 6 7
25 6 8
25 10 9
25 18 10
25 6 11
25 14 12
25 16 13
25 6 14
25 17 15
25 17 16
25 18 17
25 6 18
25 20 19
25 22 20
26 6 1
26 5 2
26 25 3
26 7 4
26 3 5
26 7 6
26 7 7
26 10 8
26 11 9
26 7 10
26 4 11
26 12 12
26 7 13
26 7 14
26 14 15
26 7 16
26 12 17
26 7 18
26 7 19
26 7 20
26 5 21
26 7 22
26 7 23
26 7 24
26 7 25
26 20 26
26 20 27
26 26 28
27 1 1
27 1 2
27 2 3
27 3 4
27 15 5
27 4 6
27 5 7
27 6 8
27 15 9
27 2 10
27 7 11
27 15 12
27 23 13
27 11 14
27 45 15
27 12 16
27 15 17
27 14 18
27 15 19
27 16 20
27 17 21
27 3 22
27 19 23
27 45 24
27 21 25
27 7 26
27 25 27
27 11 28
27 4 29
27 15 30
27 15 31
27 28 32
27 10 33
27 30 34
27 2 35
27 45 36
27 31 37
27 23 38
27 15 39
27 17 40
27 15 41
27 38 42
27 36 43
27 15 44
27 2 45
27 15 46
27 25 47
27 19 48
27 42 49
27 44 50
27 23 51
27 43 52
27 36 53
27 15 54
27 15 55
27 15 56
27 15 57
27 16 58
27 11 59
27 9 60
27 53 61
27 42 62
27 9 63
27 43 64
27 23 65
27 45 66
27 31 67
27 59 68
27 45 69
27 60 70
27 61 71
27 62 72
28 1 1
28 26 2
28 19 3
28 26 4
28 5 5
28 11 6
28 7 7
28 8 8
28 9 9
28 10 10
28 26 11
28 11 12
28 2 13
28 14 14
28 26 15
28 15 16
28 16 17
28 26 18
28 19 19
28 11 20
28 26 21
28 26 22
28 26 23
28 11 24
28 26 25
28 23 26
28 23 27
28 22 28
28 21 29
28 23 30
28 24 31
28 27 32
29 1 1
29 4 2
29 9 3
29 9 4
29 9 5
29 9 6
29 11 7
29 9 8
29 13 9
29 2 10
29 15 11
29 9 12
29 25 13
29 15 14
29 17 15
29 16 16
29 26 17
29 13 18
29 3 19
29 26 20
29 9 21
29 9 22
29 26 23
29 4 24
29 3 25
29 9 26
29 24 27
29 2 28
29 9 29
29 18 30
30 3 1
30 13 2
30 5 3
30 3 4
30 13 5
30 6 6
30 8 7
30 37 8
30 3 9
30 55 10
30 5 11
30 13 12
30 5 13
30 48 14
30 13 15
30 26 16
30 48 17
30 17 18
30 13 19
30 5 20
30 19 21
30 48 22
30 26 23
30 43 24
30 24 25
30 20 26
30 5 27
30 48 28
30 13 29
30 53 30
30 13 31
30 59 32
30 45 33
30 13 34
30 37 35
30 36 36
30 26 37
30 13 38
30 13 39
30 20 40
30 13 41
30 13 42
30 26 43
30 48 44
30 17 45
30 55 46
30 48 47
30 48 48
30 3 49
30 51 50
30 9 51
30 13 52
30 26 53
30 3 54
30 58 55
30 59 56
31 19 1
31 2 2
31 6 3
31 7 4
31 8 5
31 6 6
31 10 7
31 11 8
31 6 9
31 23 10
31 22 11
31 36 12
31 6 13
31 27 14
31 36 15
31 11 16
31 18 17
31 2 18
31 11 19
31 11 20
31 6 21
31 11 22
31 11 23
31 6 24
31 11 25
31 13 26
31 15 27
31 11 28
31 20 29
31 1 30
31 11 31
31 32 32
31 36 33
31 33 34
31 34 35
31 36 36
31 35 37
31 12 38
31 39 39
31 39 40
31 28 41
32 1 1
32 9 2
32 2 3
32 3 4
32 3 5
32 10 6
32 2 7
32 7 8
32 10 9
32 2 10
32 9 11
32 9 12
32 9 13
32 2 14
32 9 15
32 9 16
32 9 17
32 14 18
33 1 1
33 3 2
33 1 3
33 2 4
33 3 5
33 1 6
33 1 7
33 6 8
33 6 9
33 1 10
33 7 11
33 8 12
34 1 1
34 2 2
34 14 3
34 14 4
34 5 5
34 14 6
34 18 7
34 23 8
34 14 9
34 7 10
34 20 11
34 10 12
34 11 13
34 20 14
34 23 15
34 2 16
34 27 17
34 27 18
34 10 19
34 17 20
34 20 21
34 27 22
34 12 23
34 10 24
34 24 25
34 24 26
34 11 27
34 10 28
34 19 29
34 28 30
35 1 1
35 3 2
35 4 3
35 5 4
35 6 5
35 7 6
35 7 7
35 8 8
36 25 1
36 14 2
36 14 3
36 14 4
36 1 5
36 1 6
36 3 7
36 2 8
36 2 9
36 6 10
36 7 11
36 8 12
36 3 13
36 14 14
36 3 15
36 12 16
36 12 17
36 13 18
36 14 19
36 7 20
36 17 21
36 6 22
36 7 23
36 8 24
36 14 25
36 25 26
36 22 27
36 22 28
36 14 29
36 23 30
36 7 31
36 14 32
36 6 33
36 24 34
36 14 35
36 28 36
37 8 1
37 8 2
37 8 3
37 2 4
37 2 5
37 3 6
37 8 7
37 5 8
37 24 9
37 5 10
37 23 11
37 9 12
37 8 13
37 66 14
37 7 15
37 13 16
37 12 17
37 14 18
37 3 19
37 66 20
37 66 21
37 74 22
37 7 23
37 20 24
37 27 25
37 7 26
37 21 27
37 45 28
37 22 29
37 32 30
37 8 31
37 24 32
37 25 33
37 26 34
37 27 35
37 8 36
37 8 37
37 31 38
37 8 39
37 32 40
37 27 41
37 58 42
37 34 43
37 35 44
37 56 45
37 8 46
37 38 47
37 8 48
37 3 49
37 5 50
37 8 51
37 3 52
37 42 53
37 42 54
37 8 55
37 8 56
37 8 57
37 8 58
37 8 59
37 74 60
37 7 61
37 76 62
37 3 63
37 31 64
37 41 65
37 52 66
37 8 67
37 17 68
37 8 69
37 8 70
37 58 71
37 8 72
37 3 73
37 59 74
37 61 75
37 27 76
37 61 77
37 24 78
37 7 79
37 8 80
37 23 81
37 76 82
37 3 83
37 53 84
37 66 85
37 66 86
37 17 87
37 79 88
37 77 89
37 45 90
37 42 91
37 18 92
37 42 93
37 42 94
37 8 95
37 74 96
37 7 97
37 76 98
37 46 99
38 3 1
38 8 2
38 8 3
38 8 4
38 6 5
38 8 6
38 8 7
38 9 8
39 15 1
39 3 2
39 3 3
39 7 4
39 5 5
39 6 6
39 7 7
39 13 8
39 9 9
39 9 10
39 12 11
39 9 12
39 9 13
39 15 14
40 9 1
40 9 2
40 9 3
40 2 4
40 2 5
40 3 6
40 6 7
40 5 8
40 4 9
40 9 10
40 9 11
40 3 12
40 9 13
40 3 14
40 9 15
40 12 16
40 9 17
40 9 18
40 14 19
41 10 1
41 2 2
41 16 3
41 4 4
41 16 5
41 9 6
41 2 7
41 6 8
41 16 9
41 4 10
41 16 11
41 12 12
41 10 13
41 16 14
41 16 15
41 2 16
41 16 17
41 14 18
41 8 19
41 11 20
41 15 21
41 16 22
41 17 23
42 2 1
42 18 2
42 22 3
42 18 4
42 39 5
42 18 6
42 18 7
42 5 8
42 11 9
42 18 10
42 10 11
42 1 12
42 18 13
42 9 14
42 18 15
42 9 16
42 21 17
42 7 18
42 11 19
42 12 20
42 13 21
42 18 22
42 13 23
42 17 24
42 13 25
42 20 26
42 18 27
42 22 28
42 21 29
42 11 30
42 1 31
42 28 32
42 22 33
42 21 34
42 11 35
42 24 36
42 22 37
42 18 38
42 11 39
42 30 40
42 22 41
42 2 42
42 18 43
42 22 44
42 21 45
42 11 46
42 1 47
42 11 48
42 36 49
42 2 50
42 11 51
42 18 52
42 18 53
42 41 54
43 14 1
43 6 2
43 5 3
43 7 4
43 14 5
43 26 6
43 7 7
43 10 8
43 11 9
43 14 10
43 13 11
43 14 12
43 11 13
43 16 14
43 14 15
43 11 16
43 17 17
43 6 18
43 20 19
43 7 20
43 14 21
43 23 22
43 24 23
43 11 24
43 26 25
43 8 26
43 6 27
43 29 28
43 30 29
44 2 1
44 3 2
44 15 3
44 15 4
44 4 5
44 15 6
44 6 7
44 7 8
44 8 9
44 16 10
44 15 11
44 9 12
44 15 13
44 11 14
44 17 15
44 17 16
44 18 17
45 10 1
45 10 2
45 6 3
45 3 4
45 10 5
45 6 6
45 1 7
45 10 8
45 9 9
45 10 10
45 11 11
45 13 12
45 15 13
45 10 14
45 5 15
45 13 16
45 22 17
46 1 1
46 9 2
46 9 3
46 3 4
46 9 5
46 9 6
46 9 7
46 8 8
46 9 9
46 9 10
46 6 11
46 9 12
46 9 13
47 1 1
47 2 2
47 3 3
47 5 4
47 7 5
47 7 6
47 7 7
47 9 8
47 7 9
47 11 10
47 12 11
47 13 12
48 1 1
48 2 2
48 29 3
48 29 4
48 8 5
48 5 6
48 1 7
48 7 8
48 8 9
48 10 10
48 29 11
48 12 12
48 14 13
48 29 14
48 29 15
48 16 16
48 1 17
48 29 18
48 8 19
48 13 20
48 29 21
48 29 22
48 24 23
48 29 24
48 5 25
48 1 26
48 30 27
48 8 28
48 29 29
48 29 30
48 31 31
48 1 32
48 33 33
48 29 34
48 29 35
48 37 36
48 29 37
48 29 38
48 39 39
49 25 1
49 25 2
49 4 3
49 3 4
49 3 5
49 25 6
49 3 7
49 5 8
49 25 9
49 8 10
49 5 11
49 25 12
49 25 13
49 11 14
49 3 15
49 5 16
49 25 17
49 6 18
49 25 19
49 5 20
49 25 21
49 25 22
49 4 23
49 7 24
49 8 25
49 5 26
49 23 27
49 18 28
49 25 29
49 26 30
50 1 1
50 1 2
50 2 3
50 3 4
50 5 5
50 5 6
50 6 7
50 8 8
50 10 9
50 9 10
50 11 11
50 5 12
50 2 13
50 3 14
50 15 15
50 16 16
50 18 17
50 17 18
50 19 19
50 3 20
50 21 21
50 22 22
50 4 23
50 3 24
50 28 25
50 27 26
50 31 27
51 9 1
51 3 2
51 3 3
51 11 4
51 3 5
51 3 6
51 3 7
51 11 8
51 6 9
51 4 10
51 3 11
51 10 12
51 3 13
51 11 14
51 9 15
51 3 16
51 6 17
51 12 18
51 2 19
51 14 20
52 1 1
52 2 2
52 4 3
52 6 4
52 8 5
52 24 6
52 1 7
52 4 8
52 9 9
52 20 10
52 4 11
52 4 12
52 10 13
52 11 14
52 12 15
52 13 16
52 14 17
52 4 18
52 3 19
52 18 20
52 7 21
52 20 22
52 20 23
52 19 24
52 29 25
52 4 26
52 4 27
52 24 28
52 29 29
52 29 30
52 9 31
52 4 32
52 27 33
52 27 34
52 4 35
52 27 36
52 30 37
53 1 1
53 6 2
53 3 3
53 16 4
53 4 5
53 1 6
53 6 7
53 10 8
53 16 9
53 16 10
53 16 11
53 16 12
53 11 13
53 16 14
53 16 15
53 13 16
53 13 17
53 7 18
53 16 19
53 17 20
54 2 1
54 2 2
54 6 3
54 16 4
54 7 5
54 6 6
54 7 7
54 7 8
54 17 9
54 7 10
54 14 11
54 12 12
54 7 13
54 10 14
54 8 15
54 17 16
54 7 17
54 7 18
54 19 19
55 6 1
55 1 2
55 11 3
55 6 4
55 6 5
55 4 6
55 6 7
55 7 8
55 6 9
55 4 10
55 8 11
55 6 12
55 11 13
55 11 14
55 10 15
55 9 16
55 12 17
56 1 1
56 2 2
56 2 3
56 5 4
57 4 1
57 3 2
57 1 3
57 2 4
57 3 5
57 6 6
57 7 7
57 17 8
57 12 9
57 22 10
57 12 11
57 12 12
57 12 13
57 12 14
57 11 15
57 12 16
57 6 17
57 16 18
57 17 19
57 12 20
57 12 21
57 22 22
57 21 23
57 25 24
57 25 25
57 12 26
57 43 27
57 14 28
57 22 29
57 30 30
57 12 31
57 32 32
57 12 33
57 10 34
57 6 35
57 12 36
57 12 37
57 6 38
57 40 39
57 22 40
57 42 41
57 22 42
57 43 43
57 22 44
57 6 45
57 45 46
57 46 47
58 20 1
58 2 2
58 20 3
58 9 4
58 6 5
58 8 6
58 7 7
58 19 8
58 20 9
58 10 10
58 14 11
58 31 12
58 12 13
58 4 14
58 16 15
58 37 16
58 18 17
58 20 18
58 9 19
58 6 20
58 22 21
58 23 22
58 2 23
58 1 24
58 26 25
58 2 26
58 4 27
58 6 28
58 20 29
58 25 30
58 10 31
58 32 32
58 20 33
58 34 34
58 37 35
58 37 36
58 36 37
58 38 38
59 4 1
59 4 2
59 4 3
59 2 4
59 2 5
59 3 6
59 4 7
59 4 8
59 8 9
59 9 10
59 10 11
60 1 1
60 7 2
60 3 3
60 1 4
60 22 5
60 5 6
60 8 7
60 1 8
60 11 9
60 3 10
60 15 11
60 10 12
60 22 13
60 22 14
60 2 15
60 15 16
60 14 17
60 17 18
60 17 19
60 18 20
60 19 21
60 1 22
60 20 23
60 18 24
60 22 25
60 22 26
60 22 27
60 15 28
60 23 29
60 23 30
60 23 31
60 25 32
61 13 1
61 13 2
61 1 3
61 3 4
61 13 5
61 7 6
61 9 7
61 9 8
61 8 9
61 10 10
61 11 11
61 10 12
61 2 13
61 13 14
61 5 15
61 9 16
61 14 17
61 5 18
61 13 19
61 15 20
62 18 1
62 6 2
62 18 3
62 1 4
62 2 5
62 4 6
62 24 7
62 10 8
62 20 9
62 18 10
62 12 11
62 13 12
62 14 13
62 46 14
62 18 15
62 15 16
62 17 17
62 37 18
62 20 19
62 10 20
62 21 21
62 22 22
62 7 23
62 23 24
62 25 25
62 26 26
62 24 27
62 7 28
62 10 29
62 31 30
62 18 31
62 34 32
62 18 33
62 36 34
62 37 35
62 39 36
62 38 37
62 11 38
62 10 39
62 36 40
62 10 41
62 46 42
62 37 43
62 20 44
62 10 45
62 47 46
63 3 1
63 1 2
63 1 3
63 4 4
63 4 5
63 4 6
63 4 7
63 4 8
63 4 9
63 4 10
63 7 11
63 7 12
63 7 13
63 9 14
64 3 1
64 27 2
64 2 3
64 19 4
64 7 5
64 9 6
64 3 7
64 27 8
64 19 9
64 15 10
64 5 11
64 14 12
64 24 13
64 27 14
64 19 15
64 27 16
64 19 17
64 18 18
64 24 19
64 13 20
64 19 21
64 8 22
64 19 23
64 19 24
64 19 25
64 19 26
64 19 27
64 28 28
65 1 1
65 2 2
65 3 3
65 2 4
65 9 5
65 9 6
65 11 7
65 9 8
65 12 9
65 14 10
65 4 11
65 5 12
65 6 13
65 4 14
65 2 15
65 9 16
65 17 17
65 18 18
65 4 19
65 17 20
65 9 21
65 21 22
65 22 23
65 1 24
65 24 25
65 9 26
65 26 27
65 9 28
65 2 29
65 9 30
65 31 31
66 29 1
66 5 2
66 24 3
66 2 4
66 5 5
66 5 6
66 6 7
66 7 8
66 23 9
66 29 10
66 5 11
66 29 12
66 25 13
66 12 14
66 11 15
66 5 16
66 5 17
66 14 18
66 5 19
66 17 20
66 7 21
66 15 22
66 19 23
66 6 24
66 19 25
66 6 26
66 5 27
66 7 28
66 23 29
66 24 30
66 5 31
66 29 32
66 5 33
66 32 34
66 29 35
66 33 36
66 34 37
67 9 1
67 4 2
67 4 3
67 4 4
67 5 5
67 8 6
67 8 7
67 6 8
67 7 9
67 10 10
67 4 11
67 3 12
67 14 13
67 15 14
68 2 1
68 8 2
68 6 3
68 8 4
68 34 5
68 10 6
68 7 7
68 10 8
68 11 9
68 12 10
68 13 11
68 14 12
68 22 13
68 8 14
68 8 15
68 18 16
68 19 17
68 22 18
68 14 19
68 8 20
68 8 21
68 44 22
68 8 23
68 34 24
68 10 25
68 8 26
68 21 27
68 8 28
68 14 29
68 8 30
68 3 31
68 8 32
68 44 33
68 8 34
68 12 35
68 44 36
68 8 37
68 34 38
68 10 39
68 7 40
68 21 41
68 22 42
68 56 43
68 58 44
69 1 1
69 23 2
69 4 3
69 11 4
69 5 5
69 7 6
69 11 7
69 11 8
69 15 9
69 10 10
69 11 11
69 12 12
69 11 13
69 15 14
69 8 15
69 15 16
69 17 17
69 15 18
69 15 19
69 16 20
69 5 21
69 8 22
69 17 23
69 10 24
69 2 25
69 11 26
69 22 27
69 11 28
69 1 29
69 25 30
69 26 31
69 27 32
70 1 1
70 2 2
70 4 3
70 3 4
70 28 5
70 19 6
70 7 7
70 6 8
70 9 9
70 8 10
70 10 11
70 11 12
70 13 13
70 12 14
70 14 15
70 15 16
70 26 17
70 17 18
70 27 19
70 20 20
70 14 21
70 27 22
70 18 23
70 28 24
70 21 25
70 1 26
70 27 27
70 27 28
70 24 29
70 25 30
70 24 31
70 28 32
70 28 33
70 24 34
70 14 35
70 31 36
70 32 37
70 33 38
71 1 1
71 8 2
71 2 3
71 6 4
71 6 5
71 6 6
71 8 7
71 1 8
71 6 9
71 16 10
71 17 11
72 40 1
72 4 2
72 8 3
72 64 4
72 2 5
72 40 6
72 3 7
72 4 8
72 5 9
72 7 10
72 6 11
72 8 12
72 51 13
72 5 14
72 11 15
72 12 16
72 13 17
72 40 18
72 14 19
72 4 20
72 40 21
72 17 22
72 13 23
72 21 24
72 20 25
72 14 26
72 54 27
72 5 28
72 40 29
72 12 30
72 5 31
72 25 32
72 24 33
72 26 34
72 4 35
72 17 36
72 40 37
72 40 38
72 14 39
72 9 40
72 40 41
72 40 42
72 12 43
72 35 44
72 26 45
72 37 46
72 34 47
72 38 48
72 39 49
72 40 50
72 5 51
72 43 52
72 12 53
72 45 54
72 38 55
72 40 56
72 5 57
72 48 58
72 4 59
72 40 60
72 5 61
72 55 62
72 56 63
72 55 64
72 59 65
72 12 66
72 5 67
72 25 68
72 24 69
72 64 70
73 32 1
73 37 2
73 2 3
73 37 4
73 5 5
73 56 6
73 7 7
73 56 8
73 8 9
73 2 10
73 11 11
73 34 12
73 70 13
73 37 14
73 37 15
73 2 16
73 3 17
73 37 18
73 21 19
73 15 20
73 24 21
73 37 22
73 26 23
73 28 24
73 27 25
73 42 26
73 15 27
73 31 28
73 32 29
73 6 30
73 34 31
73 35 32
73 26 33
73 37 34
73 56 35
73 40 36
73 21 37
73 70 38
73 3 39
73 37 40
73 56 41
73 45 42
73 46 43
73 56 44
73 47 45
73 68 46
73 47 47
73 50 48
73 68 49
73 37 50
73 62 51
73 6 52
73 37 53
73 37 54
73 2 55
73 11 56
73 62 57
73 37 58
73 56 59
73 62 60
73 6 61
73 59 62
73 35 63
73 6 64
73 63 65
73 62 66
73 37 67
73 2 68
73 49 69
73 67 70
73 68 71
73 35 72
73 68 73
73 2 74
73 37 75
73 18 76
73 15 77
73 28 78
73 74 79
74 2 1
74 2 2
74 3 3
74 5 4
74 2 5
74 2 6
74 2 7
74 8 8
74 1 9
74 10 10
74 3 11
74 13 12
74 12 13
74 14 14
74 16 15
74 15 16
74 14 17
74 19 18
74 18 19
74 20 20
74 22 21
74 3 22
74 21 23
74 23 24
75 1 1
75 27 2
75 32 3
75 22 4
75 27 5
75 27 6
75 6 7
75 17 8
75 27 9
75 32 10
75 27 11
75 27 12
75 25 13
75 15 14
75 27 15
75 27 16
75 6 17
75 8 18
75 14 19
75 14 20
75 25 21
75 15 22
75 27 23
75 27 24
75 3 25
75 29 26
75 17 27
75 32 28
75 1 29
75 20 30
75 27 31
75 6 32
75 22 33
75 27 34
75 25 35
75 26 36
75 27 37
75 29 38
75 29 39
75 27 40
75 32 41
75 1 42
75 35 43
75 34 44
75 36 45
76 10 1
76 10 2
76 11 3
76 8 4
76 10 5
76 10 6
76 13 7
77 17 1
77 6 2
77 17 3
77 2 4
77 2 5
77 3 6
77 18 7
77 5 8
77 18 9
77 4 10
77 19 11
77 7 12
77 8 13
77 9 14
77 10 15
77 19 16
77 18 17
77 18 18
77 19 19
77 13 20
77 17 21
77 11 22
77 19 23
77 13 24
77 19 25
77 18 26
77 19 27
77 21 28
77 17 29
77 11 30
77 19 31
77 13 32
77 19 33
77 7 34
77 19 35
77 25 36
77 3 37
77 18 38
77 5 39
77 14 40
77 19 41
77 23 42
77 19 43
77 19 44
77 33 45
78 7 1
78 5 2
78 1 3
78 7 4
78 7 5
78 6 6
78 8 7
78 7 8
78 9 9
79 6 1
79 40 2
79 2 3
79 27 4
79 40 5
79 5 6
79 6 7
79 7 8
79 10 9
79 40 10
79 22 11
79 40 12
79 38 13
79 17 14
79 2 15
79 26 16
79 28 17
79 40 18
79 9 19
79 30 20
79 27 21
79 40 22
79 40 23
79 34 24
79 34 25
79 5 26
79 6 27
79 7 28
79 41 29
79 9 30
79 6 31
79 41 32
79 40 33
79 42 34
80 1 1
80 2 2
80 17 3
80 4 4
80 17 5
80 7 6
80 5 7
80 17 8
80 1 9
80 17 10
80 13 11
80 31 12
80 15 13
80 16 14
80 18 15
80 17 16
80 17 17
80 13 18
80 21 19
80 6 20
80 17 21
80 7 22
80 17 23
80 17 24
80 6 25
80 13 26
80 17 27
80 17 28
80 29 29
80 3 30
80 31 31
80 13 32
80 4 33
80 35 34
80 34 35
80 36 36
81 1 1
81 1 2
81 7 3
81 2 4
81 5 5
81 7 6
81 7 7
81 16 8
81 16 9
81 15 10
81 14 11
81 3 12
81 7 13
81 16 14
81 7 15
81 18 16
82 2 1
82 8 2
82 5 3
82 6 4
82 8 5
82 8 6
82 8 7
82 8 8
82 8 9
82 11 10
83 13 1
83 1 2
83 3 3
83 1 4
83 13 5
83 5 6
83 6 7
83 11 8
83 1 9
83 3 10
83 1 11
83 1 12
83 1 13
83 12 14
83 17 15
83 3 16
83 15 17
83 15 18
83 15 19
83 1 20
83 3 21
83 4 22
83 1 23
83 4 24
83 13 25
83 21 26
83 4 27
83 21 28
83 4 29
83 1 30
83 22 31
83 4 32
83 20 33
83 24 34
83 23 35
83 25 36
84 5 1
84 7 2
84 6 3
84 11 4
84 33 5
84 9 6
84 19 7
84 24 8
84 4 9
84 16 10
84 5 11
84 11 12
84 24 13
84 15 14
84 17 15
84 24 16
84 1 17
84 2 18
84 3 19
84 24 20
84 20 21
84 24 22
84 22 23
84 24 24
84 24 25
84 11 26
84 4 27
84 33 28
84 34 29
84 29 30
84 4 31
84 34 32
84 34 33
84 13 34
84 13 35
84 23 36
84 24 37
84 24 38
84 33 39
84 30 40
84 1 41
84 5 42
84 37 43
84 42 44
85 1 1
85 4 2
85 16 3
85 3 4
85 2 5
85 17 6
85 16 7
85 17 8
85 17 9
85 9 10
85 10 11
85 17 12
85 11 13
85 12 14
85 13 15
85 13 16
85 14 17
85 17 18
85 11 19
85 13 20
85 17 21
85 17 22
85 16 23
85 17 24
85 19 25
86 1 1
86 3 2
86 6 3
86 3 4
86 6 5
86 3 6
86 3 7
86 6 8
86 3 9
86 3 10
86 5 11
86 3 12
86 3 13
86 16 14
86 17 15
86 3 16
86 3 17
86 12 18
86 12 19
86 3 20
86 3 21
86 14 22
86 3 23
86 37 24
86 1 25
86 3 26
86 6 27
86 1 28
86 19 29
86 20 30
86 21 31
86 22 32
86 3 33
86 24 34
86 16 35
86 17 36
86 3 37
86 3 38
86 28 39
86 29 40
86 30 41
86 53 42
86 12 43
86 52 44
86 3 45
86 3 46
86 33 47
86 34 48
86 34 49
86 3 50
86 3 51
86 39 52
86 33 53
86 42 54
86 21 55
86 45 56
86 16 57
86 1 58
86 47 59
86 6 60
86 13 61
86 30 62
86 50 63
86 53 64
86 12 65
86 52 66
86 3 67
86 28 68
87 11 1
87 11 2
87 3 3
87 6 4
87 10 5
87 2 6
87 11 7
87 11 8
87 11 9
87 4 10
87 15 11
87 13 12
87 17 13
87 18 14
87 22 15
87 11 16
87 18 17
87 11 18
87 11 19
87 22 20
87 24 21
87 11 22
87 25 23
88 14 1
88 8 2
88 1 3
88 2 4
88 4 5
88 3 6
88 9 7
88 6 8
88 9 9
88 7 10
88 8 11
88 9 12
88 12 13
88 11 14
88 10 15
88 3 16
88 17 17
88 3 18
88 3 19
88 6 20
88 3 21
88 3 22
88 18 23
89 2 1
89 5 2
89 2 3
89 2 4
89 3 5
89 2 6
89 5 7
89 23 8
89 6 9
89 14 10
89 2 11
89 6 12
89 14 13
89 16 14
89 2 15
89 16 16
89 12 17
89 12 18
89 6 19
89 14 20
89 2 21
89 16 22
89 2 23
89 6 24
89 2 25
89 6 26
89 2 27
89 23 28
89 2 29
89 6 30
89 16 31
89 2 32
89 16 33
89 2 34
89 6 35
89 5 36
89 2 37
89 16 38
89 2 39
89 6 40
89 2 41
90 1 1
90 7 2
90 4 3
90 3 4
90 5 5
90 2 6
90 8 7
90 7 8
90 9 9
90 11 10
90 7 11
90 7 12
90 16 13
90 15 14
90 7 15
90 17 16
91 45 1
91 2 2
91 3 3
91 4 4
91 5 5
91 3 6
91 4 7
91 7 8
91 9 9
91 3 10
91 26 11
91 12 12
91 3 13
91 15 14
91 16 15
91 12 16
91 26 17
91 12 18
91 3 19
91 18 20
91 4 21
91 11 22
91 21 23
91 9 24
91 12 25
91 28 26
91 22 27
91 15 28
91 37 29
91 38 30
91 22 31
91 12 32
91 41 33
91 22 34
91 42 35
91 30 36
91 12 37
91 45 38
91 46 39
91 47 40
92 20 1
92 6 2
92 6 3
92 13 4
92 8 5
92 2 6
92 6 7
92 16 8
92 5 9
92 6 10
92 13 11
92 6 12
92 7 13
92 6 14
92 7 15
92 6 16
92 10 17
92 9 18
92 11 19
92 12 20
92 13 21
92 6 22
92 11 23
92 6 24
92 6 25
92 7 26
92 18 27
92 6 28
92 6 29
92 26 30
93 14 1
93 3 2
93 3 3
93 6 4
93 3 5
93 6 6
93 3 7
93 3 8
93 3 9
93 6 10
93 7 11
93 8 12
93 1 13
93 12 14
93 3 15
93 14 16
94 25 1
94 25 2
94 9 3
94 13 4
94 14 5
94 11 6
94 25 7
94 31 8
94 18 9
94 25 10
94 28 11
94 25 12
94 7 13
94 20 14
94 22 15
94 25 16
94 26 17
94 7 18
94 25 19
94 31 20
94 25 21
94 25 22
94 31 23
94 32 24
94 28 25
94 37 26
94 0 27
94 25 28
94 28 29
94 25 30
94 25 31
94 36 32
94 37 33
94 7 34
94 39 35
94 18 36
94 43 37
94 43 38
94 44 39
94 26 40
95 2 1
95 9 2
95 4 3
95 5 4
95 2 5
95 2 6
95 7 7
95 9 8
95 3 9
95 8 10
95 5 11
95 3 12
95 13 13
95 9 14
95 12 15
95 14 16
96 2 1
96 15 2
96 7 3
96 6 4
96 5 5
96 4 6
96 5 7
96 8 8
96 5 9
96 9 10
96 12 11
96 13 12
96 1 13
96 5 14
96 5 15
96 6 16
96 5 17
96 16 18
96 17 19
97 15 1
97 9 2
97 19 3
97 7 4
97 4 5
97 5 6
97 6 7
97 9 8
97 16 9
97 11 10
97 19 11
97 15 12
97 19 13
97 8 14
97 16 15
97 19 16
97 14 17
97 19 18
97 14 19
97 19 20
97 16 21
97 19 22
97 20 23
98 1 1
98 4 2
98 4 3
98 1 4
98 4 5
98 6 6
98 7 7
98 9 8
98 13 9
98 10 10
98 6 11
98 13 12
98 4 13
98 14 14
99 5 1
99 9 2
99 7 3
99 8 4
99 10 5
99 30 6
99 8 7
99 9 8
99 9 9
99 30 10
99 13 11
99 14 12
99 15 13
99 9 14
99 6 15
99 9 16
99 6 17
99 8 18
99 18 19
99 17 20
99 21 21
99 8 22
99 23 23
99 8 24
99 29 25
99 28 26
99 30 27
99 7 28
99 33 29
99 9 30
99 30 31
99 8 32
99 9 33
99 18 34
99 34 35
100 14 1
100 8 2
100 8 3
100 1 4
100 6 5
100 8 6
100 3 7
100 14 8
100 15 9
100 8 10
100 8 11
100 4 12
100 5 13
100 8 14
100 8 15
100 10 16
100 7 17
100 12 18
100 8 19
100 19 20
101 4 1
101 4 2
101 7 3
101 1 4
101 2 5
101 11 6
101 7 7
101 7 8
101 5 9
101 7 10
101 12 11
101 6 12
101 7 13
101 13 14
101 15 15
102 1 1
102 15 2
102 8 3
102 7 4
102 18 5
102 12 6
102 18 7
102 18 8
102 8 9
102 8 10
102 13 11
102 8 12
102 4 13
102 15 14
102 8 15
102 4 16
102 7 17
102 22 18
102 24 19
102 8 20
102 15 21
102 20 22
102 19 23
102 26 24
102 8 25
102 30 26
102 28 27
102 15 28
102 8 29
102 8 30
102 32 31
103 15 1
103 6 2
103 4 3
103 1 4
103 25 5
103 3 6
103 4 7
103 7 8
103 8 9
103 12 10
103 6 11
103 5 12
103 11 13
103 6 14
103 13 15
103 12 16
103 6 17
103 15 18
103 16 19
103 5 20
103 15 21
103 15 22
103 18 23
103 19 24
103 5 25
103 22 26
103 21 27
103 23 28
103 6 29
103 6 30
103 6 31
103 26 32
104 1 1
104 2 2
104 3 3
104 4 4
104 14 5
104 23 6
104 1 7
104 23 8
104 39 9
104 23 10
104 39 11
104 23 12
104 9 13
104 10 14
104 7 15
104 13 16
104 17 17
104 39 18
104 4 19
104 23 20
104 23 21
104 19 22
104 19 23
104 3 24
104 23 25
104 9 26
104 45 27
104 1 28
104 28 29
104 23 30
104 23 31
104 29 32
104 1 33
104 31 34
104 7 35
104 13 36
104 23 37
104 36 38
104 37 39
104 37 40
104 36 41
104 4 42
104 15 43
104 23 44
104 9 45
104 45 46
104 19 47
104 23 48
104 36 49
104 17 50
104 9 51
104 23 52
104 43 53
104 23 54
104 46 55
104 23 56
104 47 57
105 14 1
105 13 2
105 12 3
105 15 4
105 19 5
105 2 6
105 7 7
105 9 8
105 8 9
105 13 10
105 7 11
105 7 12
105 10 13
105 11 14
105 12 15
105 5 16
105 14 17
105 15 18
105 16 19
105 16 20
105 21 21
105 19 22
105 13 23
105 18 24
105 20 25
105 19 26
105 13 27
105 21 28
105 19 29
105 24 30
105 1 31
105 25 32
105 19 33
105 19 34
105 13 35
105 28 36
105 29 37
106 1 1
106 2 2
106 6 3
106 9 4
106 3 5
106 10 6
106 9 7
106 9 8
106 8 9
106 9 10
106 10 11
107 2 1
107 6 2
107 2 3
107 3 4
107 22 5
107 5 6
107 6 7
107 4 8
107 15 9
107 6 10
107 12 11
107 11 12
107 5 13
107 4 14
107 13 15
107 13 16
107 15 17
107 5 18
107 17 19
107 13 20
107 21 21
107 20 22
107 22 23
107 13 24
107 4 25
107 26 26
107 11 27
107 27 28
107 28 29
107 13 30
107 13 31
107 28 32
107 32 33
108 1 1
108 2 2
108 17 3
108 1 4
108 6 5
108 5 6
108 7 7
108 13 8
108 13 9
108 7 10
108 13 11
108 14 12
108 15 13
108 16 14
108 17 15
108 1 16
108 13 17
108 20 18
109 1 1
109 1 2
109 2 3
109 13 4
109 37 5
109 10 6
109 11 7
109 15 8
109 13 9
109 8 10
109 14 11
109 15 12
109 1 13
109 13 14
109 18 15
109 10 16
109 44 17
109 21 18
109 22 19
109 23 20
109 25 21
109 25 22
109 27 23
109 26 24
109 5 25
109 6 26
109 6 27
109 13 28
109 13 29
109 7 30
109 53 31
109 6 32
109 13 33
109 2 34
109 32 35
109 33 36
109 13 37
109 29 38
109 31 39
109 13 40
109 8 41
109 41 42
109 41 43
109 43 44
109 44 45
109 25 46
109 44 47
109 40 48
109 14 49
109 13 50
109 21 51
109 46 52
109 47 53
109 23 54
109 53 55
110 14 1
110 13 2
110 14 3
110 19 4
110 6 5
110 6 6
110 7 7
110 9 8
110 12 9
110 13 10
110 16 11
110 20 12
110 13 13
110 14 14
110 14 15
110 28 16
110 14 17
110 14 18
110 14 19
110 14 20
110 13 21
110 21 22
110 10 23
110 14 24
110 12 25
110 14 26
110 14 27
110 22 28
110 25 29
110 25 30
110 14 31
110 3 32
110 27 33
110 28 34
110 22 35
111 2 1
111 1 2
111 4 3
111 13 4
111 6 5
111 13 6
111 8 7
111 9 8
111 8 9
111 14 10
111 13 11
111 15 12
112 2 1
112 15 2
112 15 3
112 15 4
112 6 5
112 26 6
112 30 7
112 15 8
112 23 9
112 26 10
112 7 11
112 8 12
112 15 13
112 15 14
112 10 15
112 4 16
112 15 17
112 10 18
112 26 19
112 12 20
112 17 21
112 15 22
112 8 23
112 14 24
112 16 25
112 17 26
112 26 27
112 19 28
112 8 29
112 21 30
112 31 31
113 3 1
113 13 2
113 4 3
113 5 4
113 6 5
113 7 6
113 8 7
113 9 8
113 10 9
113 15 10
113 12 11
113 13 12
113 13 13
113 9 14
113 10 15
113 20 16
113 13 17
113 21 18
113 22 19
113 24 20
113 24 21
113 9 22
113 26 23
113 13 24
113 30 25
113 31 26
113 32 27
114 7 1
114 6 2
114 7 3
114 3 4
114 3 5
114 4 6
114 6 7
114 6 8
114 7 9
114 11 10
114 9 11
114 6 12
114 10 13
114 11 14
114 14 15
114 13 16
114 5 17
114 14 18
114 14 19
114 16 20
114 16 21
114 1 22
115 20 1
115 2 2
115 2 3
115 3 4
115 6 5
115 20 6
115 7 7
115 20 8
115 9 9
115 14 10
115 9 11
115 16 12
115 20 13
115 3 14
115 19 15
115 20 16
115 3 17
115 22 18
115 20 19
115 25 20
115 26 21
115 27 22
115 22 23
115 20 24
115 31 25
115 32 26
116 2 1
116 6 2
116 24 3
116 3 4
116 6 5
116 30 6
116 8 7
116 9 8
116 29 9
116 4 10
116 10 11
116 4 12
116 13 13
116 14 14
116 16 15
116 17 16
116 23 17
116 5 18
116 30 19
116 10 20
116 30 21
116 21 22
116 22 23
116 6 24
116 30 25
116 30 26
116 21 27
116 22 28
116 6 29
116 30 30
116 9 31
116 29 32
116 31 33
117 8 1
117 24 2
117 24 3
117 4 4
117 34 5
117 12 6
117 31 7
117 24 8
117 17 9
117 1 10
117 24 11
117 24 12
117 23 13
117 24 14
117 24 15
117 24 16
117 4 17
117 28 18
117 56 19
117 30 20
117 31 21
117 34 22
117 24 23
117 26 24
117 56 25
117 24 26
117 4 27
117 24 28
117 14 29
117 35 30
117 36 31
117 24 32
117 34 33
117 37 34
117 18 35
117 61 36
117 34 37
117 24 38
117 24 39
117 36 40
117 14 41
117 46 42
117 45 43
117 32 44
117 53 45
117 23 46
117 13 47
117 24 48
117 56 49
117 24 50
117 24 51
117 24 52
117 23 53
117 29 54
117 24 55
117 62 56
118 9 1
118 1 2
118 3 3
118 6 4
118 5 5
118 5 6
118 1 7
118 16 8
118 8 9
118 16 10
118 16 11
118 16 12
118 16 13
118 6 14
118 16 15
118 6 16
118 5 17
118 16 18
118 19 19
118 4 20
118 21 21
118 22 22
119 2 1
119 15 2
119 15 3
119 4 4
119 6 5
119 6 6
119 8 7
119 15 8
119 10 9
119 15 10
119 11 11
119 13 12
119 4 13
119 15 14
119 15 15
119 18 16
119 19 17
119 21 18
119 15 19
119 22 20
120 3 1
120 4 2
120 21 3
120 39 4
120 1 5
120 2 6
120 21 7
120 7 8
120 8 9
120 9 10
120 10 11
120 12 12
120 1 13
120 14 14
120 39 15
120 15 16
120 43 17
120 39 18
120 39 19
120 21 20
120 39 21
120 1 22
120 24 23
120 1 24
120 5 25
120 21 26
120 27 27
120 29 28
120 39 29
120 21 30
120 31 31
120 39 32
120 34 33
120 33 34
120 22 35
120 36 36
120 21 37
120 43 38
120 39 39
120 39 40
120 1 41
120 14 42
120 1 43
120 10 44
120 39 45
120 47 46
121 1 1
121 2 2
121 10 3
121 4 4
121 2 5
121 14 6
121 4 7
121 10 8
121 4 9
121 10 10
121 2 11
121 4 12
121 12 13
121 4 14
121 18 15
121 10 16
121 14 17
121 12 18
121 4 19
121 16 20
121 18 21
121 19 22
121 20 23
121 22 24
121 2 25
121 4 26
121 4 27
121 4 28
121 18 29
121 27 30
121 29 31
121 28 32
121 30 33
121 31 34
121 4 35
121 27 36
121 4 37
121 18 38
121 4 39
121 5 40
121 12 41
121 4 42
121 18 43
121 4 44
121 39 45
121 4 46
121 40 47
121 43 48
122 56 1
122 7 2
122 4 3
122 7 4
122 7 5
122 7 6
122 35 7
122 15 8
122 13 9
122 17 10
122 19 11
122 18 12
122 7 13
122 7 14
122 14 15
122 6 16
122 25 17
122 25 18
122 25 19
122 7 20
122 55 21
122 30 22
122 14 23
122 8 24
122 7 25
122 7 26
122 4 27
122 40 28
122 40 29
122 39 30
122 14 31
122 18 32
122 7 33
122 49 34
122 32 35
122 35 36
122 40 37
122 44 38
122 45 39
122 12 40
122 47 41
122 6 42
122 7 43
122 7 44
122 8 45
122 9 46
122 59 47
122 14 48
122 8 49
122 7 50
122 7 51
122 14 52
122 35 53
122 40 54
122 61 55
122 60 56
122 62 57
123 1 1
123 18 2
123 3 3
123 2 4
123 4 5
123 5 6
123 6 7
123 14 8
123 8 9
123 9 10
123 21 11
123 11 12
123 4 13
123 13 14
123 14 15
123 14 16
123 14 17
123 1 18
123 8 19
123 17 20
123 14 21
123 8 22
123 20 23
123 21 24
123 9 25
123 18 26
123 11 27
123 27 28
123 30 29
123 29 30
123 31 31
124 2 1
124 3 2
124 8 3
124 5 4
124 32 5
124 6 6
124 8 7
124 9 8
124 7 9
124 9 10
124 10 11
124 8 12
124 10 13
124 13 14
124 8 15
124 18 16
124 8 17
124 8 18
124 29 19
124 22 20
124 22 21
124 9 22
124 5 23
124 21 24
124 7 25
124 26 26
124 26 27
124 15 28
124 8 29
124 20 30
124 30 31
124 5 32
124 8 33
124 10 34
124 33 35
124 33 36
124 10 37
124 9 38
124 8 39
124 36 40
125 1 1
125 43 2
125 16 3
125 43 4
125 5 5
125 14 6
125 43 7
125 37 8
125 14 9
125 15 10
125 21 11
125 22 12
125 16 13
125 43 14
125 17 15
125 18 16
125 16 17
125 43 18
125 20 19
125 14 20
125 47 21
125 10 22
125 30 23
125 13 24
125 12 25
125 11 26
125 24 27
125 25 28
125 25 29
125 39 30
125 8 31
125 43 32
125 16 33
125 28 34
125 47 35
125 30 36
125 30 37
125 14 38
125 32 39
125 14 40
125 34 41
125 14 42
125 30 43
125 30 44
125 43 45
125 38 46
125 39 47
125 43 48
125 14 49
125 41 50
125 16 51
125 44 52
125 43 53
125 14 54
125 43 55
125 8 56
125 43 57
125 48 58
126 3 1
126 4 2
126 2 3
126 4 4
126 7 5
126 8 6
126 9 7
126 7 8
126 10 9
126 11 10
126 5 11
126 5 12
126 4 13
126 4 14
126 5 15
126 3 16
126 4 17
126 4 18
126 5 19
126 17 20
126 19 21
127 4 1
127 2 2
127 6 3
127 7 4
127 9 5
127 8 6
127 10 7
127 11 8
127 13 9
127 18 10
127 7 11
127 12 12
127 40 13
127 15 14
127 7 15
127 17 16
127 18 17
127 7 18
127 19 19
127 20 20
127 18 21
127 22 22
127 25 23
127 18 24
127 17 25
127 30 26
127 26 27
127 30 28
127 7 29
127 31 30
127 30 31
127 30 32
127 6 33
127 30 34
127 23 35
127 30 36
127 3 37
127 6 38
127 30 39
127 30 40
127 38 41
127 6 42
127 30 43
127 30 44
127 7 45
127 30 46
127 3 47
127 26 48
127 30 49
127 3 50
127 7 51
127 30 52
127 18 53
127 46 54
127 45 55
127 20 56
127 18 57
127 49 58
127 3 59
127 51 60
127 52 61
127 7 62
127 54 63
127 20 64
127 30 65
127 18 66
127 58 67
127 9 68
127 60 69
128 10 1
128 14 2
128 5 3
128 7 4
128 6 5
128 15 6
128 10 7
128 14 8
128 5 9
128 7 10
128 7 11
128 15 12
128 7 13
128 16 14
128 19 15
128 17 16
128 21 17
128 21 18
128 7 19
128 24 20
128 20 21
128 26 22
128 27 23
128 40 24
128 31 25
128 31 26
128 28 27
128 7 28
128 4 29
128 27 30
128 7 31
128 17 32
128 22 33
128 5 34
128 7 35
128 20 36
128 39 37
128 40 38
128 20 39
128 44 40
128 41 41
128 42 42
128 20 43
128 44 44
128 43 45
128 8 46
129 10 1
129 2 2
129 3 3
129 43 4
129 16 5
129 32 6
129 16 7
129 16 8
129 5 9
129 21 10
129 17 11
129 6 12
129 32 13
129 16 14
129 13 15
129 12 16
129 16 17
129 11 18
129 11 19
129 20 20
129 16 21
129 15 22
129 5 23
129 16 24
129 14 25
129 21 26
129 16 27
129 23 28
129 5 29
129 16 30
129 6 31
129 16 32
129 14 33
129 16 34
129 16 35
129 3 36
129 9 37
129 16 38
129 31 39
129 34 40
129 16 41
129 1 42
129 5 43
129 16 44
129 16 45
129 14 46
129 16 47
129 43 48
130 2 1
130 7 2
130 10 3
130 3 4
130 2 5
130 9 6
130 2 7
130 10 8
130 9 9
130 15 10
130 12 11
130 11 12
130 14 13
130 15 14
130 17 15
130 18 16
130 19 17
130 20 18
131 6 1
131 2 2
131 3 3
131 4 4
131 6 5
131 6 6
131 5 7
131 7 8
131 8 9
132 6 1
132 2 2
132 9 3
132 12 4
132 12 5
132 4 6
132 7 7
132 12 8
132 10 9
132 18 10
132 13 11
132 12 12
132 17 13
132 12 14
132 7 15
132 11 16
132 12 17
132 17 18
132 12 19
132 19 20
133 9 1
133 12 2
133 12 3
133 12 4
133 7 5
133 11 6
133 15 7
133 12 8
133 25 9
133 9 10
133 9 11
133 29 12
133 7 13
133 12 14
133 12 15
133 37 16
133 12 17
133 12 18
133 5 19
133 37 20
133 12 21
133 23 22
133 12 23
133 12 24
133 13 25
133 7 26
133 12 27
133 12 28
133 23 29
133 12 30
133 13 31
133 23 32
133 12 33
133 37 34
133 37 35
133 12 36
133 6 37
133 37 38
133 36 39
133 38 40
134 20 1
134 15 2
134 15 3
134 15 4
134 2 5
134 2 6
134 3 7
134 15 8
134 9 9
134 15 10
134 10 11
134 12 12
134 14 13
134 12 14
134 11 15
134 19 16
134 14 17
134 15 18
134 16 19
134 17 20
134 17 21
134 18 22
134 19 23
134 20 24
134 21 25
135 1 1
135 26 2
135 27 3
135 6 4
135 26 5
135 26 6
135 26 7
135 26 8
135 13 9
135 26 10
135 3 11
135 15 12
135 26 13
135 17 14
135 15 15
135 26 16
135 22 17
135 19 18
135 7 19
135 11 20
135 21 21
135 11 22
135 11 23
135 19 24
135 19 25
135 27 26
135 26 27
135 29 28
135 30 29
135 27 30
135 26 31
135 31 32
135 7 33
135 27 34
135 26 35
135 26 36
135 30 37
135 35 38
135 26 39
135 26 40
135 28 41
135 38 42
135 11 43
135 26 44
135 26 45
135 40 46
136 15 1
136 6 2
136 3 3
136 15 4
136 5 5
136 7 6
136 8 7
136 9 8
136 10 9
136 3 10
136 3 11
136 15 12
136 14 13
136 14 14
136 15 15
136 15 16
136 17 17
137 10 1
137 20 2
137 13 3
137 26 4
137 20 5
137 20 6
137 14 7
137 9 8
137 20 9
137 7 10
137 10 11
137 5 12
137 6 13
137 18 14
137 19 15
137 28 16
137 20 17
137 29 18
137 26 19
137 20 20
137 21 21
137 7 22
137 23 23
137 7 24
137 26 25
137 20 26
137 18 27
137 42 28
137 33 29
137 37 30
137 20 31
137 47 32
137 20 33
137 48 34
137 49 35
137 5 36
137 51 37
137 52 38
137 20 39
137 29 40
137 20 41
137 33 42
137 20 43
137 33 44
137 28 45
137 20 46
137 42 47
137 13 48
137 52 49
138 24 1
138 10 2
138 2 3
138 4 4
138 4 5
138 2 6
138 14 7
138 7 8
138 10 9
138 9 10
138 9 11
138 10 12
138 9 13
138 22 14
138 10 15
138 10 16
138 24 17
138 16 18
138 22 19
138 17 20
138 2 21
138 17 22
138 19 23
138 10 24
138 10 25
138 19 26
138 14 27
138 10 28
138 24 29
138 6 30
138 25 31
138 30 32
138 10 33
138 35 34
138 33 35
138 30 36
138 35 37
138 36 38
138 15 39
138 38 40
138 39 41
138 40 42
139 7 1
139 7 2
139 3 3
139 3 4
139 2 5
139 8 6
139 5 7
139 7 8
139 7 9
139 7 10
139 11 11
139 7 12
139 7 13
139 3 14
139 3 15
139 13 16
139 9 17
139 3 18
139 7 19
139 8 20
139 15 21
139 16 22
139 7 23
139 18 24
140 5 1
140 5 2
140 1 3
140 5 4
140 4 5
140 5 6
140 4 7
140 5 8
140 7 9
141 1 1
141 4 2
141 4 3
141 11 4
141 10 5
141 4 6
141 9 7
141 5 8
141 4 9
141 3 10
141 16 11
141 3 12
141 5 13
141 4 14
141 3 15
141 5 16
141 4 17
141 3 18
141 18 19
141 18 20
141 22 21
142 2 1
142 6 2
142 4 3
142 6 4
142 14 5
142 1 6
142 1 7
142 6 8
142 14 9
142 6 10
142 16 11
142 11 12
142 6 13
142 6 14
142 19 15
142 6 16
142 8 17
142 6 18
142 6 19
142 6 20
142 11 21
142 13 22
142 12 23
142 6 24
142 3 25
142 18 26
142 6 27
142 6 28
142 17 29
142 17 30
142 22 31
143 3 1
143 23 2
143 23 3
143 17 4
143 5 5
143 23 6
143 9 7
143 10 8
143 12 9
143 14 10
143 10 11
143 9 12
143 23 13
143 17 14
143 23 15
143 19 16
143 23 17
143 23 18
143 13 19
143 21 20
143 21 21
143 10 22
143 23 23
143 36 24
143 29 25
143 30 26
143 17 27
143 32 28
143 32 29
143 23 30
143 23 31
143 17 32
143 23 33
143 40 34
144 2 1
144 3 2
144 4 3
144 86 4
144 34 5
144 34 6
144 4 7
144 34 8
144 34 9
144 13 10
144 14 11
144 15 12
144 17 13
144 88 14
144 16 15
144 18 16
144 20 17
144 19 18
144 21 19
144 22 20
144 23 21
144 26 22
144 8 23
144 4 24
144 3 25
144 34 26
144 34 27
144 32 28
144 62 29
144 34 30
144 22 31
144 39 32
144 38 33
144 39 34
144 22 35
144 4 36
144 62 37
144 34 38
144 44 39
144 46 40
144 88 41
144 34 42
144 34 43
144 22 44
144 44 45
144 46 46
144 88 47
144 19 48
144 51 49
144 22 50
144 4 51
144 64 52
144 54 53
144 56 54
144 57 55
144 4 56
144 55 57
144 62 58
144 34 59
144 25 60
144 66 61
144 64 62
144 66 63
144 22 64
144 57 65
144 39 66
144 39 67
144 22 68
144 62 69
144 34 70
144 4 71
144 76 72
144 34 73
144 82 74
144 34 75
144 22 76
144 81 77
144 82 78
144 22 79
144 4 80
144 34 81
144 89 82
144 86 83
144 90 84
145 1 1
145 2 2
145 3 3
145 5 4
145 4 5
145 6 6
145 7 7
145 16 8
145 8 9
145 9 10
145 10 11
145 11 12
145 17 13
145 12 14
145 7 15
145 4 16
145 17 17
145 3 18
145 19 19
145 4 20
145 4 21
145 24 22
145 4 23
145 23 24
145 11 25
145 27 26
145 4 27
145 11 28
145 4 29
145 28 30
146 1 1
146 21 2
146 16 3
146 3 4
146 3 5
146 4 6
146 7 7
146 7 8
146 6 9
146 4 10
146 9 11
146 11 12
146 21 13
146 21 14
146 2 15
146 21 16
146 4 17
146 11 18
146 21 19
146 21 20
146 21 21
146 26 22
146 1 23
146 21 24
146 16 25
146 21 26
146 28 27
146 4 28
146 7 29
146 35 30
146 13 31
146 21 32
146 41 33
146 34 34
146 21 35
146 9 36
146 21 37
146 2 38
146 21 39
146 44 40
147 5 1
147 3 2
147 4 3
147 6 4
147 5 5
147 8 6
147 5 7
147 5 8
147 20 9
147 5 10
147 5 11
147 5 12
147 5 13
147 5 14
147 5 15
147 5 16
147 5 17
147 5 18
147 17 19
147 18 20
147 5 21
147 20 22
147 21 23
147 25 24
148 2 1
148 11 2
148 14 3
148 11 4
148 4 5
148 13 6
148 11 7
148 10 8
148 11 9
148 12 10
148 6 11
148 11 12
148 5 13
148 13 14
148 17 15
148 18 16
148 4 17
148 6 18
148 20 19
148 21 20
148 24 21
148 11 22
148 15 23
148 11 24
148 11 25
148 28 26
148 11 27
148 6 28
148 11 29
148 10 30
148 11 31
148 11 32
148 35 33
149 3 1
149 2 2
149 7 3
149 5 4
149 7 5
149 8 6
149 11 7
149 4 8
149 9 9
149 10 10
149 4 11
149 11 12
150 1 1
150 10 2
150 27 3
150 20 4
150 27 5
150 8 6
150 32 7
150 32 8
150 32 9
150 9 10
150 6 11
150 13 12
150 12 13
150 14 14
150 32 15
150 32 16
150 32 17
150 17 18
150 16 19
150 14 20
150 23 21
150 14 22
150 4 23
150 32 24
150 14 25
150 7 26
150 32 27
150 30 28
150 27 29
150 30 30
150 32 31
150 32 32
150 31 33
150 7 34
150 33 35
150 27 36
150 32 37
150 34 38
151 14 1
151 2 2
151 1 3
151 15 4
151 24 5
151 20 6
151 1 7
151 14 8
151 12 9
151 14 10
151 13 11
151 27 12
151 15 13
151 4 14
151 24 15
151 14 16
151 27 17
152 51 1
152 41 2
152 41 3
152 20 4
152 41 5
152 2 6
152 2 7
152 3 8
152 4 9
152 4 10
152 3 11
152 8 12
152 8 13
152 10 14
152 5 15
152 12 16
152 3 17
152 41 18
152 17 19
152 21 20
152 22 21
152 20 22
152 25 23
152 25 24
152 17 25
152 19 26
152 3 27
152 41 28
152 23 29
152 21 30
152 36 31
152 5 32
152 23 33
152 21 34
152 41 35
152 5 36
152 41 37
152 20 38
152 42 39
152 20 40
152 41 41
152 51 42
153 1 1
153 2 2
153 12 3
153 4 4
153 5 5
153 31 6
153 7 7
153 8 8
153 9 9
153 10 10
153 13 11
153 12 12
153 14 13
153 12 14
153 7 15
153 4 16
153 12 17
153 6 18
153 22 19
153 21 20
153 8 21
153 31 22
153 26 23
153 10 24
153 6 25
153 25 26
153 14 27
153 28 28
153 15 29
153 12 30
153 31 31
153 12 32
153 12 33
153 10 34
153 35 35
153 34 36
153 36 37
154 1 1
154 7 2
154 7 3
154 7 4
154 5 5
154 6 6
154 7 7
154 7 8
154 11 9
154 5 10
154 6 11
154 7 12
154 17 13
154 7 14
154 5 15
154 6 16
154 7 17
154 7 18
154 5 19
154 5 20
154 17 21
154 7 22
154 5 23
154 19 24
154 7 25
154 5 26
154 7 27
154 20 28
155 1 1
155 1 2
155 5 3
155 11 4
155 7 5
155 26 6
155 11 7
155 11 8
155 2 9
155 5 10
155 6 11
155 14 12
155 18 13
155 7 14
155 16 15
155 12 16
155 11 17
155 13 18
155 11 19
155 16 20
155 11 21
155 18 22
155 11 23
155 19 24
155 26 25
155 11 26
155 21 27
155 3 28
155 23 29
155 13 30
155 11 31
155 27 32
156 1 1
156 2 2
156 5 3
156 6 4
156 10 5
156 3 6
156 4 7
156 15 8
156 6 9
156 6 10
156 2 11
156 21 12
156 6 13
156 5 14
156 10 15
156 11 16
156 31 17
156 6 18
156 15 19
156 16 20
156 31 21
156 6 22
156 6 23
156 6 24
156 31 25
156 21 26
156 23 27
156 6 28
156 6 29
156 31 30
156 21 31
156 34 32
156 5 33
156 28 34
156 30 35
156 33 36
156 6 37
156 11 38
156 34 39
156 37 40
156 38 41
156 6 42
156 6 43
156 11 44
156 34 45
156 6 46
156 30 47
157 8 1
157 3 2
157 4 3
157 5 4
157 6 5
157 8 6
157 8 7
157 9 8
157 10 9
158 1 1
158 3 2
158 2 3
158 5 4
158 6 5
158 1 6
158 6 7
158 7 8
158 8 9
158 37 10
158 10 11
158 11 12
158 47 13
158 16 14
158 17 15
158 4 16
158 11 17
158 20 18
158 26 19
158 1 20
158 6 21
158 23 22
158 26 23
158 1 24
158 6 25
158 33 26
158 43 27
158 21 28
158 11 29
158 6 30
158 12 31
158 6 32
158 29 33
158 31 34
158 4 35
158 33 36
158 35 37
158 35 38
158 33 39
158 6 40
158 23 41
158 33 42
158 1 43
158 6 44
158 11 45
158 1 46
158 43 47
158 33 48
158 6 49
158 47 50
158 33 51
158 6 52
158 46 53
158 14 54
158 1 55
158 50 56
158 51 57
159 40 1
159 2 2
159 3 3
159 1 4
159 10 5
159 24 6
159 33 7
159 22 8
159 33 9
159 23 10
159 40 11
159 2 12
159 22 13
159 14 14
159 15 15
159 18 16
159 17 17
159 16 18
159 19 19
159 1 20
159 21 21
159 21 22
159 22 23
159 15 24
159 33 25
159 23 26
159 35 27
159 27 28
159 29 29
159 30 30
159 33 31
159 33 32
159 40 33
159 37 34
159 13 35
159 44 36
159 42 37
159 41 38
159 3 39
159 33 40
159 40 41
159 33 42
159 57 43
159 40 44
159 52 45
159 41 46
159 33 47
159 58 48
160 16 1
160 1 2
160 26 3
160 26 4
160 25 5
160 26 6
160 3 7
160 16 8
160 4 9
160 6 10
160 7 11
160 24 12
160 9 13
160 10 14
160 10 15
160 26 16
160 35 17
160 26 18
160 12 19
160 26 20
160 18 21
160 26 22
160 6 23
160 16 24
160 17 25
160 4 26
160 20 27
160 21 28
160 18 29
160 23 30
160 24 31
160 24 32
160 26 33
160 18 34
160 26 35
160 27 36
160 26 37
160 28 38
160 24 39
160 9 40
160 31 41
160 26 42
160 34 43
160 35 44
160 26 45
160 38 46
160 37 47
160 39 48
161 3 1
161 27 2
161 7 3
161 12 4
161 27 5
161 1 6
161 11 7
161 12 8
161 13 9
161 12 10
161 16 11
161 15 12
161 17 13
161 19 14
161 18 15
161 17 16
161 22 17
161 21 18
161 23 19
161 25 20
161 12 21
161 24 22
161 27 23
161 27 24
161 7 25
161 27 26
161 3 27
161 27 28
161 28 29
162 2 1
162 48 2
162 5 3
162 18 4
162 11 5
162 15 6
162 20 7
162 3 8
162 6 9
162 8 10
162 15 11
162 33 12
162 4 13
162 12 14
162 13 15
162 11 16
162 15 17
162 15 18
162 6 19
162 17 20
162 18 21
162 19 22
162 20 23
162 4 24
162 22 25
162 2 26
162 25 27
162 15 28
162 6 29
162 28 30
162 15 31
162 15 32
162 48 33
162 12 34
162 24 35
162 33 36
162 15 37
162 33 38
162 51 39
162 33 40
162 38 41
162 5 42
162 35 43
162 36 44
162 18 45
162 4 46
162 37 47
162 39 48
162 4 49
162 44 50
162 41 51
162 42 52
162 25 53
162 15 54
162 15 55
162 6 56
162 46 57
162 15 58
162 6 59
162 33 60
162 15 61
162 18 62
162 33 63
162 15 64
162 33 65
162 51 66
163 8 1
163 4 2
163 1 3
163 6 4
163 7 5
163 1 6
163 1 7
163 11 8
164 1 1
164 11 2
164 11 3
164 1 4
164 11 5
164 9 6
164 11 7
164 7 8
164 11 9
164 10 10
164 11 11
164 12 12
164 11 13
164 14 14
164 15 15
165 7 1
165 8 2
165 4 3
165 12 4
165 12 5
165 11 6
165 13 7
165 13 8
165 20 9
165 21 10
165 14 11
165 12 12
165 20 13
165 19 14
165 20 15
165 21 16
165 12 17
165 22 18
165 20 19
165 20 20
165 4 21
165 20 22
165 13 23
165 20 24
165 1 25
165 20 26
165 4 27
165 20 28
165 29 29
166 16 1
166 2 2
166 4 3
166 17 4
166 8 5
166 16 6
166 6 7
166 7 8
166 1 9
166 17 10
166 10 11
166 10 12
166 9 13
166 4 14
166 12 15
166 17 16
166 17 17
166 14 18
166 14 19
166 18 20
167 1 1
167 16 2
167 27 3
167 5 4
167 6 5
167 7 6
167 3 7
167 9 8
167 10 9
167 12 10
167 11 11
167 17 12
167 15 13
167 16 14
167 6 15
167 18 16
167 3 17
167 27 18
167 20 19
167 27 20
167 27 21
167 5 22
167 27 23
167 15 24
167 26 25
167 27 26
167 28 27
168 12 1
168 12 2
168 5 3
168 4 4
168 5 5
168 9 6
168 12 7
168 8 8
168 12 9
168 12 10
168 14 11
168 15 12
168 12 13
168 11 14
168 3 15
168 12 16
168 10 17
168 12 18
168 17 19
169 18 1
169 18 2
169 4 3
169 1 4
169 18 5
169 3 6
169 6 7
169 18 8
169 11 9
169 18 10
169 10 11
169 18 12
169 12 13
169 13 14
169 14 15
169 12 16
169 18 17
169 5 18
169 18 19
169 21 20
170 10 1
170 17 2
170 20 3
170 7 4
170 5 5
170 6 6
170 20 7
170 20 8
170 20 9
170 10 10
170 20 11
170 20 12
170 13 13
170 11 14
170 15 15
170 17 16
170 18 17
170 7 18
170 5 19
170 17 20
170 19 21
170 20 22
170 1 23
170 20 24
170 20 25
170 35 26
170 13 27
170 17 28
170 27 29
170 20 30
170 7 31
170 31 32
170 13 33
170 25 34
170 20 35
170 7 36
170 20 37
170 41 38
170 7 39
170 39 40
170 13 41
170 13 42
170 17 43
170 29 44
170 44 45
170 13 46
170 21 47
170 47 48
170 20 49
170 41 50
170 51 51
171 7 1
171 5 2
171 5 3
171 8 4
171 5 5
171 5 6
171 5 7
171 5 8
171 6 9
171 6 10
171 5 11
171 2 12
171 5 13
171 5 14
171 9 15
172 1 1
172 3 2
172 1 3
172 1 4
172 2 5
172 5 6
172 10 7
172 1 8
172 1 9
172 5 10
172 5 11
172 11 12
173 4 1
173 6 2
173 2 3
173 3 4
173 4 5
173 5 6
173 8 7
173 7 8
173 3 9
173 2 10
173 6 11
173 15 12
173 14 13
173 3 14
173 6 15
173 11 16
173 12 17
173 2 18
173 2 19
173 6 20
173 19 21
173 18 22
173 20 23
174 3 1
174 10 2
174 17 3
174 10 4
174 7 5
174 8 6
174 25 7
174 10 8
174 10 9
174 11 10
174 25 11
174 13 12
174 14 13
174 10 14
174 10 15
174 11 16
174 19 17
174 10 18
174 16 19
174 10 20
174 10 21
174 10 22
174 11 23
174 25 24
174 10 25
174 14 26
174 26 27
174 10 28
174 10 29
174 6 30
174 10 31
174 20 32
174 10 33
174 0 34
175 16 1
175 1 2
175 2 3
175 3 4
175 7 5
175 8 6
175 9 7
175 16 8
175 13 9
175 16 10
175 16 11
175 1 12
175 15 13
175 16 14
175 16 15
175 18 16
176 3 1
176 17 2
176 5 3
176 4 4
176 4 5
176 5 6
176 6 7
176 17 8
176 8 9
176 9 10
176 10 11
176 11 12
176 12 13
176 9 14
176 14 15
176 17 16
176 16 17
176 17 18
176 18 19
177 29 1
177 3 2
177 2 3
177 6 4
177 5 5
177 6 6
177 7 7
177 27 8
177 10 9
177 10 10
177 6 11
177 12 12
177 4 13
177 14 14
177 15 15
177 1 16
177 17 17
177 7 18
177 6 19
177 20 20
177 21 21
177 6 22
177 7 23
177 24 24
177 25 25
177 6 26
177 5 27
177 27 28
177 30 29
177 6 30
177 31 31
178 17 1
178 4 2
178 3 3
178 16 4
178 4 5
178 21 6
178 4 7
178 5 8
178 4 9
178 6 10
178 4 11
178 5 12
178 11 13
178 12 14
178 4 15
178 11 16
178 2 17
178 15 18
178 4 19
178 16 20
178 4 21
178 4 22
178 18 23
178 3 24
178 20 25
178 21 26
178 22 27
178 23 28
178 1 29
178 19 30
178 18 31
178 4 32
178 24 33
179 3 1
179 3 2
179 14 3
179 5 4
179 7 5
179 14 6
179 6 7
179 8 8
179 1 9
179 19 10
179 23 11
179 11 12
179 11 13
179 8 14
179 11 15
179 14 16
179 16 17
179 15 18
179 17 19
179 8 20
179 1 21
179 19 22
179 19 23
179 11 24
179 11 25
179 11 26
179 11 27
179 26 28
180 26 1
180 2 2
180 13 3
180 36 4
180 4 5
180 8 6
180 8 7
180 9 8
180 36 9
180 36 10
180 7 11
180 11 12
180 12 13
180 13 14
180 14 15
180 12 16
180 15 17
180 4 18
180 17 19
180 36 20
180 36 21
180 29 22
180 21 23
180 35 24
180 12 25
180 35 26
180 18 27
180 19 28
180 4 29
180 36 30
180 36 31
180 33 32
180 35 33
180 36 34
180 29 35
180 36 36
180 36 37
180 4 38
180 33 39
180 11 40
180 6 41
180 36 42
180 36 43
180 6 44
180 36 45
180 39 46
181 7 1
181 9 2
181 9 3
181 0 4
181 8 5
181 1 6
181 8 7
181 4 8
181 5 9
181 10 10
182 2 1
182 2 2
182 3 3
182 10 4
182 6 5
182 10 6
182 11 7
182 10 8
182 11 9
182 13 10
182 11 11
182 19 12
182 16 13
182 14 14
182 12 15
182 18 16
182 17 17
182 20 18
183 3 1
183 2 2
183 7 3
183 1 4
183 3 5
183 4 6
183 7 7
183 7 8
183 8 9
183 12 10
183 10 11
183 23 12
183 14 13
183 13 14
183 15 15
183 5 16
183 14 17
183 16 18
183 17 19
183 18 20
183 26 21
183 13 22
183 1 23
183 23 24
183 26 25
184 2 1
184 43 2
184 43 3
184 26 4
184 5 5
184 6 6
184 7 7
184 37 8
184 43 9
184 10 10
184 13 11
184 43 12
184 10 13
184 20 14
184 43 15
184 17 16
184 16 17
184 43 18
184 21 19
184 22 20
184 25 21
184 25 22
184 21 23
184 8 24
184 35 25
184 21 26
184 32 27
184 10 28
184 43 29
184 43 30
184 24 31
184 26 32
184 30 33
184 21 34
184 37 35
184 21 36
184 8 37
184 39 38
184 21 39
184 13 40
184 53 41
184 43 42
184 43 43
184 43 44
184 44 45
184 26 46
184 46 47
184 8 48
184 10 49
184 20 50
184 12 51
184 50 52
184 44 53
184 48 54
184 52 55
184 20 56
184 53 57
184 12 58
184 43 59
184 26 60
184 43 61
184 55 62
185 3 1
185 2 2
185 3 3
185 9 4
185 11 5
185 11 6
185 7 7
185 6 8
185 6 9
185 8 10
185 9 11
185 7 12
185 11 13
185 11 14
185 9 15
185 13 16
185 14 17
185 15 18
185 16 19
185 17 20
185 18 21
186 16 1
186 1 2
186 4 3
186 2 4
186 9 5
186 9 6
186 9 7
186 12 8
186 8 9
186 11 10
186 9 11
186 10 12
186 9 13
186 3 14
186 15 15
186 14 16
186 16 17
187 8 1
187 7 2
187 5 3
187 7 4
187 7 5
187 3 6
187 4 7
187 5 8
187 6 9
187 10 10
187 7 11
187 8 12
187 10 13
187 12 14
187 13 15
187 9 16
187 15 17
187 14 18
187 16 19
187 7 20
187 6 21
187 10 22
187 7 23
187 19 24
187 21 25
188 3 1
188 3 2
188 4 3
188 5 4
188 14 5
188 6 6
188 7 7
188 20 8
188 6 9
188 4 10
188 6 11
188 12 12
188 8 13
188 15 14
188 14 15
188 13 16
188 18 17
188 19 18
188 20 19
188 18 20
188 20 21
188 6 22
188 19 23
188 22 24
188 23 25
188 1 26
189 7 1
189 2 2
189 3 3
189 65 4
189 9 5
189 6 6
189 7 7
189 1 8
189 12 9
189 65 10
189 13 11
189 14 12
189 34 13
189 65 14
189 13 15
189 9 16
189 19 17
189 31 18
189 22 19
189 31 20
189 31 21
189 25 22
189 20 23
189 56 24
189 28 25
189 13 26
189 28 27
189 14 28
189 28 29
189 13 30
189 65 31
189 5 32
189 65 33
189 4 34
189 56 35
189 38 36
189 37 37
189 20 38
189 1 39
189 38 40
189 25 41
189 14 42
189 20 43
189 56 44
189 46 45
189 45 46
189 13 47
189 12 48
189 59 49
189 65 50
189 20 51
189 50 52
189 53 53
189 59 54
189 65 55
189 54 56
189 55 57
189 13 58
189 6 59
189 7 60
189 65 61
189 20 62
189 59 63
189 7 64
189 62 65
189 20 66
189 61 67
189 64 68
189 65 69
189 65 70
189 66 71
190 1 1
190 1 2
190 2 3
190 12 4
190 6 5
190 4 6
190 12 7
190 12 8
190 6 9
190 7 10
190 8 11
190 12 12
190 11 13
190 12 14
190 13 15
191 5 1
191 11 2
191 27 3
191 4 4
191 5 5
191 7 6
191 11 7
191 8 8
191 9 9
191 10 10
191 11 11
191 12 12
191 1 13
191 11 14
191 14 15
191 1 16
191 15 17
191 12 18
191 24 19
191 1 20
191 11 21
191 27 22
191 19 23
191 7 24
191 11 25
191 11 26
191 24 27
191 25 28
191 11 29
191 27 30
191 28 31
191 27 32
191 1 33
191 11 34
191 11 35
191 3 36
191 1 37
191 11 38
191 27 39
191 36 40
191 37 41
191 38 42
192 1 1
192 2 2
192 3 3
192 5 4
192 4 5
192 6 6
192 7 7
192 9 8
192 8 9
192 10 10
192 11 11
192 12 12
193 2 1
193 2 2
193 5 3
193 11 4
193 11 5
193 4 6
193 1 7
193 11 8
193 11 9
193 4 10
193 9 11
193 11 12
193 12 13
194 18 1
194 10 2
194 10 3
194 8 4
194 5 5
194 1 6
194 2 7
194 3 8
194 18 9
194 6 10
194 6 11
194 21 12
194 11 13
194 4 14
194 14 15
194 13 16
194 21 17
194 32 18
194 32 19
194 10 20
194 25 21
194 20 22
194 10 23
194 21 24
194 25 25
194 10 26
194 25 27
194 9 28
194 10 29
194 10 30
194 28 31
194 25 32
194 33 33
194 25 34
194 32 35
194 29 36
194 28 37
194 31 38
194 34 39
195 1 1
195 2 2
195 4 3
195 3 4
195 3 5
195 5 6
195 4 7
195 4 8
195 8 9
195 4 10
195 10 11
195 4 12
195 12 13
195 13 14
195 10 15
195 4 16
195 16 17
196 4 1
196 2 2
196 3 3
196 4 4
196 4 5
196 4 6
196 6 7
196 4 8
196 9 9
197 2 1
197 2 2
197 5 3
197 5 4
197 0 5
197 2 6
197 5 7
197 6 8
198 1 1
198 2 2
198 19 3
198 30 4
198 7 5
198 19 6
198 17 7
198 4 8
198 5 9
198 8 10
198 9 11
198 10 12
198 11 13
198 8 14
198 10 15
198 19 16
198 15 17
198 16 18
198 14 19
198 19 20
198 34 21
198 21 22
198 17 23
198 19 24
198 19 25
198 8 26
198 22 27
198 17 28
198 19 29
198 8 30
198 25 31
198 26 32
198 8 33
198 17 34
198 28 35
198 2 36
198 19 37
198 29 38
198 27 39
198 33 40
198 34 41
198 34 42
198 8 43
198 27 44
198 23 45
198 19 46
198 19 47
198 28 48
198 19 49
198 43 50
198 34 51
198 19 52
198 10 53
198 44 54
198 47 55
199 1 1
199 1 2
199 2 3
199 12 4
199 3 5
199 5 6
199 8 7
199 8 8
199 7 9
199 8 10
199 9 11
199 12 12
199 10 13
199 2 14
199 12 15
199 13 16
199 14 17
199 12 18
199 15 19
199 16 20
199 12 21
199 17 22
199 18 23
199 8 24
199 21 25
199 23 26
199 3 27
199 24 28
200 2 1
200 3 2
200 44 3
200 25 4
200 15 5
200 8 6
200 25 7
200 11 8
200 3 9
200 25 10
200 36 11
200 20 12
200 25 13
200 25 14
200 14 15
200 30 16
200 17 17
200 3 18
200 25 19
200 9 20
200 25 21
200 6 22
200 25 23
200 41 24
200 25 25
200 3 26
200 25 27
200 25 28
200 31 29
200 28 30
200 6 31
200 29 32
200 25 33
200 30 34
200 25 35
200 25 36
200 29 37
200 9 38
200 3 39
200 41 40
200 25 41
200 15 42
200 25 43
200 3 44
200 6 45
200 29 46
200 25 47
200 43 48
200 44 49
200 45 50
