1 2 2
1 5 8
1 7 3
1 9 9
1 9 10
1 10 11
1 11 12
1 12 13
1 13 18
1 13 19
1 14 17
1 15 20
2 4 3
2 5 4
2 6 5
2 7 6
2 8 7
2 9 8
2 10 9
2 11 12
2 12 11
2 13 10
2 13 12
2 14 13
2 15 14
2 16 15
3 2 17
3 3 2
3 4 3
3 4 5
3 5 4
3 6 3
3 7 6
3 10 9
3 11 10
3 12 11
3 12 16
3 21 19
3 28 24
3 28 25
3 29 26
3 32 28
3 33 29
3 34 29
3 35 30
3 36 14
3 38 29
3 39 33
3 42 37
3 43 34
3 43 35
3 44 38
4 4 4
4 5 5
4 6 6
4 9 7
4 11 19
4 12 11
4 12 18
4 13 12
4 16 13
4 16 14
4 20 15
4 21 16
4 21 17
4 21 23
4 22 24
4 23 25
4 23 26
4 28 31
4 28 32
4 29 33
5 2 2
5 3 3
5 4 4
5 9 8
5 10 8
5 11 8
5 12 9
5 14 13
5 15 11
5 16 12
5 16 14
5 17 15
5 22 21
5 23 20
5 23 21
5 24 19
5 24 21
5 24 22
5 25 23
6 2 4
6 7 9
6 7 11
6 8 8
6 8 10
6 8 11
6 9 12
6 9 13
6 9 15
6 10 16
6 11 14
6 13 17
6 14 18
6 14 19
6 15 19
6 16 20
7 8 7
7 9 8
7 10 9
7 10 10
7 11 11
8 4 8
8 5 9
8 7 11
8 8 11
8 9 11
8 9 12
8 10 13
8 12 2
8 13 3
8 13 14
8 14 19
8 15 20
8 18 21
9 2 4
9 3 5
9 3 6
9 4 7
10 2 3
10 3 3
10 4 11
10 5 8
10 6 14
10 7 13
10 8 4
10 9 5
10 11 9
10 12 6
10 12 7
10 13 10
10 14 15
10 15 16
10 16 18
10 17 19
10 18 17
10 18 18
10 20 20
10 20 21
10 31 32
10 32 32
10 33 34
11 4 3
11 5 4
11 6 3
11 7 4
11 8 5
12 2 17
12 3 16
12 4 9
12 5 8
12 7 6
12 22 19
13 11 2
13 12 3
13 19 21
13 20 9
13 20 22
13 21 23
13 22 24
13 23 25
13 26 31
13 27 30
13 28 32
14 2 23
14 3 2
14 3 3
14 3 23
14 4 4
14 5 5
14 6 6
14 7 7
14 8 6
14 8 8
14 9 9
14 10 10
14 11 12
14 17 20
14 18 19
14 19 21
14 32 36
14 43 48
14 45 51
14 46 50
14 46 51
14 48 53
14 50 55
14 52 57
14 54 59
14 57 62
14 58 63
14 68 71
14 69 70
14 71 73
14 74 79
14 77 82
14 80 85
15 3 3
15 3 4
15 4 2
15 4 5
15 4 6
15 5 5
15 5 7
15 5 8
15 5 9
15 6 9
15 9 10
16 2 2
16 3 3
16 5 5
16 6 6
16 7 7
16 10 14
16 11 13
16 13 16
16 14 17
16 18 36
16 23 24
16 24 22
16 24 25
16 25 23
16 26 50
16 27 48
16 31 32
16 32 30
16 36 35
16 40 42
16 43 45
16 44 46
16 45 47
16 46 48
17 7 6
17 8 8
17 9 7
17 10 9
17 12 10
17 13 10
17 14 11
17 15 12
17 16 3
17 16 4
17 17 4
17 18 14
17 19 15
17 20 16
17 21 17
17 22 18
18 3 21
18 8 2
18 9 2
18 19 10
18 27 20
18 28 21
18 29 18
18 29 22
18 32 24
18 33 25
18 33 27
18 34 26
18 40 37
18 43 40
18 56 49
18 57 50
18 66 59
18 71 65
18 72 64
18 74 17
18 76 73
18 77 74
18 78 75
19 6 4
19 11 9
19 19 15
19 20 14
19 21 16
19 33 29
19 34 28
19 36 30
19 37 31
20 2 2
20 3 3
20 3 4
20 4 5
20 5 6
20 10 10
20 11 11
20 12 12
20 13 13
20 14 14
20 16 15
20 16 16
20 20 8
20 21 25
20 22 24
20 25 27
20 26 28
20 30 29
21 3 2
21 4 3
21 6 4
21 7 4
21 8 5
21 11 8
21 12 9
21 13 9
21 14 9
21 15 10
21 18 16
21 22 19
21 23 18
21 27 25
21 28 24
21 30 27
21 31 28
21 32 29
21 33 30
21 33 31
21 34 31
21 37 32
21 37 33
21 38 34
21 39 35
21 40 36
22 3 12
22 4 12
22 5 13
22 6 7
22 6 11
22 6 12
22 7 5
22 7 6
22 8 7
22 8 8
22 18 14
22 19 15
22 22 17
22 23 16
22 23 17
22 24 18
23 3 3
23 4 4
23 14 16
23 15 17
23 17 18
23 17 19
23 18 19
23 18 20
23 19 2
23 20 21
23 21 21
23 21 23
23 22 22
23 23 21
23 24 24
23 24 27
23 25 25
23 26 26
23 31 36
23 32 37
23 33 37
23 34 38
23 34 39
23 39 42
23 40 43
24 2 9
24 3 8
24 3 11
24 4 10
24 5 11
24 7 14
24 8 13
24 14 34
24 15 34
24 16 35
24 17 36
24 19 38
24 20 37
24 25 30
24 26 34
24 27 35
24 28 34
24 29 39
25 3 3
25 4 2
25 14 12
25 15 11
25 15 14
25 16 13
25 17 14
25 18 14
25 19 19
25 20 19
25 21 19
25 22 20
26 12 12
26 13 11
26 18 18
26 18 19
26 20 26
26 20 27
26 21 23
26 22 23
26 22 25
26 23 24
26 23 25
26 26 28
27 2 3
27 3 4
27 4 6
27 5 7
27 6 8
27 7 9
27 7 11
27 8 10
27 12 16
27 14 18
27 15 17
27 16 16
27 17 15
27 19 23
27 28 32
27 30 34
27 34 21
27 44 50
27 45 69
27 46 53
27 53 61
27 55 64
27 57 67
27 60 70
27 61 71
27 62 72
28 5 5
28 6 7
28 7 7
28 8 8
28 9 9
28 10 10
28 11 12
28 12 13
28 13 13
28 14 14
28 15 16
28 16 17
28 17 17
28 21 29
28 22 28
28 23 26
28 23 27
28 23 30
28 24 31
28 25 22
28 26 23
28 27 32
29 4 2
29 5 3
29 5 4
29 5 6
29 6 6
29 11 7
29 12 6
29 15 11
29 16 16
29 17 15
29 26 17
29 27 18
30 6 6
30 13 31
30 19 21
30 24 25
30 25 26
30 33 40
30 35 4
30 36 36
30 37 35
30 38 34
30 39 12
30 48 44
30 49 45
30 50 48
30 50 49
30 51 50
30 58 55
30 59 56
31 6 6
31 7 4
31 8 5
31 9 9
31 10 7
31 11 8
31 11 16
31 12 8
31 15 27
31 21 21
31 23 10
31 24 23
31 25 24
31 26 25
31 27 14
31 32 32
31 33 34
31 34 35
31 35 37
31 36 36
31 38 40
31 39 39
31 39 40
31 40 41
32 9 13
32 12 16
32 12 17
32 13 17
32 14 18
33 2 4
33 3 2
33 3 3
33 3 5
33 4 11
33 5 6
33 5 10
33 6 7
33 6 9
33 7 8
33 7 11
33 8 12
34 2 2
34 7 10
34 8 9
34 9 11
34 14 17
34 15 16
34 23 15
34 23 24
34 24 25
34 24 26
34 25 26
34 26 26
34 27 26
34 27 27
34 27 29
34 28 30
35 3 2
35 3 3
35 4 3
35 4 4
35 5 4
35 6 5
35 7 6
35 7 7
35 8 8
36 2 6
36 3 7
36 4 8
36 5 9
36 6 10
36 7 11
36 8 12
36 9 13
36 10 16
36 11 17
36 12 16
36 12 17
36 13 18
36 14 2
36 14 3
36 14 4
36 14 19
36 17 21
36 20 23
36 22 27
36 22 28
36 23 30
36 24 29
36 28 36
37 2 5
37 3 6
37 4 7
37 5 8
37 8 13
37 8 55
37 8 56
37 8 57
37 8 58
37 8 59
37 9 12
37 12 17
37 13 16
37 14 18
37 17 68
37 20 24
37 21 27
37 22 29
37 24 32
37 25 33
37 26 34
37 27 35
37 31 38
37 32 40
37 34 43
37 35 44
37 42 53
37 42 54
37 46 99
37 61 75
37 76 62
38 2 2
38 3 3
38 4 3
38 5 3
38 5 4
38 6 5
38 7 7
38 8 6
38 8 7
38 9 8
39 2 2
39 3 2
39 3 3
39 4 3
39 4 4
39 5 5
39 6 6
39 7 7
39 7 8
39 8 8
39 9 9
39 9 10
39 10 9
39 11 11
39 12 11
39 13 12
39 13 13
39 14 13
39 15 14
40 2 5
40 4 7
40 4 9
40 5 8
40 8 12
40 10 12
40 11 13
40 11 15
40 12 16
40 12 18
40 13 17
40 13 18
40 14 19
41 2 2
41 3 3
41 4 4
41 4 5
41 6 8
41 11 20
41 14 22
41 15 21
41 15 22
41 16 22
41 17 23
42 9 16
42 12 20
42 13 21
42 17 24
42 18 52
42 18 53
42 19 27
42 20 26
42 21 27
42 22 3
42 22 28
42 23 29
42 28 32
42 29 40
42 30 40
42 36 49
42 41 54
43 2 2
43 3 3
43 4 4
43 5 3
43 5 4
43 7 6
43 8 7
43 10 8
43 11 9
43 13 11
43 14 10
43 14 12
43 17 17
43 18 16
43 19 18
43 20 19
43 21 20
43 22 21
43 23 22
43 24 23
43 25 24
43 26 25
43 27 26
43 28 27
43 29 28
43 30 29
44 2 4
44 3 4
44 4 4
44 5 3
44 5 4
44 5 5
44 5 6
44 6 7
44 7 8
44 8 9
44 11 14
44 12 13
44 16 16
44 17 15
44 17 16
44 18 17
45 9 9
45 9 10
45 10 8
45 10 10
45 11 11
45 12 10
45 19 2
45 20 2
45 21 2
45 22 17
46 3 4
46 7 12
46 8 12
46 9 5
46 9 6
46 9 9
46 9 10
46 9 11
46 9 12
46 9 13
46 10 7
46 10 8
46 10 12
47 2 2
47 3 3
47 5 4
47 6 5
47 7 6
47 7 7
47 9 8
47 11 9
47 11 10
47 12 11
47 13 12
48 2 2
48 3 3
48 6 9
48 7 8
48 9 9
48 10 10
48 11 11
48 12 12
48 16 16
48 24 23
48 25 22
48 26 21
48 26 24
48 27 25
48 30 27
48 32 33
48 33 33
48 37 38
48 38 37
48 38 38
48 39 39
49 13 4
49 18 22
49 19 21
49 19 23
49 20 24
49 21 14
49 22 26
49 22 27
49 23 27
49 24 28
49 24 29
49 25 29
49 26 30
50 4 4
50 4 5
50 5 5
50 5 6
50 6 7
50 7 8
50 8 8
50 9 10
50 10 9
50 11 10
50 11 11
50 12 9
50 12 12
50 13 9
50 15 15
50 16 16
50 17 18
50 18 17
50 19 19
50 20 14
50 21 21
50 22 22
50 27 26
50 28 24
50 28 25
50 29 26
50 31 27
51 2 5
51 3 5
51 3 6
51 3 7
51 4 6
51 5 7
51 6 17
51 14 20
52 2 2
52 3 3
52 4 3
52 6 4
52 8 5
52 9 12
52 10 13
52 10 14
52 11 14
52 12 15
52 13 16
52 14 17
52 18 20
52 19 23
52 19 24
52 20 23
52 23 29
52 24 28
52 25 7
52 25 31
52 26 32
52 27 33
52 27 34
52 27 36
52 28 35
52 29 30
52 30 37
53 4 5
53 5 6
53 6 7
53 10 8
53 13 16
53 14 15
53 14 17
53 15 18
53 16 19
53 17 20
53 17 21
54 4 18
54 5 18
54 6 18
54 7 17
54 7 18
54 8 15
54 12 12
54 13 13
54 17 16
54 18 18
54 19 19
55 4 7
55 4 8
55 5 7
55 6 7
55 7 7
55 9 16
55 10 15
55 11 13
55 11 14
55 12 17
56 2 2
56 2 3
56 3 3
56 4 3
56 5 4
57 2 4
57 7 7
57 8 6
57 16 18
57 17 19
57 19 36
57 20 36
57 23 27
57 24 26
57 25 25
57 29 29
57 30 30
57 31 31
57 32 32
57 35 14
57 36 14
57 37 14
57 40 39
57 41 42
57 41 44
57 42 41
57 42 43
57 43 43
58 2 2
58 3 3
58 6 5
58 7 7
58 8 6
58 14 11
58 16 15
58 17 16
58 18 17
58 20 18
58 21 18
58 22 21
58 23 22
58 24 23
58 25 24
58 26 25
58 27 26
58 31 33
58 32 32
58 33 33
58 34 34
58 35 35
58 36 37
58 37 36
58 37 37
58 38 38
59 2 5
59 3 6
59 4 7
59 4 8
59 5 8
59 6 7
59 7 8
59 8 9
59 9 10
59 10 11
60 5 6
60 7 2
60 8 7
60 9 8
60 10 12
60 11 9
60 14 17
60 15 16
60 17 18
60 17 19
60 18 20
60 19 21
60 20 23
60 21 25
60 22 25
60 22 26
60 22 27
60 23 27
60 23 29
60 23 30
60 23 31
60 24 27
60 24 28
60 25 32
61 3 4
61 8 9
61 9 7
61 9 8
61 9 9
61 10 10
61 11 11
61 11 12
61 11 13
61 12 19
61 13 18
61 13 19
61 14 17
61 15 20
62 2 5
62 10 44
62 10 45
62 11 12
62 12 11
62 13 12
62 13 14
62 14 13
62 15 16
62 17 17
62 18 18
62 21 21
62 22 22
62 23 24
62 25 25
62 26 26
62 27 27
62 28 28
62 28 29
62 31 30
62 34 32
62 36 34
62 37 35
62 38 37
62 39 36
62 45 41
62 46 42
62 47 46
63 4 4
63 4 5
63 4 6
63 4 7
63 4 8
63 4 9
63 5 9
63 5 10
63 7 11
63 7 12
63 7 13
63 9 14
64 2 3
64 9 6
64 14 12
64 14 13
64 15 10
64 19 21
64 20 17
64 27 27
64 28 28
65 2 2
65 2 4
65 3 3
65 5 12
65 6 13
65 9 21
65 12 9
65 13 2
65 14 10
65 17 17
65 18 18
65 19 19
65 21 22
65 22 23
65 23 24
65 24 25
65 29 28
65 29 29
65 30 30
65 31 31
66 4 5
66 5 5
66 5 6
66 5 27
66 6 7
66 6 26
66 7 8
66 11 15
66 12 14
66 19 23
66 23 29
66 24 3
66 24 30
66 27 12
66 33 36
66 34 37
67 3 3
67 4 4
67 5 5
67 6 6
67 7 9
67 8 7
67 9 11
67 10 10
67 11 11
67 12 13
67 13 12
67 14 13
67 15 14
68 4 4
68 5 4
68 6 3
68 7 7
68 8 4
68 9 4
68 10 4
68 10 8
68 11 9
68 12 10
68 13 11
68 14 12
68 18 16
68 19 17
68 21 41
68 22 42
68 33 4
68 34 5
68 44 33
68 56 43
68 57 42
68 58 44
69 5 5
69 8 11
69 9 11
69 10 10
69 11 13
69 12 12
69 13 13
69 17 17
69 19 24
69 20 25
69 24 31
69 25 30
69 26 31
69 27 32
70 2 6
70 3 4
70 4 3
70 6 8
70 7 7
70 8 9
70 8 10
70 9 9
70 10 11
70 11 12
70 12 14
70 13 13
70 14 15
70 15 16
70 16 17
70 17 18
70 20 20
70 21 24
70 21 25
70 22 26
70 24 29
70 24 31
70 25 30
70 27 27
70 27 28
70 28 32
70 28 33
70 29 34
70 30 35
70 31 36
70 32 37
70 33 38
71 3 4
71 4 4
71 5 4
71 6 3
71 6 4
71 6 5
71 6 6
71 6 7
71 7 7
71 8 7
71 9 7
71 15 9
71 16 10
71 17 11
72 3 7
72 4 6
72 6 11
72 7 10
72 14 26
72 19 26
72 20 25
72 21 24
72 26 34
72 34 47
72 35 44
72 36 45
72 37 46
72 39 49
72 40 42
72 40 50
72 43 52
72 45 54
72 55 62
72 55 64
72 56 63
72 59 65
72 60 66
72 61 67
72 62 69
72 63 68
72 64 70
73 2 3
73 5 5
73 7 7
73 8 9
73 11 11
73 15 20
73 23 22
73 24 21
73 27 25
73 28 24
73 31 28
73 32 29
73 34 31
73 35 32
73 37 18
73 40 36
73 50 48
73 62 66
73 63 65
73 67 70
73 68 71
73 68 73
73 74 79
74 2 2
74 2 3
74 3 3
74 5 4
74 6 7
74 7 7
74 8 7
74 8 8
74 10 10
74 10 12
74 11 11
74 11 12
74 12 13
74 13 13
74 14 14
74 15 16
74 16 15
74 17 17
74 18 19
74 19 18
74 20 20
74 21 23
74 22 21
74 22 22
74 23 24
75 6 32
75 11 17
75 20 30
75 25 35
75 26 36
75 27 37
75 28 38
75 29 37
75 29 39
75 30 37
75 31 37
75 34 44
75 35 43
75 36 45
76 2 6
76 3 6
76 4 6
76 5 6
76 6 6
76 7 5
76 8 4
76 9 5
76 10 6
76 11 6
76 12 6
76 13 7
77 2 5
77 3 6
77 5 8
77 6 11
77 7 12
77 8 13
77 9 14
77 10 15
77 14 40
77 15 19
77 16 19
77 17 19
77 18 17
77 18 18
77 18 19
77 19 16
77 19 19
77 21 28
77 25 36
77 33 45
78 2 8
78 3 8
78 4 8
78 5 8
78 6 6
78 6 8
78 7 4
78 7 5
78 7 7
78 7 8
78 8 8
78 9 9
79 5 6
79 6 7
79 7 8
79 9 19
79 10 9
79 17 14
79 28 17
79 34 24
79 34 25
79 40 10
79 41 32
79 41 33
79 42 34
80 2 2
80 3 3
80 4 4
80 5 5
80 7 6
80 10 30
80 15 13
80 16 14
80 17 5
80 20 21
80 21 21
80 22 25
80 29 29
80 31 31
80 32 31
80 32 32
80 33 33
80 34 35
80 35 34
80 36 36
81 2 4
81 7 15
81 8 15
81 9 15
81 13 12
81 14 9
81 14 11
81 15 10
81 16 14
81 16 15
81 17 15
81 18 16
82 5 3
82 6 4
82 7 9
82 8 5
82 8 6
82 8 7
82 8 8
82 8 9
82 9 9
82 10 9
82 11 10
83 3 21
83 4 22
83 5 6
83 6 7
83 9 3
83 22 31
83 23 35
83 24 34
83 25 36
84 2 18
84 3 19
84 6 3
84 7 2
84 10 31
84 13 35
84 14 14
84 15 14
84 16 10
84 17 15
84 19 7
84 23 36
84 24 37
84 24 38
84 36 42
84 37 43
84 42 44
85 2 3
85 2 5
85 3 4
85 4 2
85 8 10
85 11 13
85 12 14
85 13 15
85 13 16
85 14 17
85 18 24
85 19 25
86 2 33
86 3 33
86 11 19
86 12 18
86 12 19
86 13 61
86 19 29
86 20 30
86 21 31
86 22 32
86 24 34
86 28 39
86 29 40
86 30 41
86 33 47
86 34 48
86 34 49
86 35 50
86 36 50
86 39 52
86 42 54
86 52 44
86 53 42
87 3 3
87 4 2
87 10 5
87 15 11
87 19 18
87 20 18
87 21 19
87 22 20
87 23 22
87 24 21
87 25 23
88 3 16
88 4 5
88 5 4
88 7 10
88 8 9
88 8 11
88 9 12
88 10 15
88 11 14
88 12 13
88 16 19
88 17 19
88 17 20
88 17 22
88 18 23
89 15 19
89 16 20
89 31 30
89 33 37
89 34 37
89 35 38
90 2 2
90 3 4
90 4 3
90 5 5
90 6 6
90 7 8
90 8 7
90 9 9
90 10 9
90 11 10
90 12 10
90 13 12
90 14 11
90 14 15
90 15 14
90 16 13
90 16 14
90 17 16
91 2 2
91 3 13
91 4 4
91 5 5
91 7 8
91 12 16
91 21 23
91 22 24
91 27 9
91 36 28
91 37 29
91 38 30
91 41 33
91 42 35
91 45 38
91 46 39
91 47 40
92 5 9
92 9 18
92 10 17
92 11 19
92 11 23
92 12 20
92 17 26
92 18 27
92 19 29
92 20 29
92 21 29
92 22 29
92 23 28
92 23 29
92 24 15
92 25 6
92 26 30
93 3 5
93 4 5
93 5 4
93 5 5
93 5 6
93 5 7
93 12 15
93 13 14
93 13 15
93 14 16
94 11 6
94 20 14
94 21 15
94 22 15
94 22 16
94 23 15
94 24 15
94 25 30
94 25 31
94 28 11
94 31 22
94 31 23
94 32 24
94 36 32
94 37 33
94 39 35
94 43 37
94 43 38
94 44 39
94 45 40
94 45 41
95 2 5
95 3 4
95 4 3
95 5 4
95 6 6
95 7 7
95 8 9
95 8 10
95 9 8
95 10 11
95 11 11
95 11 12
95 12 14
95 12 15
95 13 13
95 14 16
96 3 5
96 4 6
96 5 7
96 6 4
96 6 7
96 7 3
96 8 8
96 9 10
96 12 11
96 13 12
96 16 18
96 17 19
97 4 5
97 5 6
97 7 4
97 11 10
97 16 19
97 17 18
97 18 21
97 18 22
97 19 18
97 19 20
97 19 22
97 20 23
98 4 2
98 4 4
98 5 3
98 5 5
98 6 6
98 7 7
98 9 8
98 10 9
98 10 10
98 11 11
98 12 13
98 13 12
98 14 14
99 7 3
99 9 30
99 10 5
99 11 5
99 13 11
99 14 12
99 15 13
99 16 10
99 17 20
99 18 19
99 18 34
99 21 21
99 22 18
99 22 22
99 23 23
99 25 13
99 27 24
99 28 26
99 29 25
99 32 30
99 33 29
99 34 35
100 3 7
100 4 12
100 5 13
100 6 14
100 8 14
100 8 15
100 9 14
100 10 16
100 11 17
100 12 18
100 14 8
100 15 9
100 19 20
101 2 5
101 3 8
101 4 8
101 5 6
101 5 7
101 6 8
101 7 7
101 7 8
101 7 10
101 8 7
101 8 9
101 11 11
101 12 11
101 12 12
101 13 14
101 14 13
101 15 15
102 7 9
102 8 9
102 9 9
102 10 10
102 11 10
102 12 10
102 13 11
102 14 10
102 19 23
102 20 22
102 22 18
102 23 19
102 24 19
102 26 24
102 27 25
102 28 27
102 30 29
102 31 28
102 31 30
102 32 31
103 2 5
103 3 6
103 6 8
103 7 8
103 8 9
103 8 10
103 8 11
103 9 11
103 11 13
103 15 21
103 15 22
103 16 18
103 16 19
103 18 23
103 19 24
103 20 25
103 21 27
103 22 26
103 23 28
103 25 31
103 26 32
104 2 2
104 3 3
104 4 4
104 13 16
104 17 50
104 18 42
104 19 22
104 19 23
104 20 21
104 23 20
104 23 21
104 24 33
104 28 29
104 31 34
104 32 35
104 36 38
104 36 41
104 37 39
104 37 40
104 44 56
104 45 56
104 46 55
104 47 57
105 2 6
105 7 11
105 7 12
105 8 9
105 9 8
105 10 13
105 11 14
105 12 15
105 14 17
105 15 18
105 16 19
105 16 20
105 18 24
105 19 22
105 23 31
105 24 30
105 27 34
105 27 35
105 28 36
105 29 37
106 2 2
106 3 5
106 7 8
106 8 9
106 9 10
106 10 11
107 2 3
107 3 4
107 4 5
107 5 6
107 6 7
107 7 8
107 7 10
107 8 9
107 9 10
107 10 14
107 11 12
107 12 11
107 13 16
107 14 15
107 19 22
107 20 22
107 21 21
107 24 25
107 25 27
107 26 26
107 27 28
107 28 29
107 29 30
107 30 31
107 31 32
107 32 33
108 2 2
108 5 6
108 6 5
108 10 11
108 11 11
108 12 10
108 13 8
108 13 9
108 13 11
108 14 12
108 15 13
108 16 14
108 17 15
108 17 17
108 18 16
108 19 17
108 20 18
109 5 25
109 6 26
109 6 27
109 7 30
109 11 7
109 18 15
109 19 6
109 20 7
109 21 51
109 22 19
109 23 20
109 23 54
109 25 24
109 26 24
109 27 23
109 29 38
109 31 39
109 32 35
109 33 36
109 40 48
109 41 42
109 41 43
109 42 41
109 42 43
109 43 44
109 44 45
109 44 47
109 45 46
109 46 52
109 47 53
109 53 55
110 2 3
110 3 3
110 4 4
110 5 5
110 6 6
110 7 7
110 16 11
110 20 12
110 21 22
110 22 28
110 27 33
110 28 32
110 28 34
110 29 35
110 30 35
111 8 7
111 8 9
111 9 8
111 10 9
111 13 11
111 14 10
111 15 12
112 15 8
112 16 25
112 17 26
112 19 28
112 21 30
112 23 9
112 29 8
112 30 7
112 31 31
113 3 2
113 4 3
113 5 4
113 6 5
113 7 6
113 8 7
113 9 8
113 10 9
113 11 12
113 12 11
113 12 12
113 13 12
113 13 13
113 15 10
113 18 17
113 19 17
113 20 16
113 21 18
113 22 19
113 30 24
113 30 25
113 31 26
113 32 27
114 2 4
114 3 4
114 3 5
114 4 6
114 5 7
114 6 7
114 6 8
114 7 9
114 10 13
114 11 14
114 11 15
114 12 17
114 13 16
114 13 17
114 13 19
114 14 18
114 14 19
114 15 21
114 16 20
114 16 21
114 17 22
115 2 3
115 3 4
115 4 5
115 6 5
115 13 11
115 14 10
115 16 12
115 20 13
115 21 14
115 25 20
115 26 21
115 27 22
115 29 24
115 30 23
115 30 24
115 31 25
115 32 26
116 4 6
116 5 6
116 6 5
116 6 6
116 7 6
116 8 7
116 9 8
116 13 13
116 14 14
116 16 15
116 17 16
116 26 30
116 27 30
116 28 31
116 29 32
116 30 30
116 31 33
117 12 6
117 17 9
117 18 10
117 28 18
117 30 20
117 35 30
117 36 31
117 44 31
117 45 43
117 46 42
117 49 7
117 61 36
117 62 56
118 3 3
118 5 10
118 7 10
118 8 9
118 9 8
118 16 12
118 16 13
118 17 17
118 18 17
118 18 18
118 19 19
118 20 20
118 21 21
118 22 22
119 7 8
119 8 7
119 10 8
119 10 9
119 10 10
119 12 11
119 13 12
119 14 11
119 15 14
119 15 15
119 16 14
119 17 14
119 18 16
119 19 17
119 20 19
119 21 18
119 21 19
119 22 20
120 2 6
120 7 8
120 8 9
120 9 10
120 10 11
120 11 12
120 12 12
120 13 13
120 14 14
120 15 16
120 17 8
120 22 35
120 25 25
120 26 26
120 27 27
120 28 29
120 29 28
120 30 30
120 31 31
120 33 34
120 34 33
120 36 36
120 46 45
120 47 46
121 4 39
121 5 40
121 14 17
121 16 20
121 19 22
121 20 23
121 22 24
121 23 25
121 24 46
121 28 32
121 29 31
121 30 33
121 31 34
121 36 40
121 37 41
121 40 47
121 41 46
121 43 48
122 3 2
122 4 3
122 5 4
122 6 42
122 8 49
122 12 40
122 13 9
122 18 12
122 19 11
122 19 13
122 22 48
122 25 17
122 25 18
122 25 19
122 29 21
122 30 22
122 32 35
122 36 25
122 36 26
122 37 27
122 39 30
122 40 28
122 40 29
122 44 38
122 45 39
122 46 40
122 47 41
122 59 47
122 60 56
122 61 55
122 62 57
123 2 4
123 3 2
123 3 3
123 4 5
123 5 6
123 6 7
123 7 8
123 11 12
123 12 13
123 13 14
123 14 15
123 14 16
123 14 17
123 15 18
123 17 20
123 19 19
123 20 23
123 22 22
123 23 23
123 24 24
123 25 12
123 29 30
123 30 29
123 30 30
123 31 31
124 5 32
124 6 33
124 7 9
124 11 12
124 12 11
124 12 13
124 13 14
124 13 17
124 14 13
124 24 25
124 32 36
124 33 35
124 33 36
124 34 38
124 34 39
124 35 33
124 35 39
124 36 40
125 4 4
125 5 5
125 11 26
125 12 25
125 13 24
125 17 15
125 18 16
125 19 17
125 20 19
125 21 11
125 22 12
125 25 28
125 25 29
125 28 34
125 32 39
125 33 40
125 33 42
125 34 41
125 35 54
125 38 46
125 39 47
125 43 53
125 44 52
125 48 58
126 2 3
126 3 4
126 4 4
126 4 5
126 5 12
126 8 6
126 9 7
126 10 8
126 10 9
126 11 10
126 17 20
126 19 21
127 2 2
127 6 5
127 7 5
127 8 6
127 10 7
127 11 8
127 12 12
127 13 9
127 15 13
127 15 14
127 16 14
127 16 15
127 19 19
127 20 20
127 22 22
127 23 26
127 24 25
127 25 23
127 26 48
127 31 30
127 32 34
127 36 39
127 37 39
127 45 55
127 46 54
127 47 55
127 47 56
127 49 58
127 51 60
127 52 61
127 53 62
127 54 63
127 57 66
127 58 67
127 59 68
127 60 69
128 6 5
128 7 4
128 10 7
128 11 8
128 16 14
128 19 15
128 21 18
128 24 19
128 24 20
128 25 21
128 26 22
128 28 27
128 39 37
128 40 24
128 40 38
128 41 41
128 42 42
128 43 45
128 44 44
128 45 46
129 6 12
129 12 16
129 13 15
129 14 17
129 16 27
129 21 26
129 22 24
129 23 28
129 30 36
129 31 37
129 39 47
129 40 47
129 41 46
129 42 47
129 43 48
130 2 5
130 3 4
130 7 2
130 8 2
130 14 13
130 15 14
130 16 14
130 17 15
130 18 16
130 19 17
130 20 18
131 2 2
131 3 3
131 4 4
131 5 6
131 5 7
131 6 5
131 6 6
131 7 8
131 8 9
132 4 6
132 9 10
132 10 8
132 10 9
132 14 7
132 14 15
132 15 16
132 16 17
132 17 18
132 18 19
132 19 20
133 14 13
133 27 30
133 28 31
133 31 32
133 32 32
133 33 33
133 34 33
133 37 35
133 38 40
134 7 7
134 10 11
134 11 12
134 11 15
134 12 14
134 13 13
134 14 3
134 15 2
134 15 3
134 15 4
134 15 17
134 15 18
134 16 19
134 17 20
134 17 21
134 18 21
134 18 22
134 19 23
134 20 24
134 21 25
135 6 4
135 15 15
135 19 18
135 19 20
135 20 19
135 22 17
135 29 28
135 30 29
135 35 38
135 36 44
135 37 43
135 37 45
135 38 42
136 6 2
136 7 6
136 8 7
136 9 8
136 12 16
136 13 16
136 14 13
136 14 16
136 15 12
136 15 14
136 15 15
136 15 16
136 16 16
136 17 17
137 6 13
137 9 8
137 10 7
137 11 7
137 15 10
137 18 14
137 19 15
137 20 9
137 21 21
137 22 20
137 23 23
137 24 22
137 25 41
137 37 30
137 47 32
137 48 34
137 49 35
137 51 37
137 52 38
137 52 49
138 3 4
138 4 4
138 4 5
138 7 8
138 10 24
138 16 18
138 16 19
138 17 2
138 17 20
138 18 3
138 22 14
138 25 31
138 33 35
138 34 36
138 35 37
138 36 38
138 37 39
138 38 40
138 39 41
138 40 42
139 2 5
139 3 3
139 3 4
139 13 16
139 15 21
139 15 23
139 16 22
139 17 19
139 18 24
140 3 3
140 3 4
140 4 5
140 4 7
140 5 6
140 5 8
140 6 8
140 7 9
141 6 3
141 10 5
141 11 4
141 12 3
141 13 3
141 14 3
141 15 2
141 16 3
141 17 13
141 18 20
141 22 21
142 4 3
142 11 21
142 12 23
142 13 22
142 14 5
142 16 11
142 21 27
142 22 31
143 9 7
143 9 12
143 10 11
143 12 9
143 14 10
143 16 15
143 17 14
143 23 15
143 24 8
143 24 22
143 25 23
143 26 23
143 40 34
144 3 2
144 4 3
144 10 8
144 11 8
144 12 9
144 13 10
144 14 11
144 15 12
144 16 15
144 17 13
144 21 19
144 22 20
144 23 21
144 32 28
144 34 42
144 34 43
144 38 33
144 39 32
144 39 34
144 46 40
144 51 49
144 55 57
144 81 77
144 82 78
144 90 84
145 4 5
145 5 4
145 5 5
145 6 5
145 6 6
145 7 5
145 7 7
145 8 5
145 8 9
145 9 10
145 10 11
145 12 14
145 17 17
145 18 20
145 19 19
145 20 21
145 21 21
145 22 21
145 23 21
145 24 22
145 27 26
145 28 30
146 3 4
146 3 5
146 4 28
146 6 9
146 7 7
146 7 8
146 8 6
146 17 16
146 18 17
146 21 39
146 22 39
146 23 39
146 24 39
146 26 22
146 28 27
146 30 6
146 31 33
146 35 30
146 43 32
146 44 40
147 3 2
147 4 3
147 5 5
147 6 4
147 6 5
147 7 7
147 8 6
147 9 8
147 10 8
147 11 8
147 20 22
147 21 23
147 22 23
147 23 23
147 25 24
148 11 11
148 11 12
148 12 10
148 17 15
148 20 19
148 21 20
148 24 21
148 34 32
148 35 33
149 2 2
149 3 3
149 4 5
149 5 4
149 6 3
149 7 5
149 8 6
149 9 9
149 10 8
149 10 10
149 10 11
149 11 12
150 9 10
150 10 10
150 11 10
150 12 13
150 13 11
150 13 12
150 14 14
150 15 15
150 16 19
150 17 18
150 18 17
150 19 15
150 20 16
150 23 21
150 31 33
150 32 37
150 33 34
150 33 35
150 34 38
151 10 10
151 11 9
151 12 9
151 13 10
151 14 10
151 15 10
151 15 13
151 16 14
151 27 17
152 6 10
152 7 11
152 8 12
152 8 13
152 10 14
152 12 16
152 13 11
152 19 26
152 21 20
152 22 21
152 23 22
152 25 23
152 25 24
152 36 31
152 37 33
152 38 34
152 39 41
152 40 40
152 41 41
152 42 39
152 45 36
152 50 41
152 51 42
153 2 2
153 3 3
153 4 16
153 7 7
153 8 8
153 9 9
153 10 10
153 11 10
153 12 12
153 12 30
153 13 11
153 14 13
153 15 12
153 21 20
153 22 19
153 23 21
153 24 25
153 25 26
153 26 23
153 27 24
153 27 27
153 28 28
153 34 36
153 35 35
153 36 37
154 13 22
154 19 27
154 20 28
155 2 9
155 12 16
155 16 17
155 17 17
155 18 17
155 21 27
155 22 28
155 23 29
155 24 30
155 24 31
155 25 31
155 26 31
155 27 32
156 3 6
156 4 7
156 5 10
156 6 9
156 7 11
156 8 10
156 15 19
156 16 20
156 21 26
156 23 27
156 27 33
156 28 34
156 30 35
156 34 32
156 34 45
156 35 46
156 36 38
156 37 37
156 37 40
156 38 41
156 40 47
157 3 2
157 4 3
157 5 4
157 6 5
157 7 7
157 8 6
157 8 7
157 9 8
157 10 9
158 2 3
158 3 2
158 3 3
158 6 7
158 7 8
158 8 9
158 9 10
158 10 11
158 16 14
158 17 15
158 20 27
158 21 28
158 29 33
158 30 54
158 31 34
158 35 37
158 35 38
158 36 36
158 38 41
158 43 27
158 47 50
158 48 51
158 50 56
158 51 57
159 2 2
159 3 3
159 10 5
159 14 14
159 15 15
159 16 18
159 17 17
159 18 16
159 19 19
159 20 7
159 21 7
159 22 8
159 29 29
159 30 30
159 33 7
159 34 7
159 35 7
159 37 34
159 41 38
159 41 46
159 42 37
159 52 45
159 58 48
160 4 9
160 6 10
160 7 11
160 9 13
160 10 14
160 10 15
160 12 19
160 13 18
160 15 23
160 16 24
160 17 25
160 18 24
160 19 24
160 20 27
160 21 28
160 22 33
160 23 30
160 23 33
160 24 31
160 24 32
160 26 16
160 26 35
160 27 36
160 28 38
160 30 40
160 31 41
160 34 43
160 35 44
160 37 47
160 38 46
160 39 48
161 11 7
161 12 7
161 12 8
161 13 9
161 14 11
161 15 12
161 16 12
161 17 13
161 17 16
161 18 15
161 19 14
161 21 18
161 22 17
161 23 19
161 24 22
161 25 20
161 26 28
161 27 28
161 28 29
162 3 8
162 6 9
162 7 10
162 8 10
162 9 11
162 9 12
162 12 14
162 13 15
162 15 54
162 15 55
162 17 20
162 18 21
162 19 22
162 20 23
162 22 25
162 25 27
162 35 43
162 36 44
162 37 47
162 38 41
162 41 51
162 42 52
162 44 50
162 50 38
162 51 39
163 4 2
163 6 4
163 7 5
163 10 7
163 11 8
164 6 7
164 6 9
164 7 8
164 8 9
164 9 9
164 10 10
164 11 11
164 11 13
164 12 12
164 13 14
164 14 14
164 15 15
165 11 6
165 12 4
165 12 5
165 13 7
165 19 14
165 20 13
165 20 15
165 20 22
165 21 22
165 22 18
165 23 19
165 29 29
166 2 4
166 5 6
166 6 7
166 7 8
166 8 5
166 9 4
166 10 11
166 10 12
166 11 13
166 17 17
166 17 18
166 17 19
166 18 20
167 4 3
167 5 4
167 9 8
167 10 9
167 11 11
167 12 10
167 15 3
167 16 2
167 17 3
167 18 16
167 26 25
167 27 23
167 27 24
167 27 26
167 28 27
168 3 5
168 4 4
168 5 3
168 5 5
168 6 7
168 7 7
168 8 7
168 8 8
168 9 6
168 10 17
168 10 18
168 11 18
168 12 18
168 13 18
168 15 18
168 16 18
168 17 19
169 5 18
169 6 7
169 7 6
169 10 11
169 13 14
169 14 15
169 15 15
169 19 19
169 20 19
169 21 20
170 5 5
170 6 6
170 13 33
170 17 20
170 18 17
170 22 37
170 23 26
170 24 27
170 26 43
170 27 29
170 29 44
170 44 45
170 45 44
170 47 48
170 48 40
170 50 50
170 51 51
171 2 14
171 3 14
171 4 14
171 5 13
171 5 14
171 6 14
171 8 14
171 9 15
172 2 5
172 3 2
172 5 6
172 6 6
172 8 11
172 9 11
172 10 11
172 11 12
173 5 11
173 6 11
173 11 16
173 12 17
173 13 18
173 14 13
173 15 12
173 16 19
173 17 20
173 18 22
173 19 21
173 19 22
173 20 23
174 5 2
174 6 7
174 7 5
174 8 6
174 11 10
174 18 16
174 19 17
174 23 30
174 24 28
174 24 29
174 24 31
174 25 32
174 26 33
175 7 5
175 8 6
175 9 7
175 12 10
175 12 11
175 13 11
175 14 11
175 18 16
176 4 4
176 4 5
176 5 6
176 6 7
176 8 9
176 9 10
176 10 11
176 11 12
176 12 13
176 13 14
176 14 15
176 15 16
176 16 17
176 17 18
176 18 19
177 2 3
177 3 2
177 6 19
177 9 9
177 10 9
177 10 10
177 12 12
177 13 13
177 14 14
177 15 15
177 16 16
177 17 17
177 18 18
177 19 19
177 20 20
177 21 21
177 22 22
177 23 23
177 24 24
177 25 25
177 27 8
177 29 29
177 30 30
177 31 31
178 4 9
178 5 8
178 6 10
178 7 7
178 7 11
178 8 8
178 8 12
178 9 17
178 10 17
178 11 16
178 20 25
178 21 6
178 21 26
178 22 27
178 23 28
178 24 33
179 2 2
179 2 3
179 3 2
179 6 7
179 7 5
179 9 10
179 9 11
179 10 12
179 11 12
179 11 13
179 12 13
179 13 13
179 15 18
179 16 17
179 17 19
179 18 20
179 23 25
179 26 28
180 2 2
180 8 6
180 8 7
180 9 8
180 11 40
180 12 13
180 13 14
180 14 15
180 15 17
180 18 27
180 19 28
180 23 18
180 32 38
180 33 39
180 38 45
180 39 46
181 4 8
181 5 9
181 6 9
181 7 9
181 8 9
181 9 2
181 9 3
181 10 10
182 2 2
182 3 3
182 4 4
182 5 4
182 6 5
182 10 11
182 11 11
182 12 11
182 13 10
182 14 14
182 15 14
182 16 13
182 17 17
182 18 15
182 18 16
182 18 17
182 19 12
182 20 18
183 2 2
183 3 5
183 4 6
183 5 7
183 6 7
183 7 8
183 8 9
183 9 12
183 10 11
183 11 12
183 12 10
183 13 14
183 14 13
183 15 15
183 16 18
183 17 19
183 18 16
183 18 20
183 19 17
183 23 24
183 24 23
183 25 24
183 26 25
184 2 2
184 3 3
184 4 4
184 5 5
184 6 6
184 7 7
184 11 42
184 12 12
184 13 11
184 14 15
184 15 16
184 16 17
184 17 17
184 21 19
184 21 23
184 22 20
184 29 32
184 30 33
184 31 31
184 32 30
184 34 24
184 34 37
184 35 25
184 36 26
184 36 36
184 37 35
184 43 15
184 44 15
184 50 52
184 51 53
184 52 55
184 54 61
184 55 62
185 2 2
185 3 3
185 7 12
185 8 9
185 8 10
185 9 11
185 10 13
185 11 5
185 11 6
185 11 13
185 11 14
185 12 4
185 12 15
185 13 14
185 13 16
185 14 17
185 15 18
185 16 19
185 17 20
185 18 21
186 8 9
186 9 8
186 9 11
186 10 11
186 11 10
186 11 12
186 12 11
186 14 16
186 15 15
186 16 17
187 2 5
187 3 6
187 4 7
187 5 8
187 6 7
187 6 9
187 7 11
187 8 12
187 9 13
187 10 13
187 12 14
187 13 15
187 13 16
187 14 18
187 15 17
187 16 18
187 16 19
187 17 20
187 18 20
187 18 21
187 19 24
187 20 11
187 20 23
187 20 24
187 21 25
188 3 2
188 4 3
188 5 4
188 5 5
188 6 6
188 7 7
188 8 7
188 9 9
188 12 12
188 13 16
188 14 15
188 15 14
188 16 19
188 17 19
188 18 20
188 19 22
188 20 21
188 21 23
188 22 24
188 23 25
188 24 26
189 2 2
189 3 3
189 4 4
189 18 17
189 19 17
189 22 19
189 22 20
189 23 20
189 25 41
189 27 26
189 27 47
189 28 25
189 28 27
189 28 29
189 29 28
189 31 21
189 37 37
189 38 36
189 45 46
189 46 45
189 50 52
189 54 56
189 55 57
189 61 67
189 64 68
189 65 69
189 65 70
189 66 71
190 2 3
190 4 6
190 5 5
190 6 5
190 6 9
190 7 10
190 8 11
190 9 14
190 10 14
190 11 13
190 11 14
190 12 12
190 12 14
190 13 15
191 4 4
191 5 5
191 6 6
191 7 6
191 8 8
191 9 9
191 10 10
191 11 11
191 12 12
191 12 18
191 13 29
191 14 15
191 15 17
191 16 13
191 17 13
191 22 11
191 23 11
191 24 19
191 24 27
191 25 26
191 25 28
191 26 25
191 26 26
191 27 32
191 28 31
191 30 33
191 33 37
191 34 38
191 35 39
191 36 40
191 37 41
191 38 42
192 2 2
192 3 3
192 4 5
192 5 4
192 6 6
192 7 7
192 8 9
192 9 8
192 10 10
192 11 11
192 12 12
193 2 2
193 6 7
193 7 8
193 8 10
193 9 11
193 10 12
193 11 12
193 12 13
194 2 7
194 3 8
194 6 10
194 6 11
194 8 4
194 10 26
194 11 13
194 12 14
194 13 16
194 14 15
194 16 7
194 20 22
194 28 37
194 29 36
194 30 37
194 31 38
194 33 33
194 34 39
195 2 2
195 3 3
195 4 3
195 4 4
195 8 9
195 9 10
195 10 11
195 12 13
195 13 14
195 14 15
195 15 16
195 16 17
196 2 2
196 3 3
196 4 4
196 4 5
196 6 7
196 7 8
196 8 8
196 9 9
197 2 2
197 2 6
197 3 7
197 4 7
197 5 7
197 6 8
198 2 2
198 4 8
198 5 9
198 7 5
198 8 10
198 9 11
198 10 15
198 11 13
198 12 14
198 13 15
198 15 17
198 16 18
198 23 45
198 25 31
198 26 32
198 29 38
198 33 40
198 43 50
198 46 46
198 46 47
198 47 55
199 2 3
199 3 5
199 6 10
199 7 9
199 8 7
199 8 8
199 8 9
199 8 10
199 9 11
199 10 13
199 11 14
199 12 15
199 13 16
199 14 17
199 17 22
199 18 23
199 19 24
199 20 24
199 21 25
199 22 27
199 23 26
199 24 28
200 6 45
200 8 6
200 10 7
200 11 8
200 12 7
200 14 15
200 17 17
200 29 46
200 31 29
200 32 25
200 33 26
200 34 34
200 36 27
200 42 32
200 43 48
200 43 49
200 44 49
200 45 50
