1 1 1
1 2 2
1 5 8
1 7 3
1 10 11
1 13 19
1 14 17
1 15 20
2 2 1
2 4 3
2 5 4
2 6 5
2 7 6
2 8 7
2 9 8
2 10 9
2 13 12
2 15 14
2 16 15
3 2 17
3 4 3
3 7 6
3 11 10
3 12 16
3 21 19
3 28 25
3 32 28
3 35 30
3 36 14
3 38 29
3 39 33
3 42 37
3 43 35
3 44 38
4 5 5
4 6 6
4 9 7
4 11 19
4 12 18
4 13 12
4 16 14
4 20 15
4 21 17
4 22 24
4 28 32
4 29 33
5 1 1
5 3 3
5 4 4
5 11 8
5 14 13
5 15 11
5 17 15
5 24 21
5 25 23
6 2 4
6 8 11
6 10 16
6 11 14
6 15 19
6 16 20
7 2 1
7 8 7
7 10 10
7 11 11
8 5 9
8 9 12
8 10 13
8 12 2
8 13 14
8 14 19
8 15 20
8 18 21
9 2 4
9 3 6
9 4 7
10 1 2
10 3 3
10 4 11
10 5 8
10 6 14
10 7 13
10 9 5
10 11 9
10 12 7
10 13 10
10 14 15
10 17 19
10 18 18
10 20 21
10 31 32
10 33 34
11 1 2
11 3 1
11 4 3
11 5 4
11 8 5
12 1 12
12 2 17
12 5 8
12 7 6
12 22 19
13 1 1
13 11 2
13 19 21
13 20 9
13 21 23
13 22 24
13 26 31
13 27 30
13 28 32
14 3 23
14 4 4
14 6 6
14 7 7
14 10 10
14 11 12
14 18 19
14 19 21
14 32 36
14 43 48
14 46 50
14 48 53
14 50 55
14 52 57
14 54 59
14 57 62
14 68 71
14 69 70
14 71 73
14 74 79
14 77 82
14 80 85
15 2 1
15 5 5
15 9 10
16 2 2
16 5 5
16 6 6
16 10 14
16 11 13
16 14 17
16 18 36
16 23 24
16 24 22
16 25 23
16 26 50
16 27 48
16 31 32
16 32 30
16 36 35
16 40 42
16 44 46
17 7 6
17 8 8
17 9 7
17 10 9
17 14 11
17 16 4
17 19 15
17 21 17
17 22 18
18 3 21
18 9 2
18 19 10
18 27 20
18 29 18
18 34 26
18 40 37
18 43 40
18 56 49
18 66 59
18 71 65
18 72 64
18 74 17
18 77 74
18 78 75
19 6 4
19 11 9
19 19 15
19 20 14
19 21 16
19 34 28
19 36 30
19 37 31
20 4 5
20 5 6
20 10 10
20 11 11
20 13 13
20 16 16
20 20 8
20 22 24
20 26 28
20 30 29
21 4 3
21 6 4
21 11 8
21 18 16
21 22 19
21 27 25
21 28 24
21 31 28
21 32 29
21 37 33
21 39 35
21 40 36
22 6 12
22 7 6
22 19 15
22 24 18
23 1 1
23 4 4
23 15 17
23 18 20
23 19 2
23 20 21
23 24 27
23 25 25
23 31 36
23 34 38
23 39 42
23 40 43
24 1 5
24 2 9
24 3 8
24 4 10
24 7 14
24 8 13
24 16 35
24 17 36
24 19 38
24 20 37
24 25 30
24 26 34
24 29 39
25 4 2
25 14 12
25 15 14
25 16 13
25 20 19
25 22 20
26 12 12
26 13 11
26 18 18
26 20 27
26 23 25
26 26 28
27 1 2
27 2 3
27 3 4
27 6 8
27 12 16
27 14 18
27 19 23
27 28 32
27 30 34
27 34 21
27 44 50
27 45 69
27 46 53
27 53 61
27 55 64
27 57 67
27 61 71
27 62 72
28 5 5
28 7 7
28 9 9
28 10 10
28 11 12
28 14 14
28 16 17
28 21 29
28 22 28
28 23 30
28 24 31
28 26 23
28 27 32
29 1 1
29 4 2
29 5 6
29 11 7
29 15 11
29 16 16
29 17 15
29 27 18
30 6 6
30 13 31
30 19 21
30 24 25
30 33 40
30 35 4
30 36 36
30 37 35
30 39 12
30 49 45
30 51 50
30 58 55
30 59 56
31 6 6
31 7 4
31 8 5
31 9 9
31 10 7
31 11 16
31 15 27
31 19 1
31 21 21
31 23 10
31 25 24
31 27 14
31 32 32
31 33 34
31 34 35
31 35 37
31 39 39
31 40 41
32 9 13
32 12 17
32 14 18
33 2 4
33 3 2
33 6 9
33 8 12
34 2 2
34 7 10
34 9 11
34 15 16
34 23 15
34 27 26
34 28 30
35 1 1
35 5 4
35 6 5
35 7 7
35 8 8
36 1 6
36 3 7
36 4 8
36 5 9
36 9 13
36 12 17
36 14 3
36 17 21
36 20 23
36 22 28
36 23 30
36 28 36
37 2 5
37 3 6
37 5 8
37 8 55
37 9 12
37 12 17
37 13 16
37 14 18
37 17 68
37 20 24
37 21 27
37 22 29
37 25 33
37 26 34
37 31 38
37 32 40
37 35 44
37 42 54
37 46 99
37 61 75
37 76 62
38 4 3
38 6 5
38 8 7
38 9 8
39 3 3
39 5 5
39 6 6
39 9 9
39 15 14
40 2 5
40 4 9
40 5 8
40 8 12
40 11 13
40 14 19
41 2 2
41 6 8
41 11 20
41 16 22
41 17 23
42 9 16
42 12 20
42 17 24
42 18 53
42 20 26
42 22 3
42 28 32
42 30 40
42 36 49
42 41 54
43 5 3
43 8 7
43 10 8
43 11 9
43 13 11
43 14 12
43 17 17
43 19 18
43 20 19
43 23 22
43 24 23
43 26 25
43 27 26
43 28 27
43 29 28
43 30 29
44 5 4
44 6 7
44 8 9
44 11 14
44 17 16
44 18 17
45 11 11
45 19 2
45 22 17
46 1 1
46 3 4
46 10 12
47 1 1
47 2 2
47 3 3
47 5 4
47 6 5
47 7 7
47 9 8
47 12 11
47 13 12
48 1 1
48 2 2
48 7 8
48 9 9
48 10 10
48 12 12
48 16 16
48 24 23
48 27 25
48 30 27
48 33 33
48 38 38
48 39 39
49 13 4
49 18 22
49 21 14
49 25 29
49 26 30
50 1 2
50 5 6
50 6 7
50 8 8
50 9 10
50 10 9
50 15 15
50 17 18
50 18 17
50 19 19
50 20 14
50 21 21
50 22 22
50 27 26
50 28 25
50 31 27
51 2 5
51 6 17
51 14 20
52 2 2
52 6 4
52 8 5
52 11 14
52 12 15
52 14 17
52 18 20
52 20 23
52 24 28
52 25 7
52 27 36
52 29 30
52 30 37
53 4 5
53 10 8
53 16 19
54 7 18
54 8 15
54 12 12
54 17 16
54 19 19
55 6 7
55 9 16
55 10 15
55 11 14
55 12 17
56 1 1
56 4 3
56 5 4
57 1 3
57 2 4
57 7 7
57 16 18
57 20 36
57 25 25
57 30 30
57 32 32
57 35 14
57 40 39
57 43 43
58 1 1
58 2 2
58 6 5
58 7 7
58 8 6
58 14 11
58 16 15
58 20 18
58 22 21
58 23 22
58 24 23
58 26 25
58 32 32
58 34 34
58 36 37
58 38 38
59 2 5
59 3 6
59 4 7
59 8 9
59 9 10
59 10 11
60 5 6
60 7 2
60 8 7
60 10 12
60 11 9
60 15 16
60 17 19
60 18 20
60 19 21
60 20 23
60 22 27
60 25 32
61 1 3
61 3 4
61 8 9
61 11 11
61 13 19
61 14 17
61 15 20
62 1 4
62 2 5
62 10 44
62 14 13
62 15 16
62 17 17
62 21 21
62 22 22
62 23 24
62 26 26
62 27 27
62 31 30
62 34 32
62 36 34
62 39 36
62 46 42
62 47 46
63 4 9
63 7 13
63 9 14
64 2 3
64 9 6
64 14 12
64 15 10
64 19 21
64 20 17
64 27 27
64 28 28
65 1 1
65 3 3
65 5 12
65 6 13
65 9 21
65 12 9
65 13 2
65 14 10
65 17 17
65 18 18
65 19 19
65 22 23
65 23 24
65 24 25
65 31 31
66 5 5
66 6 26
66 7 8
66 11 15
66 12 14
66 19 23
66 23 29
66 24 3
66 27 12
66 33 36
66 34 37
67 4 4
67 5 5
67 7 9
67 8 7
67 10 10
67 13 12
67 14 13
67 15 14
68 2 1
68 6 3
68 7 7
68 8 4
68 11 9
68 13 11
68 14 12
68 18 16
68 22 42
68 34 5
68 44 33
68 56 43
68 58 44
69 1 1
69 5 5
69 10 10
69 11 13
69 12 12
69 17 17
69 20 25
69 25 30
69 26 31
69 27 32
70 1 1
70 2 6
70 3 4
70 6 8
70 7 7
70 9 9
70 10 11
70 11 12
70 12 14
70 13 13
70 15 16
70 17 18
70 20 20
70 21 25
70 25 30
70 27 28
70 31 36
70 33 38
71 6 7
71 16 10
71 17 11
72 3 7
72 7 10
72 14 26
72 20 25
72 21 24
72 26 34
72 34 47
72 35 44
72 36 45
72 37 46
72 39 49
72 40 42
72 43 52
72 45 54
72 55 62
72 56 63
72 59 65
72 62 69
72 63 68
72 64 70
73 2 3
73 5 5
73 7 7
73 8 9
73 11 11
73 15 20
73 24 21
73 27 25
73 28 24
73 31 28
73 34 31
73 37 18
73 40 36
73 50 48
73 63 65
73 67 70
73 68 73
73 74 79
74 2 2
74 5 4
74 7 7
74 12 13
74 15 16
74 16 15
74 17 17
74 18 19
74 20 20
74 21 23
74 22 21
74 23 24
75 1 1
75 6 32
75 11 17
75 20 30
75 25 35
75 26 36
75 28 38
75 30 37
75 34 44
75 35 43
75 36 45
76 8 4
76 12 6
76 13 7
77 1 4
77 2 5
77 3 6
77 5 8
77 8 13
77 9 14
77 14 40
77 19 19
77 21 28
77 25 36
77 33 45
78 7 8
78 9 9
79 7 8
79 9 19
79 10 9
79 17 14
79 28 17
79 34 25
79 40 10
79 42 34
80 1 1
80 2 2
80 7 6
80 10 30
80 16 14
80 17 5
80 21 21
80 22 25
80 29 29
80 31 31
80 34 35
80 35 34
80 36 36
81 2 4
81 7 15
81 14 11
81 18 16
82 5 3
82 8 9
82 11 10
83 1 13
83 3 21
83 6 7
83 9 3
83 22 31
83 23 35
83 25 36
84 2 18
84 6 3
84 7 2
84 10 31
84 13 35
84 15 14
84 16 10
84 17 15
84 19 7
84 24 37
84 37 43
84 42 44
85 1 1
85 2 5
85 3 4
85 4 2
85 8 10
85 12 14
85 13 16
85 19 25
86 3 33
86 12 19
86 13 61
86 19 29
86 20 30
86 24 34
86 28 39
86 29 40
86 30 41
86 33 47
86 34 49
86 39 52
86 42 54
86 52 44
86 53 42
87 3 3
87 10 5
87 15 11
87 20 18
87 21 19
87 22 20
87 24 21
87 25 23
88 1 3
88 3 16
88 4 5
88 7 10
88 9 12
88 10 15
88 11 14
88 17 19
88 18 23
89 15 19
89 31 30
89 33 37
90 1 1
90 2 2
90 3 4
90 4 3
90 5 5
90 6 6
90 7 8
90 8 7
90 9 9
90 11 10
90 13 12
90 14 15
90 15 14
90 17 16
91 2 2
91 3 13
91 5 5
91 7 8
91 12 16
91 21 23
91 27 9
91 36 28
91 37 29
91 38 30
91 41 33
91 42 35
91 46 39
91 47 40
92 5 9
92 9 18
92 10 17
92 11 23
92 12 20
92 18 27
92 19 29
92 24 15
92 25 6
92 26 30
93 5 7
93 13 15
93 14 16
94 11 6
94 20 14
94 25 30
94 28 11
94 32 24
94 36 32
94 39 35
94 43 38
94 44 39
95 2 1
95 4 3
95 5 4
95 7 7
95 8 10
95 10 11
95 12 15
95 13 13
95 14 16
96 2 1
96 4 6
96 5 7
96 7 3
96 8 8
96 9 10
96 12 11
96 16 18
96 17 19
97 4 5
97 5 6
97 7 4
97 11 10
97 16 19
97 19 18
97 20 23
98 1 1
98 6 6
98 7 7
98 10 10
98 12 13
98 13 12
98 14 14
99 5 1
99 7 3
99 9 30
99 10 5
99 13 11
99 14 12
99 16 10
99 17 20
99 18 34
99 22 18
99 23 23
99 25 13
99 27 24
99 28 26
99 29 25
99 33 29
99 34 35
100 3 7
100 5 13
100 8 14
100 10 16
100 12 18
100 15 9
100 19 20
101 2 5
101 7 8
101 12 11
101 13 14
101 14 13
101 15 15
102 11 10
102 13 11
102 19 23
102 22 18
102 24 19
102 26 24
102 28 27
102 32 31
103 1 4
103 2 5
103 9 11
103 11 13
103 15 22
103 16 19
103 18 23
103 19 24
103 20 25
103 21 27
103 22 26
103 23 28
103 25 31
103 26 32
104 2 2
104 13 16
104 17 50
104 18 42
104 19 23
104 23 21
104 24 33
104 28 29
104 31 34
104 36 38
104 44 56
104 46 55
104 47 57
105 2 6
105 7 12
105 8 9
105 9 8
105 10 13
105 11 14
105 12 15
105 14 17
105 15 18
105 16 19
105 18 24
105 19 22
105 23 31
105 24 30
105 28 36
105 29 37
106 1 1
106 2 2
106 3 5
106 8 9
106 9 10
106 10 11
107 2 3
107 3 4
107 5 6
107 10 14
107 12 11
107 13 16
107 20 22
107 21 21
107 24 25
107 25 27
107 26 26
107 27 28
107 28 29
107 30 31
107 31 32
107 32 33
108 1 1
108 2 2
108 5 6
108 6 5
108 12 10
108 13 11
108 14 12
108 15 13
108 16 14
108 18 16
108 20 18
109 5 25
109 6 27
109 7 30
109 11 7
109 18 15
109 19 6
109 21 51
109 22 19
109 23 54
109 26 24
109 27 23
109 29 38
109 31 39
109 32 35
109 40 48
109 41 43
109 43 44
109 44 45
109 47 53
109 53 55
110 5 5
110 6 6
110 7 7
110 16 11
110 20 12
110 21 22
110 22 28
110 27 33
110 28 34
111 2 1
111 9 8
111 13 11
111 14 10
111 15 12
112 15 8
112 16 25
112 19 28
112 21 30
112 23 9
112 30 7
112 31 31
113 5 4
113 6 5
113 8 7
113 9 8
113 13 12
113 15 10
113 20 16
113 21 18
113 31 26
113 32 27
114 3 4
114 6 7
114 7 9
114 10 13
114 14 19
114 16 21
114 17 22
115 2 3
115 6 5
115 14 10
115 16 12
115 20 13
115 27 22
115 31 25
115 32 26
116 2 1
116 8 7
116 9 8
116 13 13
116 14 14
116 17 16
116 28 31
116 29 32
116 30 30
116 31 33
117 12 6
117 17 9
117 28 18
117 30 20
117 35 30
117 44 31
117 45 43
117 46 42
117 49 7
117 61 36
117 62 56
118 1 1
118 3 3
118 5 10
118 8 9
118 16 12
118 21 21
118 22 22
119 8 7
119 10 8
119 13 12
119 15 14
119 19 17
119 20 19
119 22 20
120 2 6
120 8 9
120 9 10
120 13 13
120 14 14
120 15 16
120 17 8
120 22 35
120 26 26
120 27 27
120 28 29
120 31 31
120 33 34
120 34 33
120 36 36
120 47 46
121 4 39
121 14 17
121 16 20
121 19 22
121 20 23
121 22 24
121 24 46
121 29 31
121 31 34
121 36 40
121 40 47
121 43 48
122 3 2
122 4 3
122 6 42
122 8 49
122 12 40
122 13 9
122 18 12
122 22 48
122 25 19
122 30 22
122 32 35
122 37 27
122 39 30
122 40 29
122 44 38
122 47 41
122 59 47
122 60 56
122 61 55
122 62 57
123 1 1
123 2 4
123 3 3
123 5 6
123 6 7
123 7 8
123 12 13
123 13 14
123 17 20
123 19 19
123 20 23
123 22 22
123 25 12
123 31 31
124 5 32
124 7 9
124 12 13
124 13 17
124 24 25
124 33 36
124 35 33
124 36 40
125 5 5
125 11 26
125 13 24
125 17 15
125 20 19
125 21 11
125 22 12
125 25 29
125 28 34
125 32 39
125 34 41
125 35 54
125 38 46
125 44 52
125 48 58
126 2 3
126 4 4
126 5 12
126 8 6
126 9 7
126 11 10
126 17 20
126 19 21
127 2 2
127 8 6
127 10 7
127 11 8
127 12 12
127 13 9
127 15 14
127 19 19
127 22 22
127 24 25
127 25 23
127 26 48
127 31 30
127 32 34
127 37 39
127 45 55
127 49 58
127 51 60
127 54 63
127 58 67
127 59 68
127 60 69
128 6 5
128 7 4
128 10 7
128 16 14
128 19 15
128 21 18
128 25 21
128 26 22
128 28 27
128 39 37
128 40 24
128 41 41
128 43 45
128 44 44
128 45 46
129 6 12
129 12 16
129 14 17
129 16 27
129 21 26
129 22 24
129 23 28
129 30 36
129 43 48
130 2 1
130 3 4
130 7 2
130 14 13
130 15 14
130 17 15
130 18 16
130 19 17
130 20 18
131 1 1
131 2 2
131 3 3
131 6 6
131 7 8
131 8 9
132 4 6
132 9 10
132 14 7
132 15 16
132 18 19
132 19 20
133 14 13
133 28 31
133 33 33
133 37 35
133 38 40
134 1 5
134 7 7
134 10 11
134 12 14
134 15 3
134 16 19
134 17 20
134 19 23
134 20 24
134 21 25
135 1 1
135 6 4
135 15 15
135 19 18
135 20 19
135 22 17
135 30 29
135 35 38
135 37 45
135 38 42
136 6 2
136 8 7
136 9 8
136 15 16
136 17 17
137 6 13
137 9 8
137 15 10
137 18 14
137 19 15
137 20 9
137 21 21
137 23 23
137 24 22
137 25 41
137 37 30
137 47 32
137 48 34
137 49 35
137 51 37
137 52 49
138 4 4
138 7 8
138 10 24
138 16 18
138 18 3
138 22 14
138 25 31
138 33 35
138 36 38
138 38 40
138 39 41
138 40 42
139 2 5
139 13 16
139 16 22
139 17 19
139 18 24
140 4 5
140 5 8
140 7 9
141 6 3
141 10 5
141 11 4
141 17 13
141 18 20
141 22 21
142 4 3
142 11 21
142 12 23
142 14 5
142 16 11
142 21 27
142 22 31
143 3 1
143 9 7
143 10 11
143 12 9
143 14 10
143 17 14
143 23 15
143 24 8
143 25 23
143 40 34
144 3 2
144 13 10
144 15 12
144 16 15
144 17 13
144 21 19
144 22 20
144 23 21
144 32 28
144 34 42
144 39 34
144 46 40
144 51 49
144 55 57
144 81 77
144 90 84
145 1 1
145 6 5
145 9 10
145 10 11
145 12 14
145 17 17
145 19 19
145 24 22
145 27 26
145 28 30
146 3 5
146 4 28
146 6 9
146 7 8
146 18 17
146 21 39
146 26 22
146 28 27
146 30 6
146 31 33
146 35 30
146 43 32
146 44 40
147 3 2
147 4 3
147 5 5
147 8 6
147 9 8
147 21 23
147 25 24
148 12 10
148 17 15
148 21 20
148 24 21
148 34 32
148 35 33
149 2 2
149 4 5
149 5 4
149 8 6
149 9 9
149 10 10
149 11 12
150 1 1
150 9 10
150 13 12
150 14 14
150 16 19
150 20 16
150 23 21
150 31 33
150 32 37
150 33 35
150 34 38
151 12 9
151 14 10
151 16 14
151 27 17
152 1 6
152 8 13
152 10 14
152 12 16
152 13 11
152 19 26
152 21 20
152 25 24
152 36 31
152 37 33
152 38 34
152 41 41
152 42 39
152 45 36
152 51 42
153 1 1
153 2 2
153 4 16
153 8 8
153 9 9
153 10 10
153 12 30
153 13 11
153 14 13
153 21 20
153 22 19
153 23 21
153 24 25
153 25 26
153 26 23
153 28 28
153 34 36
153 35 35
153 36 37
154 1 1
154 13 22
154 20 28
155 1 2
155 2 9
155 12 16
155 17 17
155 21 27
155 22 28
155 23 29
155 27 32
156 3 6
156 4 7
156 6 9
156 8 10
156 16 20
156 21 26
156 23 27
156 28 34
156 30 35
156 34 32
156 35 46
156 36 38
156 38 41
156 40 47
157 3 2
157 4 3
157 5 4
157 8 7
157 9 8
157 10 9
158 1 1
158 2 3
158 6 7
158 8 9
158 9 10
158 16 14
158 21 28
158 29 33
158 30 54
158 31 34
158 35 38
158 38 41
158 43 27
158 47 50
158 50 56
158 51 57
159 2 2
159 10 5
159 15 15
159 16 18
159 17 17
159 18 16
159 19 19
159 22 8
159 30 30
159 33 7
159 37 34
159 41 46
159 42 37
159 52 45
159 58 48
160 1 2
160 4 9
160 7 11
160 10 15
160 12 19
160 13 18
160 17 25
160 21 28
160 24 31
160 26 16
160 27 36
160 28 38
160 31 41
160 34 43
160 37 47
160 38 46
160 39 48
161 11 7
161 15 12
161 17 16
161 18 15
161 19 14
161 21 18
161 22 17
161 23 19
161 24 22
161 25 20
161 27 28
161 28 29
162 3 8
162 6 9
162 12 14
162 15 55
162 19 22
162 22 25
162 25 27
162 35 43
162 37 47
162 38 41
162 41 51
162 44 50
162 50 38
162 51 39
163 4 2
163 6 4
163 7 5
163 8 1
163 11 8
164 7 8
164 11 11
164 12 12
164 14 14
164 15 15
165 1 25
165 11 6
165 12 5
165 13 7
165 19 14
165 20 22
165 22 18
165 29 29
166 2 4
166 6 7
166 7 8
166 8 5
166 10 12
166 11 13
166 17 19
166 18 20
167 1 1
167 5 4
167 9 8
167 10 9
167 11 11
167 12 10
167 16 2
167 18 16
167 26 25
167 27 26
167 28 27
168 1 1
168 4 4
168 5 5
168 8 8
168 9 6
168 13 18
168 17 19
169 1 4
169 5 18
169 6 7
169 7 6
169 10 11
169 13 14
169 14 15
169 20 19
169 21 20
170 6 6
170 10 1
170 13 33
170 17 20
170 18 17
170 22 37
170 23 26
170 26 43
170 27 29
170 29 44
170 44 45
170 47 48
170 48 40
170 50 50
170 51 51
171 5 14
171 9 15
172 1 1
172 2 5
172 3 2
172 5 6
172 11 12
173 6 11
173 11 16
173 15 12
173 17 20
173 18 22
173 20 23
174 5 2
174 6 7
174 7 5
174 11 10
174 18 16
174 19 17
174 23 30
175 1 2
175 7 5
175 8 6
175 12 11
175 18 16
176 3 1
176 4 5
176 6 7
176 8 9
176 9 10
176 10 11
176 11 12
176 12 13
176 17 18
176 18 19
177 1 1
177 2 3
177 3 2
177 6 19
177 9 9
177 12 12
177 13 13
177 14 14
177 17 17
177 18 18
177 20 20
177 21 21
177 22 22
177 23 23
177 24 24
177 27 8
177 29 29
177 30 30
177 31 31
178 5 8
178 6 10
178 7 7
178 11 16
178 20 25
178 21 6
178 22 27
178 24 33
179 3 2
179 6 7
179 7 5
179 9 11
179 15 18
179 16 17
179 17 19
179 23 25
179 26 28
180 2 2
180 8 7
180 9 8
180 11 40
180 14 15
180 15 17
180 18 27
180 23 18
180 26 1
180 33 39
180 38 45
180 39 46
181 4 8
181 5 9
181 9 3
181 10 10
182 1 1
182 2 2
182 3 3
182 6 5
182 13 10
182 14 14
182 16 13
182 17 17
182 19 12
182 20 18
183 2 2
183 3 5
183 4 6
183 7 8
183 10 11
183 12 10
183 13 14
183 14 13
183 15 15
183 16 18
183 18 20
183 19 17
183 23 24
183 26 25
184 5 5
184 6 6
184 7 7
184 11 42
184 13 11
184 15 16
184 21 23
184 22 20
184 29 32
184 30 33
184 31 31
184 34 37
184 35 25
184 36 36
184 37 35
184 43 15
184 50 52
184 52 55
184 55 62
185 2 2
185 7 12
185 9 11
185 11 14
185 12 4
185 14 17
185 17 20
185 18 21
186 1 2
186 8 9
186 9 11
186 11 10
186 14 16
186 16 17
187 3 6
187 8 12
187 10 13
187 12 14
187 16 19
187 20 11
187 21 25
188 2 1
188 3 2
188 4 3
188 7 7
188 9 9
188 12 12
188 15 14
188 18 20
188 20 21
188 22 24
188 23 25
188 24 26
189 1 1
189 2 2
189 3 3
189 19 17
189 22 19
189 25 41
189 27 47
189 29 28
189 31 21
189 37 37
189 38 36
189 45 46
189 46 45
189 50 52
189 55 57
189 61 67
189 65 70
189 66 71
190 1 2
190 2 3
190 4 6
190 6 5
190 7 10
190 12 14
190 13 15
191 5 5
191 7 6
191 10 10
191 12 18
191 13 29
191 14 15
191 15 17
191 17 13
191 23 11
191 24 19
191 26 26
191 28 31
191 30 33
191 33 37
191 34 38
191 37 41
191 38 42
192 2 2
192 3 3
192 5 4
192 6 6
192 7 7
192 8 9
192 9 8
192 10 10
192 11 11
192 12 12
193 2 2
193 6 7
193 7 8
193 9 11
193 11 12
193 12 13
194 1 6
194 3 8
194 6 11
194 8 4
194 10 26
194 11 13
194 12 14
194 14 15
194 16 7
194 20 22
194 29 36
194 31 38
194 33 33
194 34 39
195 1 1
195 2 2
195 8 9
195 10 11
195 12 13
195 15 16
195 16 17
196 4 5
196 6 7
196 7 8
196 9 9
197 2 2
197 5 7
197 6 8
198 2 2
198 4 8
198 5 9
198 7 5
198 8 10
198 10 15
198 11 13
198 15 17
198 23 45
198 26 32
198 29 38
198 33 40
198 43 50
198 46 47
198 47 55
199 1 2
199 2 3
199 3 5
199 8 10
199 9 11
199 10 13
199 12 15
199 13 16
199 17 22
199 21 25
199 23 26
199 24 28
200 2 1
200 6 45
200 8 6
200 11 8
200 14 15
200 17 17
200 29 46
200 31 29
200 32 25
200 34 34
200 36 27
200 42 32
200 44 49
200 45 50
