1 1 1
1 2 2
1 3 9
1 4 4
1 5 8
1 6 5
1 6 15
1 7 3
1 8 16
1 9 6
1 9 9
1 9 10
1 9 14
1 9 15
1 9 16
1 10 11
1 10 14
1 11 7
1 11 9
1 11 12
1 12 13
1 12 17
1 13 4
1 13 18
1 13 19
1 14 17
1 15 20
2 1 1
2 2 1
2 2 2
2 3 10
2 4 3
2 5 4
2 6 5
2 7 6
2 8 7
2 9 8
2 10 9
2 11 12
2 12 11
2 12 14
2 13 10
2 13 12
2 14 13
2 14 14
2 15 14
2 16 15
3 1 22
3 2 1
3 2 17
3 3 2
3 4 3
3 4 5
3 4 8
3 4 9
3 4 13
3 4 22
3 4 27
3 5 4
3 6 3
3 7 6
3 8 8
3 9 3
3 10 2
3 10 7
3 10 9
3 11 4
3 11 10
3 12 11
3 12 16
3 13 25
3 14 9
3 15 14
3 15 31
3 16 3
3 17 3
3 18 3
3 19 29
3 20 29
3 21 19
3 22 14
3 23 2
3 24 29
3 25 18
3 25 33
3 26 29
3 27 12
3 28 12
3 28 24
3 28 25
3 29 10
3 29 15
3 29 26
3 30 3
3 31 3
3 32 28
3 33 29
3 34 29
3 35 30
3 36 14
3 37 20
3 37 32
3 37 34
3 37 36
3 38 29
3 39 21
3 39 33
3 40 23
3 40 29
3 41 29
3 42 37
3 43 34
3 43 35
3 44 38
4 1 2
4 2 9
4 3 1
4 3 10
4 4 2
4 4 4
4 4 9
4 5 5
4 6 6
4 7 17
4 8 9
4 9 7
4 10 10
4 11 19
4 12 11
4 12 18
4 13 12
4 14 16
4 15 8
4 15 10
4 15 23
4 15 27
4 16 13
4 16 14
4 17 11
4 18 20
4 18 23
4 19 3
4 19 21
4 19 32
4 20 15
4 21 9
4 21 16
4 21 17
4 21 23
4 21 26
4 21 29
4 22 24
4 23 22
4 23 25
4 23 26
4 24 9
4 24 28
4 25 32
4 26 23
4 26 30
4 27 19
4 28 31
4 28 32
4 29 33
5 1 1
5 2 2
5 3 3
5 4 2
5 4 4
5 5 18
5 6 6
5 6 8
5 6 16
5 6 17
5 7 7
5 7 14
5 8 16
5 9 8
5 9 10
5 9 12
5 10 8
5 11 8
5 12 9
5 12 13
5 13 5
5 13 15
5 14 13
5 15 11
5 16 12
5 16 14
5 17 15
5 18 21
5 19 19
5 20 8
5 20 18
5 21 18
5 22 21
5 23 20
5 23 21
5 24 19
5 24 21
5 24 22
5 25 23
6 1 1
6 1 2
6 1 4
6 1 7
6 2 4
6 3 12
6 4 3
6 4 4
6 5 4
6 5 5
6 5 6
6 6 4
6 7 9
6 7 11
6 8 8
6 8 10
6 8 11
6 9 12
6 9 13
6 9 15
6 10 16
6 11 14
6 12 19
6 13 17
6 14 18
6 14 19
6 15 13
6 15 17
6 15 19
6 16 20
7 1 2
7 2 1
7 3 2
7 4 3
7 4 4
7 5 7
7 6 5
7 7 5
7 8 2
7 8 5
7 8 7
7 9 8
7 9 10
7 10 4
7 10 6
7 10 9
7 10 10
7 11 11
8 1 14
8 2 12
8 3 5
8 3 14
8 4 8
8 4 14
8 5 6
8 5 9
8 6 14
8 7 11
8 8 11
8 9 11
8 9 12
8 9 18
8 10 4
8 10 13
8 11 11
8 12 2
8 13 3
8 13 10
8 13 14
8 14 19
8 15 20
8 16 14
8 17 1
8 17 7
8 17 12
8 17 15
8 17 16
8 17 17
8 18 21
9 1 2
9 1 3
9 1 6
9 2 4
9 3 1
9 3 5
9 3 6
9 4 7
10 1 1
10 1 2
10 2 3
10 3 3
10 4 11
10 5 8
10 6 14
10 7 13
10 8 4
10 8 10
10 9 5
10 10 11
10 11 9
10 12 6
10 12 7
10 13 10
10 14 15
10 15 1
10 15 12
10 15 16
10 16 18
10 16 23
10 17 19
10 18 17
10 18 18
10 18 30
10 18 33
10 19 24
10 20 20
10 20 21
10 20 26
10 21 18
10 22 18
10 22 24
10 23 26
10 24 22
10 24 27
10 25 18
10 25 25
10 25 27
10 26 17
10 27 16
10 28 18
10 28 28
10 29 29
10 29 31
10 30 1
10 30 29
10 31 32
10 32 32
10 33 34
11 1 2
11 2 2
11 3 1
11 4 3
11 5 4
11 6 3
11 7 4
11 8 5
12 1 1
12 1 2
12 1 4
12 1 7
12 1 9
12 1 10
12 1 11
12 1 12
12 1 16
12 1 18
12 2 17
12 3 16
12 4 9
12 5 8
12 6 14
12 7 6
12 7 14
12 7 15
12 8 15
12 9 12
12 10 6
12 11 12
12 12 5
12 13 11
12 14 12
12 14 13
12 15 5
12 15 12
12 16 12
12 17 16
12 18 12
12 19 4
12 20 12
12 21 3
12 21 12
12 22 19
13 1 1
13 2 2
13 3 2
13 4 5
13 5 4
13 5 7
13 5 8
13 6 13
13 6 26
13 7 2
13 7 17
13 8 6
13 8 13
13 8 19
13 9 10
13 9 12
13 9 13
13 10 18
13 11 2
13 11 5
13 11 8
13 11 15
13 12 3
13 12 7
13 13 13
13 14 6
13 15 13
13 15 14
13 16 2
13 16 11
13 16 13
13 16 16
13 17 5
13 17 18
13 18 19
13 19 21
13 20 9
13 20 22
13 21 23
13 22 24
13 23 25
13 23 27
13 24 2
13 25 26
13 25 28
13 25 29
13 26 20
13 26 31
13 27 27
13 27 30
13 28 32
14 1 1
14 1 3
14 1 16
14 1 25
14 1 28
14 1 46
14 1 61
14 1 69
14 1 78
14 2 23
14 2 44
14 3 2
14 3 3
14 3 14
14 3 17
14 3 20
14 3 23
14 3 29
14 3 31
14 3 32
14 3 45
14 3 47
14 3 63
14 3 66
14 3 68
14 4 4
14 5 5
14 5 18
14 5 20
14 5 24
14 5 33
14 5 37
14 5 40
14 5 49
14 5 77
14 5 83
14 6 6
14 6 38
14 7 7
14 7 42
14 7 52
14 7 54
14 7 56
14 7 58
14 7 74
14 8 6
14 8 8
14 8 34
14 9 9
14 9 22
14 9 35
14 9 39
14 9 60
14 9 63
14 9 80
14 10 10
14 10 41
14 10 84
14 11 12
14 12 23
14 13 23
14 14 23
14 15 3
14 16 13
14 16 23
14 16 65
14 17 20
14 18 19
14 19 21
14 20 7
14 21 23
14 22 23
14 22 72
14 22 81
14 23 20
14 24 23
14 24 26
14 25 23
14 25 27
14 25 64
14 26 23
14 27 12
14 28 23
14 29 23
14 30 6
14 31 50
14 32 36
14 33 23
14 34 6
14 35 63
14 36 10
14 37 7
14 38 21
14 38 43
14 38 76
14 39 45
14 39 75
14 40 45
14 41 3
14 42 23
14 43 48
14 44 20
14 45 51
14 46 50
14 46 51
14 47 7
14 48 53
14 49 7
14 50 55
14 51 7
14 52 57
14 53 7
14 54 59
14 55 63
14 56 23
14 57 62
14 58 63
14 59 23
14 60 63
14 61 7
14 62 11
14 62 23
14 63 20
14 64 15
14 64 45
14 64 67
14 65 30
14 65 50
14 66 23
14 67 3
14 68 71
14 69 70
14 70 20
14 71 73
14 72 7
14 73 3
14 74 79
14 75 63
14 76 3
14 77 82
14 78 20
14 79 10
14 80 85
15 1 1
15 2 1
15 3 3
15 3 4
15 3 6
15 4 2
15 4 5
15 4 6
15 5 5
15 5 7
15 5 8
15 5 9
15 6 9
15 7 5
15 8 5
15 9 10
16 1 12
16 1 38
16 2 2
16 3 3
16 3 15
16 3 42
16 4 14
16 5 5
16 6 6
16 6 18
16 6 26
16 6 33
16 6 40
16 7 7
16 7 20
16 7 31
16 8 9
16 8 22
16 8 27
16 9 38
16 10 14
16 11 13
16 12 42
16 13 1
16 13 5
16 13 8
16 13 16
16 14 17
16 15 22
16 16 22
16 17 6
16 18 36
16 19 10
16 19 19
16 19 22
16 19 28
16 20 20
16 20 22
16 21 21
16 21 38
16 21 39
16 22 5
16 23 24
16 24 4
16 24 11
16 24 22
16 24 25
16 24 29
16 24 37
16 24 39
16 24 44
16 24 49
16 25 23
16 26 50
16 27 48
16 28 23
16 29 22
16 30 20
16 31 32
16 32 30
16 33 5
16 33 34
16 33 43
16 34 22
16 35 22
16 36 35
16 37 20
16 38 22
16 38 41
16 39 39
16 40 42
16 41 5
16 42 22
16 43 24
16 43 45
16 44 46
16 45 11
16 45 47
16 46 48
16 47 22
16 48 50
17 1 5
17 1 13
17 2 4
17 3 3
17 4 4
17 5 4
17 5 5
17 6 17
17 7 6
17 8 8
17 9 7
17 10 9
17 11 2
17 11 12
17 12 10
17 13 10
17 14 11
17 15 12
17 16 3
17 16 4
17 16 10
17 16 12
17 17 4
17 17 14
17 18 14
17 19 15
17 20 16
17 20 17
17 21 1
17 21 17
17 22 18
18 1 1
18 2 18
18 3 21
18 3 54
18 4 5
18 5 21
18 6 3
18 6 32
18 6 41
18 6 43
18 6 63
18 7 36
18 8 2
18 9 2
18 10 10
18 10 13
18 10 51
18 11 48
18 12 6
18 12 15
18 12 22
18 12 38
18 12 60
18 12 66
18 13 36
18 14 5
18 14 7
18 15 5
18 16 18
18 17 9
18 17 12
18 17 28
18 17 33
18 18 18
18 19 10
18 20 18
18 21 18
18 21 56
18 22 22
18 23 14
18 23 18
18 24 16
18 24 18
18 24 52
18 24 67
18 24 70
18 25 22
18 26 18
18 27 20
18 28 21
18 29 1
18 29 5
18 29 12
18 29 18
18 29 22
18 29 29
18 29 34
18 29 35
18 29 36
18 29 39
18 29 43
18 29 44
18 29 57
18 29 68
18 30 12
18 31 18
18 32 18
18 32 24
18 32 48
18 33 11
18 33 25
18 33 27
18 33 59
18 33 69
18 34 26
18 35 22
18 35 30
18 35 72
18 36 18
18 36 31
18 37 43
18 38 36
18 39 18
18 39 19
18 39 23
18 39 47
18 39 58
18 40 37
18 41 18
18 42 8
18 42 36
18 42 46
18 43 40
18 44 36
18 45 21
18 46 18
18 47 18
18 48 36
18 49 18
18 50 36
18 51 4
18 51 18
18 52 18
18 52 45
18 53 18
18 54 18
18 55 17
18 56 49
18 57 18
18 57 42
18 57 50
18 58 22
18 59 18
18 60 21
18 61 18
18 62 18
18 62 55
18 63 18
18 64 18
18 65 12
18 66 59
18 67 22
18 68 12
18 69 5
18 69 61
18 70 36
18 71 65
18 72 62
18 72 64
18 73 12
18 74 17
18 74 53
18 74 71
18 75 22
18 76 18
18 76 73
18 77 74
18 78 75
19 1 1
19 2 6
19 3 2
19 3 6
19 3 19
19 4 6
19 5 12
19 6 4
19 7 24
19 8 24
19 9 10
19 9 12
19 10 6
19 11 9
19 12 30
19 13 6
19 14 6
19 15 24
19 16 10
19 17 21
19 17 23
19 18 6
19 18 10
19 19 15
19 20 14
19 21 16
19 22 10
19 22 18
19 23 20
19 24 13
19 24 20
19 24 24
19 25 10
19 26 24
19 27 10
19 28 10
19 29 6
19 29 22
19 30 25
19 30 26
19 31 24
19 32 17
19 32 24
19 32 27
19 33 3
19 33 5
19 33 6
19 33 7
19 33 11
19 33 21
19 33 22
19 33 24
19 33 26
19 33 29
19 34 28
19 35 6
19 36 1
19 36 8
19 36 30
19 37 31
20 1 1
20 2 2
20 3 3
20 3 4
20 4 5
20 5 6
20 6 8
20 7 8
20 8 7
20 8 8
20 8 9
20 9 13
20 10 10
20 10 20
20 11 11
20 12 12
20 12 26
20 13 13
20 14 9
20 14 14
20 15 3
20 16 1
20 16 2
20 16 15
20 16 16
20 16 22
20 17 8
20 18 25
20 19 6
20 19 17
20 19 26
20 20 3
20 20 8
20 20 18
20 20 19
20 20 25
20 20 27
20 21 21
20 21 25
20 22 24
20 23 27
20 24 25
20 25 23
20 25 27
20 26 28
20 27 25
20 28 27
20 29 8
20 30 29
21 1 21
21 2 21
21 3 2
21 3 7
21 3 12
21 3 17
21 3 26
21 4 3
21 5 21
21 6 4
21 7 4
21 8 5
21 8 31
21 9 21
21 10 30
21 11 8
21 12 9
21 13 9
21 14 9
21 14 15
21 15 10
21 15 21
21 16 13
21 17 2
21 18 16
21 19 13
21 20 14
21 20 21
21 21 21
21 22 19
21 23 18
21 23 21
21 24 21
21 25 6
21 25 21
21 26 35
21 27 25
21 28 24
21 29 2
21 30 13
21 30 27
21 31 17
21 31 23
21 31 28
21 32 29
21 33 30
21 33 31
21 34 9
21 34 31
21 35 13
21 36 13
21 37 1
21 37 9
21 37 11
21 37 13
21 37 20
21 37 21
21 37 32
21 37 33
21 38 9
21 38 22
21 38 34
21 39 35
21 40 36
22 1 12
22 1 14
22 2 3
22 3 12
22 4 4
22 4 12
22 5 13
22 6 1
22 6 3
22 6 7
22 6 9
22 6 11
22 6 12
22 7 5
22 7 6
22 8 7
22 8 8
22 9 12
22 10 9
22 10 13
22 11 2
22 11 9
22 12 10
22 12 12
22 13 13
22 14 12
22 15 13
22 16 12
22 17 17
22 18 14
22 19 15
22 20 12
22 21 13
22 22 12
22 22 17
22 23 16
22 23 17
22 24 18
23 1 1
23 2 12
23 2 19
23 2 41
23 3 3
23 3 9
23 4 4
23 5 19
23 6 6
23 7 7
23 7 8
23 7 38
23 8 2
23 9 2
23 9 10
23 9 31
23 10 11
23 10 12
23 11 2
23 11 34
23 12 2
23 12 14
23 13 19
23 14 2
23 14 16
23 15 17
23 16 6
23 17 18
23 17 19
23 18 6
23 18 19
23 18 20
23 19 2
23 19 13
23 19 28
23 19 32
23 20 9
23 20 21
23 21 21
23 21 23
23 22 2
23 22 22
23 23 21
23 24 24
23 24 27
23 25 25
23 26 9
23 26 26
23 27 32
23 28 2
23 29 19
23 29 33
23 29 35
23 30 32
23 31 36
23 32 37
23 33 30
23 33 37
23 34 38
23 34 39
23 35 43
23 36 20
23 37 40
23 37 42
23 38 2
23 39 5
23 39 15
23 39 29
23 39 37
23 39 42
23 40 43
24 1 4
24 1 5
24 2 9
24 3 8
24 3 11
24 4 10
24 5 6
24 5 11
24 6 22
24 6 24
24 7 7
24 7 14
24 8 13
24 9 34
24 10 12
24 10 25
24 11 15
24 11 21
24 12 16
24 12 32
24 13 22
24 14 17
24 14 18
24 14 19
24 14 25
24 14 34
24 15 34
24 16 35
24 17 36
24 18 22
24 18 33
24 19 27
24 19 38
24 20 37
24 21 20
24 21 34
24 22 22
24 23 34
24 24 25
24 24 26
24 25 30
24 26 1
24 26 2
24 26 3
24 26 15
24 26 22
24 26 28
24 26 32
24 26 34
24 27 23
24 27 31
24 27 35
24 28 29
24 28 34
24 29 39
25 1 1
25 2 1
25 2 5
25 3 3
25 4 2
25 4 6
25 5 4
25 6 4
25 6 5
25 6 7
25 6 8
25 6 14
25 6 18
25 7 14
25 8 14
25 9 5
25 10 5
25 10 9
25 11 10
25 11 11
25 12 14
25 12 15
25 13 5
25 14 12
25 15 3
25 15 11
25 15 14
25 16 13
25 16 16
25 17 14
25 18 14
25 19 17
25 19 19
25 20 19
25 21 19
25 22 20
26 1 25
26 2 18
26 3 1
26 3 4
26 3 18
26 4 11
26 5 2
26 5 21
26 5 25
26 6 3
26 7 5
26 7 6
26 7 7
26 7 8
26 7 16
26 8 25
26 9 18
26 10 25
26 11 9
26 11 18
26 12 12
26 12 17
26 13 11
26 14 13
26 14 15
26 15 16
26 16 14
26 16 18
26 17 16
26 18 10
26 18 18
26 18 19
26 19 11
26 20 26
26 20 27
26 21 23
26 22 13
26 22 16
26 22 23
26 22 25
26 23 20
26 23 24
26 23 25
26 24 16
26 24 22
26 25 3
26 25 25
26 26 28
27 1 1
27 1 2
27 2 3
27 2 45
27 3 4
27 3 22
27 4 6
27 4 44
27 5 7
27 5 54
27 6 8
27 7 9
27 7 11
27 7 26
27 8 10
27 8 13
27 9 36
27 10 23
27 10 33
27 11 14
27 11 28
27 11 41
27 11 59
27 12 9
27 12 16
27 12 31
27 12 44
27 12 55
27 12 56
27 12 57
27 13 46
27 14 18
27 15 5
27 15 12
27 15 17
27 15 30
27 15 39
27 15 41
27 15 56
27 16 16
27 16 20
27 16 58
27 17 15
27 17 21
27 18 56
27 19 23
27 19 48
27 19 54
27 20 5
27 21 25
27 21 54
27 22 56
27 23 38
27 23 51
27 23 62
27 23 65
27 24 36
27 24 60
27 24 63
27 25 23
27 25 27
27 26 28
27 27 56
27 28 32
27 29 12
27 30 34
27 31 37
27 31 46
27 31 56
27 32 29
27 32 44
27 33 56
27 34 21
27 34 40
27 35 56
27 36 43
27 36 53
27 37 56
27 38 42
27 38 56
27 39 13
27 39 35
27 40 23
27 41 23
27 41 47
27 42 42
27 42 49
27 42 62
27 43 64
27 44 50
27 45 24
27 45 36
27 45 66
27 45 69
27 46 53
27 47 19
27 48 42
27 49 19
27 49 56
27 50 3
27 51 56
27 52 36
27 53 61
27 54 42
27 55 52
27 55 64
27 56 13
27 56 36
27 57 67
27 58 5
27 59 42
27 59 68
27 60 20
27 60 70
27 61 71
27 62 72
28 1 1
28 1 2
28 1 3
28 2 2
28 2 13
28 3 2
28 4 14
28 5 5
28 6 7
28 7 7
28 8 8
28 8 31
28 9 9
28 10 10
28 11 6
28 11 12
28 11 20
28 11 24
28 12 13
28 13 13
28 14 11
28 14 14
28 15 16
28 15 21
28 16 17
28 17 17
28 18 2
28 18 4
28 18 14
28 18 15
28 18 21
28 18 22
28 19 19
28 19 23
28 20 21
28 21 29
28 22 28
28 23 26
28 23 27
28 23 30
28 24 31
28 25 22
28 26 18
28 26 23
28 26 25
28 27 32
29 1 1
29 2 3
29 2 10
29 3 21
29 3 25
29 4 2
29 4 24
29 5 3
29 5 4
29 5 6
29 5 22
29 6 6
29 7 8
29 8 6
29 9 5
29 9 6
29 9 8
29 9 12
29 9 21
29 9 26
29 9 27
29 9 29
29 10 18
29 11 7
29 12 6
29 13 9
29 13 18
29 14 18
29 15 11
29 15 14
29 16 16
29 17 15
29 18 30
29 19 5
29 19 19
29 19 20
29 20 22
29 21 21
29 21 23
29 22 6
29 23 2
29 24 6
29 25 10
29 25 13
29 26 17
29 26 29
29 27 18
29 28 29
29 29 28
29 29 29
29 30 0
29 30 30
30 1 31
30 2 52
30 3 48
30 4 31
30 5 2
30 5 3
30 5 11
30 5 13
30 5 20
30 5 27
30 6 6
30 7 12
30 8 7
30 8 31
30 9 8
30 9 51
30 10 30
30 11 15
30 12 19
30 13 2
30 13 5
30 13 19
30 13 31
30 13 34
30 13 38
30 13 42
30 14 5
30 14 16
30 14 37
30 14 53
30 15 9
30 15 51
30 16 31
30 17 18
30 17 45
30 18 2
30 19 21
30 20 40
30 21 31
30 22 31
30 23 5
30 23 43
30 24 25
30 24 54
30 25 26
30 25 40
30 26 15
30 27 48
30 27 52
30 28 31
30 29 34
30 30 30
30 31 12
30 31 15
30 31 29
30 31 41
30 31 52
30 32 29
30 33 40
30 34 34
30 35 1
30 35 4
30 36 36
30 37 35
30 38 34
30 39 12
30 39 39
30 40 22
30 40 31
30 41 28
30 42 8
30 42 31
30 43 24
30 43 31
30 44 40
30 45 33
30 45 42
30 46 42
30 47 19
30 47 23
30 48 14
30 48 17
30 48 28
30 48 31
30 48 44
30 48 47
30 49 45
30 50 48
30 50 49
30 51 50
30 52 34
30 53 12
30 53 30
30 54 48
30 55 10
30 55 31
30 55 46
30 56 19
30 57 48
30 58 55
30 59 32
30 59 56
31 1 8
31 1 30
31 2 2
31 2 31
31 3 8
31 4 16
31 5 8
31 6 6
31 7 4
31 8 5
31 9 9
31 9 13
31 10 7
31 11 8
31 11 11
31 11 16
31 11 31
31 12 8
31 13 13
31 13 26
31 13 38
31 14 8
31 14 15
31 14 17
31 15 27
31 16 16
31 17 8
31 18 16
31 19 1
31 20 8
31 21 21
31 22 8
31 23 10
31 24 8
31 24 23
31 25 3
31 25 24
31 26 8
31 26 19
31 26 20
31 26 22
31 26 25
31 26 28
31 26 29
31 27 14
31 28 41
31 29 18
31 29 31
31 30 31
31 31 29
31 32 32
31 33 34
31 34 35
31 35 37
31 36 12
31 36 21
31 36 33
31 36 36
31 37 21
31 38 40
31 39 39
31 39 40
31 40 41
32 1 1
32 1 17
32 2 3
32 2 10
32 3 4
32 3 17
32 4 5
32 4 17
32 5 7
32 5 10
32 5 14
32 6 10
32 6 17
32 7 8
32 7 17
32 8 17
32 9 2
32 9 11
32 9 13
32 9 15
32 10 6
32 10 9
32 10 17
32 11 12
32 12 12
32 12 16
32 12 17
32 13 17
32 14 18
33 1 1
33 1 7
33 2 4
33 3 2
33 3 3
33 3 5
33 4 11
33 5 6
33 5 10
33 5 11
33 6 7
33 6 9
33 6 11
33 7 8
33 7 11
33 8 12
34 1 1
34 1 26
34 2 2
34 3 6
34 4 6
34 5 8
34 5 17
34 6 5
34 6 6
34 7 10
34 8 9
34 8 17
34 9 11
34 10 21
34 11 13
34 11 26
34 12 14
34 12 23
34 13 14
34 14 3
34 14 4
34 14 6
34 14 17
34 15 16
34 16 12
34 16 14
34 16 19
34 16 28
34 17 17
34 17 20
34 18 26
34 19 22
34 20 14
34 20 21
34 20 26
34 21 17
34 22 21
34 23 15
34 23 24
34 24 25
34 24 26
34 25 7
34 25 26
34 26 26
34 27 17
34 27 18
34 27 22
34 27 26
34 27 27
34 27 29
34 28 30
35 1 1
35 2 1
35 3 2
35 3 3
35 4 3
35 4 4
35 5 4
35 6 5
35 7 6
35 7 7
35 8 8
36 1 5
36 1 6
36 2 6
36 3 7
36 3 15
36 4 8
36 5 9
36 6 10
36 6 22
36 6 29
36 6 33
36 7 11
36 7 23
36 8 12
36 8 19
36 8 24
36 9 13
36 10 16
36 11 17
36 12 16
36 12 17
36 13 18
36 13 23
36 14 2
36 14 3
36 14 4
36 14 14
36 14 19
36 14 25
36 14 29
36 14 32
36 14 35
36 15 23
36 15 31
36 16 19
36 17 21
36 18 3
36 19 19
36 20 20
36 20 23
36 21 3
36 22 27
36 22 28
36 23 30
36 24 29
36 24 34
36 25 1
36 25 19
36 25 26
36 26 23
36 27 19
36 28 36
37 1 4
37 1 28
37 2 5
37 3 6
37 3 19
37 3 49
37 3 52
37 3 63
37 3 73
37 3 83
37 4 7
37 5 7
37 5 8
37 5 10
37 5 69
37 6 24
37 7 15
37 7 23
37 7 26
37 7 61
37 7 75
37 7 79
37 7 97
37 8 1
37 8 2
37 8 3
37 8 13
37 8 31
37 8 36
37 8 37
37 8 39
37 8 46
37 8 48
37 8 50
37 8 51
37 8 55
37 8 56
37 8 57
37 8 58
37 8 59
37 8 67
37 8 70
37 8 72
37 8 80
37 8 95
37 9 12
37 10 46
37 11 75
37 12 17
37 13 16
37 14 18
37 15 6
37 16 13
37 17 68
37 17 87
37 18 46
37 18 92
37 19 75
37 20 24
37 21 27
37 22 29
37 23 11
37 23 13
37 23 81
37 24 2
37 24 9
37 24 32
37 24 78
37 25 33
37 26 34
37 27 13
37 27 25
37 27 35
37 27 41
37 27 76
37 28 13
37 29 75
37 30 29
37 31 38
37 31 64
37 32 30
37 32 40
37 33 24
37 34 43
37 34 65
37 35 44
37 36 2
37 37 13
37 38 13
37 38 47
37 39 13
37 40 2
37 41 13
37 41 65
37 42 53
37 42 54
37 42 91
37 42 93
37 42 94
37 43 67
37 44 13
37 45 13
37 45 28
37 45 90
37 46 99
37 47 7
37 48 8
37 49 24
37 50 45
37 50 67
37 51 6
37 52 66
37 52 67
37 53 13
37 53 84
37 54 68
37 55 7
37 56 13
37 57 13
37 58 10
37 58 42
37 58 71
37 59 9
37 59 74
37 60 13
37 61 75
37 61 77
37 62 6
37 63 13
37 64 6
37 65 84
37 66 13
37 66 14
37 66 20
37 66 21
37 66 85
37 66 86
37 67 21
37 68 68
37 69 75
37 70 13
37 71 46
37 72 54
37 73 13
37 74 22
37 74 57
37 74 60
37 74 96
37 75 75
37 76 62
37 76 82
37 76 98
37 77 58
37 77 89
37 78 13
37 79 13
37 79 88
37 80 99
38 1 2
38 2 2
38 3 1
38 3 3
38 4 3
38 5 3
38 5 4
38 6 5
38 7 7
38 8 2
38 8 6
38 8 7
38 9 8
39 1 1
39 2 2
39 3 2
39 3 3
39 4 3
39 4 4
39 5 5
39 6 6
39 7 7
39 7 8
39 8 8
39 9 9
39 9 10
39 9 13
39 10 9
39 11 11
39 12 9
39 12 11
39 13 8
39 13 12
39 13 13
39 14 13
39 15 1
39 15 14
40 1 4
40 1 5
40 2 5
40 3 12
40 4 7
40 4 9
40 5 8
40 6 17
40 7 18
40 8 12
40 8 14
40 9 1
40 9 2
40 9 3
40 9 10
40 9 15
40 10 6
40 10 12
40 11 13
40 11 15
40 11 18
40 12 16
40 12 18
40 13 11
40 13 17
40 13 18
40 14 19
41 1 3
41 2 2
41 2 7
41 3 3
41 4 4
41 4 5
41 4 10
41 5 22
41 6 8
41 7 11
41 7 22
41 8 12
41 8 19
41 8 22
41 9 6
41 9 22
41 10 1
41 10 13
41 10 22
41 11 20
41 12 13
41 13 11
41 13 16
41 14 18
41 14 22
41 15 21
41 15 22
41 16 3
41 16 5
41 16 9
41 16 14
41 16 15
41 16 17
41 16 22
41 17 23
42 1 12
42 1 31
42 1 47
42 1 53
42 2 1
42 2 27
42 2 42
42 2 50
42 3 2
42 3 27
42 4 27
42 5 8
42 5 27
42 6 27
42 7 18
42 7 27
42 8 27
42 9 14
42 9 16
42 10 11
42 10 22
42 11 9
42 11 22
42 11 35
42 12 20
42 13 21
42 13 23
42 13 25
42 13 27
42 14 19
42 14 27
42 14 30
42 14 39
42 14 46
42 14 48
42 14 51
42 15 22
42 16 22
42 17 24
42 18 4
42 18 6
42 18 7
42 18 10
42 18 13
42 18 15
42 18 22
42 18 27
42 18 38
42 18 43
42 18 52
42 18 53
42 19 27
42 20 26
42 21 27
42 22 3
42 22 28
42 22 33
42 22 37
42 22 41
42 22 44
42 23 17
42 23 29
42 23 34
42 23 38
42 23 45
42 24 27
42 24 36
42 25 3
42 26 38
42 27 27
42 28 32
42 29 40
42 30 40
42 31 3
42 32 53
42 33 27
42 34 27
42 35 22
42 36 49
42 37 27
42 38 22
42 39 5
42 39 13
42 40 27
42 41 54
43 1 1
43 2 1
43 2 2
43 3 3
43 4 4
43 5 3
43 5 4
43 6 8
43 7 6
43 7 12
43 8 7
43 9 28
43 10 8
43 11 9
43 12 5
43 13 11
43 14 1
43 14 5
43 14 10
43 14 12
43 14 15
43 14 21
43 15 26
43 16 14
43 16 15
43 17 17
43 18 12
43 18 16
43 19 18
43 20 19
43 21 20
43 22 21
43 23 20
43 23 22
43 24 23
43 25 13
43 25 24
43 25 26
43 26 25
43 27 26
43 28 27
43 29 28
43 30 29
44 1 1
44 1 2
44 2 1
44 2 4
44 3 4
44 4 4
44 4 10
44 5 3
44 5 4
44 5 5
44 5 6
44 5 13
44 6 7
44 7 4
44 7 8
44 8 9
44 9 12
44 9 16
44 10 4
44 11 14
44 12 13
44 13 4
44 14 4
44 15 4
44 15 11
44 16 16
44 17 15
44 17 16
44 18 17
45 1 2
45 1 7
45 2 2
45 2 6
45 3 4
45 4 2
45 5 2
45 6 2
45 6 3
45 7 10
45 8 2
45 9 9
45 9 10
45 10 1
45 10 2
45 10 4
45 10 5
45 10 8
45 10 10
45 11 11
45 12 10
45 13 2
45 13 12
45 13 16
45 14 11
45 15 2
45 15 13
45 16 4
45 16 15
45 17 2
45 18 10
45 19 2
45 19 14
45 20 2
45 21 2
45 22 17
46 1 1
46 2 0
46 3 4
46 4 12
46 5 8
46 6 6
46 7 12
46 8 12
46 9 5
46 9 6
46 9 9
46 9 10
46 9 11
46 9 12
46 9 13
46 10 2
46 10 3
46 10 7
46 10 8
46 10 12
46 11 0
47 1 1
47 2 2
47 3 3
47 4 10
47 5 4
47 6 5
47 7 6
47 7 7
47 7 9
47 8 10
47 9 8
47 10 2
47 11 9
47 11 10
47 12 11
47 13 12
48 1 1
48 1 7
48 1 28
48 2 2
48 3 3
48 4 30
48 5 6
48 6 9
48 7 8
48 8 5
48 8 35
48 9 9
48 10 10
48 11 11
48 12 12
48 13 20
48 13 30
48 13 36
48 14 13
48 14 30
48 15 30
48 16 16
48 17 26
48 17 35
48 18 18
48 18 30
48 19 18
48 20 9
48 20 19
48 21 22
48 22 21
48 23 30
48 24 23
48 25 22
48 26 21
48 26 24
48 27 6
48 27 25
48 28 29
48 29 11
48 29 14
48 29 15
48 29 21
48 29 29
48 29 30
48 30 27
48 31 16
48 31 31
48 32 33
48 33 33
48 34 35
48 35 30
48 36 17
48 36 32
48 36 35
48 37 38
48 38 3
48 38 4
48 38 21
48 38 22
48 38 34
48 38 35
48 38 37
48 38 38
48 39 39
49 1 1
49 1 2
49 1 29
49 2 9
49 3 5
49 3 7
49 3 17
49 4 29
49 5 8
49 5 11
49 5 29
49 6 29
49 7 13
49 7 17
49 7 19
49 8 10
49 8 25
49 8 29
49 9 16
49 9 27
49 10 17
49 11 14
49 12 17
49 12 20
49 13 4
49 14 18
49 14 29
49 15 29
49 16 29
49 17 29
49 18 22
49 19 3
49 19 21
49 19 23
49 19 27
49 20 24
49 20 29
49 21 14
49 22 26
49 22 27
49 23 27
49 24 15
49 24 28
49 24 29
49 25 6
49 25 9
49 25 12
49 25 17
49 25 27
49 25 29
49 26 30
50 1 1
50 1 2
50 2 2
50 2 13
50 3 2
50 4 4
50 4 5
50 4 23
50 5 5
50 5 6
50 6 7
50 7 8
50 8 8
50 9 10
50 10 9
50 11 10
50 11 11
50 12 9
50 12 12
50 13 3
50 13 9
50 14 2
50 15 15
50 16 10
50 16 16
50 17 18
50 18 17
50 19 19
50 20 14
50 21 21
50 22 22
50 23 6
50 24 9
50 25 6
50 26 20
50 26 21
50 27 26
50 28 24
50 28 25
50 29 26
50 30 9
50 31 27
51 1 6
51 2 5
51 2 11
51 2 16
51 2 19
51 3 2
51 3 3
51 3 5
51 3 6
51 3 7
51 3 13
51 3 14
51 4 6
51 4 10
51 5 7
51 6 17
51 7 5
51 8 9
51 8 13
51 9 1
51 9 7
51 9 15
51 10 12
51 10 16
51 11 4
51 11 8
51 11 16
51 12 16
51 12 18
51 13 16
51 14 20
52 1 1
52 1 22
52 2 2
52 3 3
52 4 3
52 4 8
52 4 12
52 4 18
52 4 20
52 4 26
52 5 26
52 6 4
52 6 10
52 6 22
52 7 7
52 7 9
52 7 21
52 8 5
52 9 12
52 10 13
52 10 14
52 11 14
52 12 15
52 13 7
52 13 16
52 14 17
52 15 19
52 15 33
52 16 20
52 17 4
52 17 6
52 18 20
52 19 23
52 19 24
52 20 23
52 21 25
52 21 33
52 22 26
52 23 26
52 23 29
52 24 28
52 25 7
52 25 31
52 26 11
52 26 20
52 26 27
52 26 32
52 27 33
52 27 34
52 27 36
52 28 20
52 28 35
52 29 30
52 30 37
53 1 1
53 1 4
53 2 4
53 3 3
53 3 19
53 4 5
53 5 6
53 5 19
53 6 7
53 6 10
53 7 10
53 7 18
53 8 10
53 8 19
53 9 19
53 10 8
53 11 15
53 12 2
53 12 13
53 12 19
53 13 16
53 13 19
53 14 15
53 14 17
53 15 18
53 16 4
53 16 9
53 16 11
53 16 12
53 16 14
53 16 15
53 16 19
53 17 0
53 17 20
54 1 1
54 2 1
54 2 2
54 2 18
54 3 11
54 4 3
54 4 18
54 5 18
54 6 6
54 6 18
54 7 5
54 7 7
54 7 13
54 7 17
54 7 18
54 8 15
54 9 18
54 10 18
54 11 8
54 11 10
54 11 18
54 12 12
54 13 13
54 14 11
54 14 18
54 15 18
54 16 4
54 16 18
54 17 9
54 17 16
54 18 14
54 18 18
54 19 19
55 1 2
55 1 9
55 2 4
55 3 1
55 4 7
55 4 8
55 5 7
55 6 1
55 6 4
55 6 5
55 6 7
55 6 9
55 6 10
55 6 12
55 7 7
55 8 11
55 8 14
55 9 16
55 10 6
55 10 15
55 11 3
55 11 13
55 11 14
55 12 17
56 1 1
56 2 2
56 2 3
56 3 3
56 4 3
56 5 4
57 1 3
57 2 4
57 3 2
57 4 1
57 4 14
57 5 2
57 5 5
57 5 22
57 6 3
57 6 35
57 7 7
57 8 6
57 8 36
57 9 14
57 10 12
57 10 34
57 11 15
57 11 26
57 12 11
57 12 14
57 12 16
57 12 17
57 12 33
57 12 37
57 13 26
57 14 14
57 14 28
57 15 14
57 15 24
57 16 18
57 17 3
57 17 8
57 17 19
57 18 14
57 19 36
57 20 12
57 20 13
57 20 20
57 20 21
57 20 31
57 20 36
57 21 14
57 21 23
57 22 3
57 22 22
57 22 40
57 23 27
57 23 38
57 24 26
57 25 25
57 26 3
57 27 3
57 28 36
57 29 14
57 29 29
57 30 30
57 31 31
57 32 32
57 33 2
57 34 46
57 35 9
57 35 14
57 35 26
57 36 14
57 37 14
57 38 2
57 39 3
57 40 39
57 41 10
57 41 42
57 41 44
57 41 46
57 42 41
57 42 43
57 43 27
57 43 43
57 44 36
57 45 14
57 45 45
57 45 46
57 46 0
57 46 47
58 1 1
58 1 24
58 2 2
58 3 3
58 4 18
58 5 18
58 6 5
58 6 20
58 7 7
58 8 6
58 9 4
58 9 19
58 9 24
58 10 9
58 10 10
58 10 14
58 10 31
58 11 10
58 12 13
58 12 27
58 12 33
58 13 9
58 14 11
58 15 33
58 16 15
58 17 16
58 18 17
58 18 33
58 19 8
58 19 33
58 20 3
58 20 9
58 20 18
58 20 29
58 20 33
58 21 18
58 22 21
58 23 22
58 24 23
58 25 24
58 25 30
58 26 25
58 27 26
58 27 30
58 28 24
58 29 33
58 30 6
58 30 28
58 31 12
58 31 33
58 32 32
58 33 33
58 34 34
58 35 35
58 36 16
58 36 37
58 37 35
58 37 36
58 37 37
58 38 38
59 1 4
59 1 5
59 2 5
59 3 6
59 4 1
59 4 2
59 4 3
59 4 7
59 4 8
59 5 8
59 6 7
59 7 8
59 8 9
59 9 10
59 10 11
60 1 1
60 1 4
60 2 4
60 2 15
60 2 27
60 3 3
60 3 4
60 3 10
60 4 4
60 4 22
60 5 6
60 6 27
60 7 2
60 8 7
60 9 8
60 9 16
60 10 12
60 10 14
60 11 9
60 12 25
60 13 30
60 14 17
60 14 27
60 15 16
60 16 7
60 17 18
60 17 19
60 18 20
60 18 24
60 19 21
60 20 23
60 21 25
60 22 5
60 22 13
60 22 25
60 22 26
60 22 27
60 23 27
60 23 29
60 23 30
60 23 31
60 24 11
60 24 27
60 24 28
60 25 32
61 1 3
61 2 19
61 3 4
61 4 19
61 5 15
61 5 19
61 6 19
61 7 6
61 8 9
61 9 7
61 9 8
61 9 9
61 9 16
61 10 10
61 10 15
61 11 11
61 11 12
61 11 13
61 12 6
61 12 19
61 13 1
61 13 2
61 13 5
61 13 14
61 13 18
61 13 19
61 14 17
61 15 20
62 1 4
62 2 5
62 3 1
62 3 44
62 4 6
62 4 22
62 5 19
62 6 2
62 6 19
62 7 2
62 8 9
62 9 19
62 10 8
62 10 9
62 10 20
62 10 29
62 10 39
62 10 41
62 10 44
62 10 45
62 11 12
62 11 38
62 12 11
62 12 14
62 13 12
62 13 14
62 14 13
62 15 16
62 16 19
62 17 10
62 17 17
62 17 33
62 18 15
62 18 18
62 19 45
62 20 19
62 21 21
62 22 22
62 23 24
62 24 7
62 24 27
62 25 2
62 25 25
62 26 26
62 27 27
62 28 23
62 28 28
62 28 29
62 29 40
62 30 34
62 31 30
62 32 45
62 33 35
62 34 32
62 35 9
62 36 34
62 36 40
62 37 18
62 37 19
62 37 35
62 37 43
62 38 37
62 38 44
62 39 36
62 40 40
62 41 40
62 42 3
62 42 31
62 42 35
62 43 45
62 44 19
62 44 44
62 45 41
62 46 14
62 46 42
62 47 46
63 1 2
63 1 3
63 1 5
63 2 9
63 3 1
63 3 13
63 4 4
63 4 5
63 4 6
63 4 7
63 4 8
63 4 9
63 5 9
63 5 10
63 6 5
63 7 11
63 7 12
63 7 13
63 8 9
63 9 14
64 1 27
64 2 3
64 3 1
64 3 7
64 3 24
64 4 4
64 5 8
64 5 11
64 6 17
64 7 2
64 7 5
64 8 22
64 9 6
64 10 25
64 11 17
64 12 24
64 13 17
64 13 20
64 14 12
64 14 13
64 15 10
64 16 5
64 17 17
64 18 9
64 18 18
64 19 4
64 19 9
64 19 21
64 19 24
64 19 25
64 19 26
64 20 15
64 20 17
64 20 23
64 21 13
64 21 22
64 22 27
64 23 21
64 24 19
64 24 25
64 25 2
64 25 24
64 26 8
64 26 25
64 27 14
64 27 16
64 27 27
64 28 28
65 1 1
65 2 2
65 2 4
65 3 3
65 4 14
65 4 19
65 5 12
65 6 13
65 7 11
65 7 19
65 8 5
65 9 5
65 9 6
65 9 8
65 9 16
65 9 21
65 9 26
65 9 28
65 9 30
65 10 9
65 11 6
65 11 7
65 12 9
65 13 2
65 14 10
65 15 15
65 15 17
65 16 21
65 17 17
65 17 20
65 18 18
65 19 19
65 20 6
65 21 21
65 21 22
65 22 23
65 23 24
65 24 25
65 25 6
65 26 27
65 27 6
65 27 27
65 28 23
65 29 28
65 29 29
65 30 30
65 31 31
66 1 31
66 2 4
66 2 5
66 3 27
66 4 5
66 5 2
66 5 5
66 5 6
66 5 16
66 5 19
66 5 27
66 5 31
66 6 7
66 6 26
66 7 8
66 8 5
66 8 17
66 9 5
66 10 9
66 10 11
66 11 15
66 12 14
66 13 17
66 14 17
66 14 18
66 15 31
66 16 27
66 17 8
66 17 20
66 18 20
66 19 21
66 19 23
66 20 17
66 21 24
66 21 31
66 22 12
66 22 25
66 23 29
66 24 3
66 24 30
66 25 13
66 25 22
66 25 27
66 26 26
66 27 12
66 27 28
66 28 5
66 29 1
66 29 10
66 29 31
66 29 32
66 29 35
66 30 33
66 31 35
66 32 33
66 32 34
66 33 11
66 33 33
66 33 36
66 34 37
67 1 1
67 2 13
67 3 3
67 3 13
67 4 4
67 4 11
67 5 5
67 6 6
67 7 9
67 8 6
67 8 7
67 9 1
67 9 11
67 10 10
67 11 11
67 12 8
67 12 13
67 13 12
67 14 2
67 14 13
67 15 14
68 1 4
68 2 1
68 3 10
68 3 31
68 4 4
68 5 4
68 6 3
68 7 7
68 7 40
68 8 2
68 8 4
68 8 14
68 8 15
68 8 20
68 8 21
68 8 23
68 8 26
68 8 28
68 8 30
68 8 32
68 8 34
68 8 37
68 9 4
68 10 4
68 10 6
68 10 8
68 10 25
68 10 39
68 11 9
68 12 10
68 12 28
68 12 35
68 13 11
68 14 12
68 14 19
68 14 29
68 15 4
68 16 4
68 17 28
68 18 16
68 19 17
68 19 34
68 20 28
68 21 18
68 21 27
68 21 41
68 22 13
68 22 18
68 22 42
68 23 12
68 24 4
68 25 4
68 26 12
68 27 4
68 28 4
68 29 28
68 30 4
68 31 28
68 32 7
68 33 4
68 34 5
68 34 24
68 34 38
68 35 28
68 36 4
68 37 4
68 38 28
68 39 42
68 40 4
68 41 42
68 42 12
68 43 28
68 44 22
68 44 33
68 44 36
68 45 4
68 46 1
68 47 4
68 48 4
68 49 28
68 50 7
68 51 4
68 52 4
68 53 4
68 54 4
68 55 28
68 56 43
68 57 42
68 58 44
69 1 1
69 1 29
69 2 25
69 3 11
69 4 3
69 4 11
69 5 5
69 6 7
69 7 6
69 7 8
69 8 9
69 8 11
69 8 14
69 8 15
69 9 11
69 9 22
69 10 10
69 11 4
69 11 7
69 11 8
69 11 11
69 11 13
69 11 26
69 11 28
69 12 12
69 13 13
69 14 11
69 15 2
69 15 16
69 16 11
69 16 20
69 17 17
69 17 19
69 17 23
69 18 14
69 18 21
69 19 13
69 19 24
69 20 25
69 21 11
69 22 27
69 22 28
69 23 2
69 23 11
69 24 18
69 24 31
69 25 30
69 26 31
69 27 32
70 1 1
70 2 2
70 2 6
70 3 4
70 4 3
70 4 31
70 5 6
70 6 8
70 7 7
70 8 9
70 8 10
70 9 9
70 10 11
70 11 12
70 12 14
70 13 13
70 14 6
70 14 15
70 14 21
70 15 16
70 16 17
70 17 18
70 18 11
70 18 23
70 19 29
70 20 20
70 21 24
70 21 25
70 22 1
70 22 26
70 23 6
70 24 23
70 24 29
70 24 31
70 25 30
70 26 11
70 26 17
70 27 19
70 27 22
70 27 27
70 27 28
70 28 11
70 28 32
70 28 33
70 29 5
70 29 11
70 29 34
70 30 29
70 30 35
70 31 36
70 32 11
70 32 37
70 33 38
71 1 1
71 1 3
71 1 8
71 2 7
71 3 4
71 4 4
71 5 4
71 6 3
71 6 4
71 6 5
71 6 6
71 6 7
71 7 7
71 8 2
71 8 7
71 9 7
71 9 9
71 10 9
71 11 9
71 12 4
71 13 9
71 14 7
71 15 9
71 16 10
71 17 11
72 1 1
72 2 5
72 2 50
72 3 7
72 4 6
72 4 59
72 5 8
72 6 11
72 6 56
72 7 10
72 8 12
72 8 19
72 9 13
72 10 19
72 11 15
72 11 50
72 12 16
72 12 43
72 12 52
72 13 23
72 14 19
72 14 26
72 15 18
72 15 56
72 16 19
72 17 2
72 17 22
72 17 36
72 18 17
72 18 22
72 18 23
72 19 26
72 19 39
72 20 25
72 20 57
72 21 24
72 22 29
72 23 67
72 24 69
72 25 32
72 25 68
72 26 34
72 27 8
72 27 19
72 28 2
72 28 19
72 28 20
72 28 35
72 29 56
72 30 13
72 30 40
72 31 41
72 31 56
72 32 42
72 33 21
72 34 47
72 35 44
72 36 45
72 37 46
72 38 16
72 38 55
72 39 49
72 40 6
72 40 21
72 40 29
72 40 37
72 40 38
72 40 42
72 40 50
72 40 56
72 40 60
72 41 67
72 42 50
72 43 52
72 44 56
72 45 54
72 46 16
72 46 48
72 47 50
72 48 42
72 48 58
72 49 19
72 50 51
72 50 67
72 51 1
72 51 3
72 51 13
72 51 56
72 52 9
72 52 28
72 52 50
72 53 56
72 54 27
72 54 57
72 55 62
72 55 64
72 56 63
72 57 30
72 57 53
72 57 58
72 58 31
72 58 61
72 58 67
72 59 65
72 60 52
72 60 66
72 61 8
72 61 14
72 61 67
72 62 33
72 62 69
72 63 68
72 64 4
72 64 70
73 1 18
73 2 3
73 2 10
73 2 16
73 2 55
73 2 68
73 2 74
73 3 14
73 3 17
73 3 39
73 4 18
73 5 5
73 6 30
73 6 40
73 6 52
73 6 61
73 6 64
73 7 7
73 8 9
73 9 18
73 10 3
73 11 11
73 11 56
73 12 14
73 13 15
73 14 18
73 15 20
73 15 27
73 15 77
73 16 18
73 16 46
73 16 49
73 17 3
73 18 5
73 18 76
73 19 18
73 20 3
73 21 19
73 21 22
73 21 37
73 22 20
73 23 22
73 24 21
73 25 3
73 26 14
73 26 23
73 26 33
73 27 25
73 28 24
73 28 78
73 29 5
73 30 20
73 31 28
73 32 1
73 32 29
73 32 45
73 33 40
73 34 12
73 34 31
73 35 32
73 35 54
73 35 63
73 35 72
73 36 14
73 37 2
73 37 4
73 37 14
73 37 15
73 37 18
73 37 22
73 37 34
73 37 40
73 37 50
73 37 53
73 37 54
73 37 58
73 37 67
73 37 75
73 38 5
73 39 40
73 40 36
73 41 22
73 42 18
73 42 26
73 43 5
73 44 40
73 45 18
73 45 42
73 46 43
73 46 54
73 47 18
73 47 45
73 47 47
73 48 54
73 49 18
73 49 69
73 50 48
73 51 18
73 52 3
73 53 11
73 54 14
73 55 18
73 56 6
73 56 8
73 56 18
73 56 35
73 56 41
73 56 44
73 56 59
73 57 18
73 58 40
73 59 18
73 59 62
73 60 54
73 61 40
73 62 18
73 62 51
73 62 57
73 62 60
73 62 66
73 63 65
73 64 67
73 65 3
73 66 22
73 67 70
73 68 71
73 68 73
73 69 3
73 70 13
73 70 18
73 70 38
73 71 5
73 72 20
73 73 24
73 74 79
74 1 3
74 2 1
74 2 2
74 2 3
74 2 6
74 3 3
74 4 7
74 5 4
74 6 7
74 7 5
74 7 7
74 8 7
74 8 8
74 9 23
74 10 10
74 10 12
74 11 11
74 11 12
74 12 13
74 13 12
74 13 13
74 14 14
74 14 17
74 15 16
74 16 15
74 17 17
74 18 19
74 19 7
74 19 18
74 20 20
74 21 23
74 22 9
74 22 21
74 22 22
74 23 24
75 1 1
75 2 16
75 3 6
75 4 6
75 5 6
75 6 32
75 7 35
75 8 12
75 8 18
75 9 12
75 10 37
75 11 7
75 11 17
75 12 35
75 13 42
75 14 11
75 14 12
75 14 19
75 14 20
75 15 14
75 15 22
75 15 37
75 16 20
75 16 25
75 17 6
75 17 8
75 17 27
75 18 16
75 19 5
75 19 6
75 19 15
75 19 23
75 19 24
75 20 30
75 21 32
75 22 4
75 22 23
75 22 33
75 23 18
75 24 12
75 25 13
75 25 21
75 25 35
75 26 36
75 27 2
75 27 6
75 27 9
75 27 12
75 27 16
75 27 31
75 27 34
75 27 37
75 27 40
75 28 29
75 28 38
75 29 26
75 29 37
75 29 39
75 30 37
75 31 37
75 32 3
75 32 10
75 32 28
75 32 40
75 33 29
75 33 41
75 33 42
75 34 44
75 35 43
75 36 45
76 1 6
76 2 6
76 3 3
76 3 6
76 4 6
76 5 6
76 6 6
76 7 5
76 7 6
76 8 4
76 9 5
76 10 2
76 10 6
76 11 6
76 12 1
76 12 6
76 13 7
77 1 4
77 2 5
77 3 6
77 3 37
77 4 10
77 4 27
77 5 8
77 5 39
77 6 2
77 6 11
77 7 12
77 7 34
77 7 44
77 8 13
77 9 14
77 10 15
77 10 27
77 11 19
77 11 22
77 11 30
77 12 19
77 13 20
77 13 24
77 13 31
77 13 32
77 14 40
77 15 19
77 16 19
77 17 1
77 17 3
77 17 19
77 17 21
77 17 29
77 18 7
77 18 9
77 18 17
77 18 18
77 18 19
77 18 26
77 18 38
77 19 11
77 19 16
77 19 19
77 19 23
77 19 25
77 19 27
77 19 31
77 19 33
77 19 35
77 19 41
77 19 43
77 19 44
77 20 6
77 21 28
77 22 19
77 23 19
77 23 42
77 24 27
77 25 36
77 26 19
77 27 6
77 28 41
77 29 41
77 30 40
77 31 31
77 32 19
77 33 45
78 1 3
78 1 8
78 2 8
78 3 8
78 4 8
78 5 2
78 5 8
78 6 6
78 6 8
78 7 1
78 7 4
78 7 5
78 7 7
78 7 8
78 8 8
78 9 9
79 1 2
79 2 3
79 2 10
79 2 15
79 3 33
79 4 33
79 5 3
79 5 6
79 5 26
79 6 1
79 6 3
79 6 7
79 6 27
79 6 31
79 7 8
79 7 28
79 8 33
79 9 19
79 9 30
79 10 9
79 11 33
79 12 33
79 13 15
79 14 3
79 15 19
79 16 33
79 17 14
79 18 3
79 19 5
79 20 33
79 21 33
79 22 5
79 22 11
79 23 33
79 24 3
79 25 19
79 26 16
79 26 33
79 27 4
79 27 21
79 27 33
79 28 17
79 29 19
79 30 3
79 30 20
79 31 33
79 32 33
79 33 3
79 34 24
79 34 25
79 35 33
79 36 3
79 37 33
79 38 13
79 38 33
79 39 3
79 40 2
79 40 5
79 40 10
79 40 12
79 40 18
79 40 22
79 40 23
79 40 33
79 41 29
79 41 32
79 41 33
79 42 34
80 1 1
80 2 2
80 3 3
80 4 4
80 4 5
80 4 33
80 5 5
80 5 7
80 6 25
80 7 6
80 7 22
80 8 9
80 8 27
80 9 5
80 10 30
80 11 23
80 12 16
80 13 11
80 13 17
80 14 10
80 15 13
80 15 16
80 16 14
80 17 5
80 17 8
80 17 10
80 17 16
80 17 17
80 17 28
80 18 15
80 18 23
80 19 31
80 20 21
80 21 19
80 21 21
80 22 25
80 23 16
80 24 6
80 25 3
80 25 16
80 25 23
80 25 24
80 25 27
80 26 20
80 26 25
80 27 19
80 28 16
80 29 29
80 30 19
80 31 12
80 31 31
80 32 18
80 32 26
80 32 31
80 32 32
80 33 33
80 34 35
80 35 34
80 36 36
81 1 1
81 1 2
81 1 15
81 2 4
81 3 1
81 4 15
81 5 5
81 5 15
81 6 11
81 6 12
81 7 3
81 7 6
81 7 7
81 7 13
81 7 15
81 8 15
81 9 8
81 9 15
81 10 7
81 11 15
81 12 10
81 13 12
81 14 9
81 14 11
81 15 10
81 15 15
81 16 14
81 16 15
81 17 15
81 18 16
82 1 1
82 2 1
82 2 9
82 3 1
82 4 9
82 5 3
82 6 4
82 6 9
82 7 9
82 8 2
82 8 5
82 8 6
82 8 7
82 8 8
82 8 9
82 9 9
82 10 9
82 11 10
83 1 2
83 1 13
83 1 20
83 2 23
83 3 21
83 4 22
83 4 24
83 4 27
83 4 29
83 4 30
83 4 32
83 5 6
83 5 13
83 6 7
83 7 23
83 8 13
83 9 3
83 9 10
83 9 16
83 10 23
83 11 8
83 11 13
83 12 23
83 13 1
83 13 5
83 13 13
83 13 25
83 14 13
83 15 13
83 15 17
83 15 18
83 15 19
83 16 13
83 17 11
83 17 15
83 17 23
83 18 13
83 18 14
83 19 4
83 19 9
83 19 12
83 19 13
83 19 23
83 19 30
83 20 25
83 20 33
83 21 13
83 21 26
83 21 28
83 22 31
83 23 35
83 24 13
83 24 34
83 25 36
84 1 17
84 1 41
84 2 18
84 3 19
84 3 37
84 4 27
84 5 42
84 6 3
84 7 2
84 8 8
84 8 37
84 9 6
84 9 25
84 10 27
84 10 31
84 11 12
84 11 24
84 12 9
84 12 14
84 13 35
84 14 14
84 15 14
84 16 10
84 16 17
84 17 15
84 18 31
84 19 5
84 19 7
84 20 21
84 20 22
84 21 37
84 22 22
84 22 23
84 23 25
84 23 36
84 24 13
84 24 16
84 24 20
84 24 22
84 24 24
84 24 25
84 24 37
84 24 38
84 25 31
84 26 4
84 26 24
84 26 26
84 27 14
84 28 11
84 28 28
84 29 30
84 29 37
84 30 37
84 30 40
84 31 7
84 32 34
84 32 37
84 33 28
84 33 32
84 33 39
84 34 29
84 34 32
84 34 33
84 34 37
84 35 37
84 36 1
84 36 42
84 37 43
84 38 39
84 39 37
84 40 22
84 41 37
84 41 42
84 42 44
85 1 1
85 2 3
85 2 5
85 3 4
85 4 2
85 5 6
85 5 7
85 5 23
85 6 11
85 7 6
85 8 10
85 9 6
85 10 6
85 10 11
85 11 13
85 11 18
85 11 19
85 12 14
85 13 15
85 13 16
85 14 7
85 14 17
85 15 6
85 16 18
85 17 6
85 17 8
85 17 9
85 17 11
85 17 12
85 17 18
85 17 21
85 17 22
85 18 11
85 18 20
85 18 24
85 19 25
86 1 1
86 1 13
86 1 25
86 1 28
86 1 58
86 2 24
86 2 33
86 3 2
86 3 4
86 3 6
86 3 7
86 3 9
86 3 10
86 3 12
86 3 13
86 3 16
86 3 17
86 3 20
86 3 21
86 3 26
86 3 33
86 3 37
86 3 38
86 3 45
86 3 46
86 3 50
86 3 51
86 3 67
86 4 4
86 5 4
86 5 11
86 6 3
86 6 5
86 6 8
86 6 27
86 6 34
86 6 60
86 7 4
86 8 4
86 9 4
86 10 4
86 11 19
86 12 18
86 12 19
86 12 43
86 12 65
86 13 61
86 14 4
86 14 22
86 15 4
86 15 23
86 16 14
86 16 19
86 16 35
86 16 57
86 17 4
86 17 15
86 17 36
86 18 13
86 19 29
86 20 30
86 21 13
86 21 31
86 21 55
86 22 4
86 22 32
86 23 4
86 24 34
86 25 19
86 26 13
86 27 4
86 28 39
86 28 68
86 29 40
86 30 41
86 30 62
86 31 46
86 32 4
86 33 47
86 33 53
86 34 48
86 34 49
86 35 50
86 36 50
86 37 4
86 38 13
86 39 52
86 40 13
86 41 13
86 42 54
86 43 13
86 44 13
86 45 4
86 45 56
86 46 26
86 47 4
86 47 59
86 48 61
86 49 41
86 50 17
86 50 63
86 51 50
86 52 44
86 52 66
86 53 42
86 53 64
86 54 4
86 55 39
87 1 1
87 2 6
87 2 19
87 3 3
87 4 2
87 5 18
87 6 4
87 6 18
87 7 8
87 8 16
87 9 9
87 9 10
87 10 5
87 11 2
87 11 8
87 11 9
87 11 18
87 11 22
87 12 14
87 12 16
87 13 12
87 13 15
87 14 17
87 14 18
87 15 11
87 16 15
87 17 13
87 17 19
87 18 12
87 19 1
87 19 7
87 19 18
87 20 16
87 20 18
87 21 19
87 22 15
87 22 20
87 23 22
87 24 21
87 25 23
88 1 3
88 2 4
88 2 19
88 3 16
88 3 18
88 3 21
88 4 5
88 5 4
88 5 7
88 5 9
88 6 6
88 6 8
88 7 10
88 8 2
88 8 9
88 8 11
88 9 12
88 10 15
88 11 14
88 12 13
88 12 16
88 13 17
88 14 1
88 14 19
88 15 16
88 16 19
88 17 6
88 17 17
88 17 19
88 17 20
88 17 22
88 18 23
89 1 21
89 2 1
89 2 3
89 2 37
89 3 2
89 3 27
89 4 4
89 5 4
89 5 7
89 5 36
89 6 26
89 7 25
89 7 35
89 8 26
89 9 25
89 10 25
89 11 10
89 11 25
89 12 17
89 12 18
89 12 37
89 13 37
89 14 21
89 15 19
89 16 16
89 16 20
89 17 13
89 17 31
89 17 34
89 17 41
89 18 38
89 18 40
89 19 23
89 19 32
89 20 12
89 20 24
89 21 6
89 21 25
89 21 27
89 21 29
89 21 32
89 21 39
89 22 9
89 22 24
89 22 26
89 22 30
89 23 8
89 23 25
89 24 15
89 24 41
89 25 5
89 25 29
89 26 38
89 27 14
89 27 18
89 27 22
89 28 20
89 28 29
89 29 4
89 29 11
89 29 37
89 30 21
89 30 25
89 30 32
89 31 30
89 32 18
89 33 37
89 34 34
89 34 37
89 35 38
89 36 25
89 36 28
89 37 39
89 38 21
89 38 33
89 38 38
89 39 0
90 1 1
90 2 2
90 3 4
90 4 3
90 5 5
90 6 6
90 7 8
90 8 7
90 9 9
90 10 9
90 11 10
90 12 10
90 13 12
90 14 11
90 14 15
90 15 14
90 16 13
90 16 14
90 17 16
91 1 18
91 2 2
91 3 6
91 3 10
91 3 13
91 4 4
91 4 7
91 5 5
91 6 13
91 7 8
91 8 37
91 9 12
91 10 3
91 10 34
91 11 18
91 11 22
91 12 12
91 12 16
91 12 18
91 12 25
91 12 32
91 12 37
91 13 13
91 13 19
91 14 29
91 15 14
91 16 15
91 16 37
91 17 32
91 18 20
91 18 32
91 19 4
91 19 21
91 19 37
91 20 18
91 21 23
91 22 24
91 22 31
91 23 18
91 24 35
91 25 32
91 26 11
91 26 17
91 26 32
91 27 9
91 27 24
91 28 12
91 29 26
91 29 37
91 30 16
91 30 36
91 31 12
91 32 15
91 33 18
91 34 12
91 35 16
91 36 14
91 36 28
91 37 29
91 38 30
91 39 24
91 39 27
91 39 34
91 40 24
91 41 33
91 42 35
91 43 37
91 44 12
91 45 1
91 45 35
91 45 38
91 46 39
91 47 40
92 1 5
92 1 29
92 2 6
92 3 7
92 4 29
92 5 9
92 6 7
92 6 12
92 6 16
92 6 25
92 6 29
92 7 13
92 7 15
92 8 10
92 8 14
92 8 29
92 9 18
92 10 17
92 11 19
92 11 23
92 12 20
92 13 4
92 13 26
92 14 14
92 15 14
92 16 8
92 16 29
92 17 26
92 17 29
92 18 27
92 19 2
92 19 3
92 19 11
92 19 21
92 19 22
92 19 24
92 19 29
92 20 1
92 20 29
92 21 29
92 22 29
92 23 28
92 23 29
92 24 15
92 25 6
92 26 30
93 1 15
93 2 9
93 3 1
93 3 2
93 3 3
93 3 5
93 4 5
93 5 4
93 5 5
93 5 6
93 5 7
93 6 9
93 6 10
93 7 7
93 7 11
93 8 12
93 8 15
93 9 13
93 9 15
93 10 14
93 11 9
93 12 15
93 13 8
93 13 9
93 13 14
93 13 15
93 14 16
94 1 1
94 2 32
94 3 16
94 4 16
94 5 16
94 6 27
94 7 32
94 8 16
94 9 3
94 9 27
94 10 8
94 10 16
94 11 6
94 12 2
94 12 9
94 12 16
94 12 21
94 12 27
94 13 4
94 13 12
94 14 32
94 15 22
94 16 27
94 17 15
94 18 30
94 18 36
94 19 27
94 20 14
94 21 15
94 22 10
94 22 15
94 22 16
94 22 28
94 23 15
94 24 15
94 25 1
94 25 5
94 25 7
94 25 12
94 25 16
94 25 19
94 25 22
94 25 30
94 25 31
94 26 40
94 27 16
94 28 11
94 28 25
94 28 29
94 29 18
94 29 27
94 29 34
94 30 16
94 31 20
94 31 22
94 31 23
94 32 24
94 33 16
94 34 16
94 35 16
94 36 32
94 37 26
94 37 30
94 37 33
94 38 27
94 39 35
94 40 2
94 41 3
94 42 13
94 42 32
94 43 37
94 43 38
94 44 39
94 45 0
94 45 17
94 45 40
95 1 1
95 2 1
95 2 2
95 2 5
95 2 6
95 3 4
95 4 3
95 5 4
95 6 6
95 7 7
95 8 9
95 8 10
95 9 1
95 9 8
95 10 11
95 11 11
95 11 12
95 12 14
95 12 15
95 13 13
95 14 16
96 1 1
96 1 13
96 2 1
96 3 5
96 4 6
96 5 5
96 5 7
96 5 9
96 5 14
96 5 15
96 5 17
96 6 4
96 6 7
96 7 3
96 8 8
96 9 2
96 9 10
96 10 7
96 11 18
96 12 11
96 13 7
96 13 12
96 14 7
96 14 16
96 15 11
96 16 18
96 17 19
97 1 2
97 2 2
97 2 7
97 2 18
97 3 18
97 4 5
97 5 6
97 6 11
97 7 4
97 8 18
97 9 8
97 9 18
97 10 21
97 11 10
97 12 13
97 13 17
97 13 18
97 14 13
97 14 14
97 14 18
97 15 1
97 15 12
97 15 13
97 16 9
97 16 15
97 16 19
97 17 18
97 18 21
97 18 22
97 19 3
97 19 11
97 19 16
97 19 18
97 19 20
97 19 22
97 20 23
98 1 1
98 2 1
98 3 13
98 4 2
98 4 4
98 4 13
98 5 3
98 5 5
98 5 13
98 6 6
98 7 7
98 8 13
98 9 8
98 9 13
98 10 9
98 10 10
98 11 11
98 11 13
98 12 13
98 13 12
98 14 14
99 1 30
99 2 27
99 3 3
99 4 3
99 5 1
99 6 10
99 7 3
99 8 10
99 9 2
99 9 8
99 9 9
99 9 14
99 9 16
99 9 30
99 9 33
99 10 5
99 11 5
99 11 17
99 12 13
99 13 11
99 14 12
99 15 13
99 16 4
99 16 10
99 17 20
99 18 19
99 18 34
99 19 7
99 19 14
99 19 15
99 20 30
99 21 10
99 21 21
99 22 18
99 22 22
99 23 23
99 24 27
99 25 13
99 26 28
99 27 24
99 27 28
99 27 32
99 28 26
99 29 25
99 30 6
99 30 10
99 30 27
99 30 31
99 31 26
99 32 30
99 33 29
99 34 35
100 1 2
100 2 2
100 2 14
100 3 7
100 4 12
100 5 13
100 6 5
100 6 14
100 7 7
100 8 3
100 8 6
100 8 10
100 8 11
100 8 14
100 8 15
100 8 19
100 9 14
100 10 12
100 10 16
100 11 7
100 11 17
100 12 18
100 13 14
100 14 8
100 14 14
100 15 9
100 16 4
100 16 14
100 17 1
100 17 8
100 18 10
100 19 20
101 1 1
101 2 5
101 3 2
101 3 8
101 4 1
101 4 8
101 5 6
101 5 7
101 6 8
101 7 3
101 7 7
101 7 8
101 7 10
101 8 7
101 8 9
101 9 4
101 9 12
101 10 8
101 11 11
101 12 11
101 12 12
101 13 14
101 14 13
101 15 15
102 1 1
102 1 3
102 2 3
102 3 9
102 4 13
102 4 25
102 5 9
102 6 3
102 6 7
102 7 4
102 7 9
102 7 17
102 8 3
102 8 9
102 8 10
102 8 20
102 8 25
102 8 29
102 9 9
102 10 10
102 11 10
102 11 12
102 12 6
102 12 10
102 13 11
102 14 10
102 15 3
102 15 14
102 16 2
102 16 3
102 16 15
102 17 16
102 17 25
102 18 2
102 18 5
102 18 8
102 19 23
102 20 3
102 20 22
102 21 3
102 22 18
102 23 19
102 24 19
102 25 11
102 26 24
102 27 25
102 28 27
102 29 9
102 30 26
102 30 29
102 31 3
102 31 21
102 31 28
102 31 30
102 32 31
103 1 4
103 2 5
103 3 2
103 3 6
103 4 3
103 4 16
103 5 29
103 6 2
103 6 8
103 6 29
103 7 8
103 8 9
103 8 10
103 8 11
103 9 2
103 9 11
103 9 14
103 10 20
103 10 25
103 11 13
103 12 16
103 12 29
103 13 11
103 13 15
103 14 2
103 14 17
103 14 30
103 15 1
103 15 21
103 15 22
103 16 18
103 16 19
103 17 3
103 17 7
103 18 23
103 19 24
103 20 25
103 21 27
103 22 12
103 22 26
103 23 28
103 24 2
103 25 31
103 26 32
104 1 1
104 1 7
104 1 12
104 2 2
104 3 3
104 3 56
104 4 4
104 4 19
104 4 42
104 5 12
104 6 21
104 7 15
104 7 21
104 8 48
104 9 13
104 9 14
104 9 45
104 10 14
104 10 21
104 11 14
104 12 21
104 13 16
104 13 36
104 14 5
104 14 21
104 15 5
104 15 24
104 15 43
104 16 56
104 17 17
104 17 50
104 18 42
104 19 22
104 19 23
104 19 47
104 20 21
104 21 48
104 22 26
104 23 6
104 23 8
104 23 10
104 23 12
104 23 20
104 23 21
104 23 25
104 23 30
104 23 31
104 23 37
104 23 44
104 23 48
104 23 52
104 23 54
104 24 33
104 25 56
104 26 21
104 27 25
104 28 29
104 29 32
104 29 53
104 30 28
104 30 31
104 31 34
104 32 21
104 32 35
104 33 16
104 34 55
104 35 14
104 36 38
104 36 41
104 36 49
104 37 39
104 37 40
104 37 48
104 38 44
104 39 8
104 39 9
104 39 11
104 39 18
104 40 46
104 41 48
104 42 14
104 42 26
104 42 51
104 43 53
104 44 56
104 45 27
104 45 46
104 45 56
104 46 53
104 46 55
104 47 57
105 1 1
105 1 31
105 2 6
105 3 3
105 4 14
105 4 27
105 5 16
105 5 22
105 6 34
105 7 7
105 7 11
105 7 12
105 8 9
105 9 8
105 10 13
105 11 10
105 11 14
105 12 3
105 12 15
105 13 26
105 14 17
105 15 4
105 15 18
105 16 19
105 16 20
105 17 14
105 18 24
105 19 5
105 19 22
105 19 26
105 19 29
105 19 33
105 19 34
105 20 25
105 20 35
105 21 21
105 21 28
105 21 34
105 22 29
105 23 31
105 24 30
105 25 32
105 25 34
105 26 1
105 26 2
105 26 23
105 27 34
105 27 35
105 28 36
105 29 37
106 1 1
106 2 2
106 3 5
106 4 7
106 5 8
106 6 3
106 6 10
106 7 8
106 8 9
106 9 4
106 9 7
106 9 8
106 9 10
106 10 6
106 10 11
107 1 1
107 2 1
107 2 3
107 3 4
107 4 5
107 5 6
107 6 2
107 6 7
107 6 10
107 7 8
107 7 10
107 8 9
107 9 5
107 9 10
107 10 14
107 11 12
107 12 11
107 13 16
107 13 19
107 13 20
107 14 5
107 14 15
107 14 24
107 14 31
107 15 9
107 15 17
107 15 31
107 16 16
107 16 18
107 17 13
107 17 19
107 18 16
107 19 22
107 20 22
107 21 21
107 22 23
107 22 24
107 23 16
107 24 25
107 25 12
107 25 27
107 26 26
107 27 28
107 28 29
107 29 30
107 30 30
107 30 31
107 31 32
107 32 33
108 1 1
108 2 2
108 3 11
108 4 4
108 5 6
108 6 5
108 7 10
108 8 9
108 9 8
108 10 7
108 10 11
108 11 11
108 12 10
108 13 8
108 13 9
108 13 11
108 13 17
108 14 12
108 15 13
108 16 14
108 17 3
108 17 15
108 17 17
108 18 4
108 18 16
108 19 17
108 20 18
109 1 1
109 1 2
109 1 13
109 1 14
109 2 3
109 2 21
109 3 14
109 4 4
109 5 25
109 6 5
109 6 26
109 6 27
109 6 32
109 7 30
109 8 8
109 9 28
109 10 16
109 10 41
109 11 7
109 12 9
109 12 12
109 13 4
109 13 9
109 13 14
109 13 28
109 13 29
109 13 30
109 13 33
109 13 37
109 13 40
109 13 50
109 14 14
109 14 49
109 15 8
109 15 14
109 16 11
109 16 14
109 17 39
109 18 15
109 19 6
109 20 7
109 20 21
109 21 51
109 22 19
109 23 20
109 23 54
109 24 9
109 24 18
109 25 22
109 25 24
109 26 24
109 27 23
109 28 3
109 28 34
109 29 38
109 30 30
109 31 39
109 32 35
109 33 14
109 33 36
109 34 15
109 35 35
109 36 52
109 37 9
109 38 30
109 39 14
109 40 48
109 41 42
109 41 43
109 42 10
109 42 41
109 42 43
109 43 44
109 44 17
109 44 45
109 44 47
109 45 15
109 45 46
109 46 14
109 46 52
109 47 53
109 48 30
109 49 51
109 50 14
109 51 53
109 52 14
109 53 31
109 53 55
110 0 35
110 1 1
110 1 3
110 1 13
110 2 3
110 3 3
110 4 4
110 4 31
110 5 5
110 6 6
110 7 7
110 8 9
110 8 14
110 9 8
110 9 14
110 10 14
110 10 23
110 11 14
110 12 3
110 12 25
110 13 2
110 13 3
110 13 10
110 14 15
110 14 17
110 14 18
110 14 19
110 14 20
110 14 31
110 15 3
110 15 14
110 15 17
110 15 18
110 15 24
110 15 26
110 15 27
110 16 11
110 17 18
110 18 17
110 18 21
110 19 16
110 19 17
110 20 12
110 21 22
110 22 28
110 23 3
110 24 31
110 25 14
110 25 29
110 25 30
110 26 18
110 27 33
110 28 32
110 28 34
110 29 35
111 1 1
111 2 1
111 3 2
111 3 3
111 4 3
111 4 11
111 5 11
111 6 5
111 6 11
111 7 11
111 8 7
111 8 9
111 9 8
111 10 9
111 10 11
111 11 11
111 12 9
111 13 4
111 13 6
111 13 11
111 14 10
111 15 12
112 1 1
112 1 17
112 2 2
112 3 2
112 3 3
112 4 4
112 4 16
112 5 4
112 6 5
112 6 17
112 7 2
112 7 11
112 8 20
112 9 8
112 10 12
112 10 15
112 10 18
112 11 6
112 12 2
112 12 20
112 13 12
112 13 20
112 13 29
112 14 2
112 14 24
112 15 2
112 15 4
112 15 8
112 15 14
112 15 17
112 16 25
112 17 17
112 17 26
112 18 19
112 19 19
112 19 28
112 20 20
112 20 23
112 21 30
112 22 23
112 23 9
112 24 2
112 25 9
112 26 2
112 26 6
112 26 10
112 26 21
112 27 2
112 28 19
112 28 27
112 29 8
112 29 13
112 29 22
112 30 7
112 31 31
113 1 1
113 1 17
113 2 24
113 3 2
113 3 12
113 4 3
113 4 15
113 5 4
113 6 5
113 7 6
113 7 26
113 8 7
113 9 8
113 10 5
113 10 9
113 11 12
113 12 11
113 12 12
113 13 12
113 13 13
113 13 17
113 13 24
113 14 24
113 15 10
113 16 8
113 16 22
113 17 15
113 17 24
113 18 17
113 19 17
113 20 16
113 21 18
113 22 19
113 22 21
113 23 21
113 24 20
113 24 21
113 24 24
113 25 8
113 25 14
113 26 23
113 26 24
113 27 17
113 28 12
113 29 5
113 30 24
113 30 25
113 31 26
113 32 27
114 1 22
114 2 4
114 3 4
114 3 5
114 4 6
114 4 10
114 5 2
114 5 7
114 6 7
114 6 8
114 6 12
114 7 1
114 7 9
114 7 11
114 8 17
114 9 3
114 9 11
114 10 13
114 11 10
114 11 14
114 11 15
114 12 17
114 13 16
114 13 17
114 13 19
114 14 15
114 14 18
114 14 19
114 15 21
114 16 20
114 16 21
114 17 22
115 1 2
115 1 3
115 2 3
115 3 4
115 4 5
115 5 16
115 6 5
115 7 19
115 8 16
115 9 15
115 10 16
115 11 7
115 11 19
115 12 8
115 12 9
115 13 11
115 13 15
115 14 10
115 15 19
115 16 12
115 17 16
115 18 4
115 18 14
115 19 6
115 19 15
115 20 1
115 20 6
115 20 8
115 20 13
115 20 16
115 20 19
115 21 4
115 21 14
115 21 17
115 22 16
115 22 18
115 23 13
115 24 15
115 25 6
115 25 20
115 26 7
115 26 21
115 27 22
115 28 19
115 29 24
115 30 16
115 30 23
115 30 24
115 31 25
115 32 26
116 1 1
116 2 1
116 2 2
116 3 25
116 4 6
116 4 12
116 5 6
116 5 18
116 6 5
116 6 6
116 6 24
116 7 6
116 8 7
116 9 8
116 9 10
116 10 11
116 10 30
116 11 9
116 11 25
116 12 7
116 13 13
116 14 14
116 15 30
116 16 15
116 16 26
116 17 16
116 18 29
116 18 30
116 19 8
116 19 20
116 20 19
116 20 21
116 20 30
116 21 22
116 21 27
116 22 6
116 22 23
116 22 28
116 23 6
116 23 17
116 24 3
116 24 4
116 24 30
116 25 25
116 26 27
116 26 30
116 27 30
116 28 31
116 29 32
116 30 6
116 30 25
116 30 26
116 30 30
116 31 33
117 1 10
117 1 16
117 2 2
117 3 4
117 4 4
117 4 6
117 4 17
117 4 27
117 5 11
117 6 4
117 7 11
117 8 1
117 8 13
117 9 32
117 10 5
117 10 36
117 11 45
117 12 6
117 13 47
117 13 48
117 14 41
117 15 2
117 16 11
117 17 9
117 18 10
117 18 35
117 19 36
117 20 36
117 21 32
117 22 11
117 23 13
117 23 45
117 23 53
117 24 2
117 24 8
117 24 12
117 24 15
117 24 16
117 24 23
117 24 28
117 24 32
117 24 36
117 24 38
117 24 48
117 24 52
117 24 55
117 25 33
117 26 24
117 26 36
117 27 32
117 28 18
117 29 36
117 30 20
117 31 52
117 32 36
117 32 44
117 33 45
117 33 46
117 34 22
117 34 32
117 34 33
117 34 37
117 35 30
117 36 31
117 37 34
117 37 48
117 38 33
117 39 36
117 40 48
117 41 11
117 42 36
117 43 2
117 44 31
117 44 40
117 45 43
117 46 42
117 47 31
117 48 4
117 49 7
117 49 21
117 50 36
117 51 36
117 52 17
117 53 36
117 53 45
117 54 29
117 54 33
117 54 41
117 55 3
117 55 11
117 55 14
117 55 26
117 55 39
117 55 48
117 55 50
117 55 51
117 56 19
117 56 25
117 56 36
117 56 49
117 57 36
117 58 23
117 59 36
117 59 54
117 60 11
117 61 36
117 62 56
118 1 1
118 1 2
118 1 7
118 2 12
118 3 3
118 4 17
118 5 5
118 5 6
118 5 10
118 6 4
118 6 8
118 7 10
118 8 9
118 9 8
118 9 10
118 10 11
118 11 10
118 12 11
118 12 12
118 13 12
118 14 13
118 14 14
118 15 15
118 15 16
118 16 12
118 16 13
118 16 15
118 16 18
118 17 17
118 18 17
118 18 18
118 19 17
118 19 19
118 20 17
118 20 20
118 21 21
118 22 22
119 1 1
119 2 1
119 2 8
119 3 3
119 3 13
119 4 2
119 4 4
119 5 4
119 6 5
119 6 6
119 6 14
119 7 8
119 8 7
119 9 17
119 10 8
119 10 9
119 10 10
119 11 19
119 12 11
119 12 19
119 13 2
119 13 12
119 14 11
119 15 3
119 15 14
119 15 15
119 16 14
119 17 14
119 18 16
119 18 19
119 19 17
119 20 19
119 21 18
119 21 19
119 22 20
120 1 13
120 1 22
120 2 6
120 3 1
120 3 2
120 4 2
120 4 45
120 5 2
120 6 12
120 7 8
120 8 9
120 9 10
120 10 11
120 10 40
120 10 44
120 10 45
120 11 12
120 12 12
120 12 45
120 13 13
120 14 14
120 15 16
120 16 19
120 17 8
120 17 17
120 18 40
120 19 21
120 20 40
120 21 26
120 22 35
120 23 5
120 23 13
120 23 24
120 24 23
120 24 40
120 25 2
120 25 25
120 26 3
120 26 7
120 26 26
120 26 30
120 27 27
120 28 29
120 29 28
120 29 40
120 30 30
120 30 37
120 31 31
120 32 45
120 33 34
120 34 33
120 35 9
120 36 36
120 37 20
120 37 26
120 38 22
120 38 41
120 39 4
120 39 15
120 39 18
120 39 19
120 39 21
120 39 32
120 39 40
120 39 45
120 40 40
120 41 14
120 41 42
120 42 12
120 43 38
120 43 43
120 43 45
120 44 40
120 45 12
120 46 39
120 46 45
120 47 46
121 1 1
121 1 44
121 2 2
121 2 5
121 2 35
121 3 44
121 4 12
121 4 26
121 4 37
121 4 39
121 5 40
121 6 12
121 7 14
121 8 44
121 9 14
121 10 3
121 10 7
121 10 8
121 10 10
121 10 16
121 11 39
121 12 7
121 13 7
121 14 6
121 14 17
121 15 14
121 16 20
121 17 11
121 17 32
121 18 15
121 18 29
121 18 43
121 18 46
121 19 22
121 20 23
121 21 40
121 22 24
121 23 8
121 23 25
121 24 9
121 24 46
121 25 4
121 25 39
121 26 46
121 27 36
121 27 38
121 28 32
121 28 39
121 29 31
121 30 20
121 30 33
121 31 34
121 32 21
121 32 30
121 33 28
121 33 39
121 33 42
121 34 21
121 34 38
121 34 41
121 35 7
121 35 14
121 35 19
121 35 27
121 35 28
121 35 35
121 35 44
121 36 40
121 37 13
121 37 18
121 37 41
121 37 46
121 38 44
121 39 39
121 39 45
121 40 47
121 41 46
121 42 44
121 43 48
122 1 9
122 2 9
122 3 2
122 3 43
122 4 3
122 5 4
122 6 42
122 7 4
122 7 6
122 7 13
122 7 20
122 7 25
122 7 44
122 8 24
122 8 45
122 8 49
122 9 21
122 10 25
122 11 21
122 12 40
122 13 9
122 14 48
122 15 7
122 15 8
122 16 9
122 17 10
122 17 44
122 18 12
122 19 11
122 19 13
122 20 55
122 21 25
122 22 15
122 22 23
122 22 48
122 22 52
122 23 42
122 24 22
122 25 17
122 25 18
122 25 19
122 26 21
122 27 25
122 28 25
122 29 21
122 29 46
122 30 22
122 31 25
122 32 35
122 33 4
122 34 20
122 34 33
122 35 9
122 35 53
122 36 6
122 36 14
122 36 25
122 36 26
122 36 50
122 37 27
122 38 21
122 39 30
122 39 37
122 40 28
122 40 29
122 41 7
122 41 10
122 41 36
122 42 25
122 43 43
122 43 54
122 44 38
122 45 2
122 45 39
122 46 40
122 47 41
122 48 9
122 49 25
122 49 34
122 50 31
122 50 48
122 51 16
122 51 42
122 52 1
122 53 25
122 53 32
122 54 4
122 55 6
122 55 21
122 56 1
122 56 25
122 57 54
122 58 13
122 59 47
122 60 56
122 61 5
122 61 51
122 61 55
122 62 57
123 1 1
123 2 4
123 3 2
123 3 3
123 4 5
123 4 11
123 5 6
123 6 7
123 7 8
123 8 19
123 9 8
123 9 25
123 9 26
123 10 9
123 11 12
123 12 13
123 13 14
123 14 8
123 14 10
123 14 15
123 14 16
123 14 17
123 14 21
123 15 8
123 15 18
123 16 9
123 17 20
123 18 17
123 19 9
123 19 19
123 20 23
123 21 11
123 21 19
123 22 22
123 23 23
123 24 24
123 24 26
123 25 12
123 25 27
123 26 17
123 27 17
123 27 28
123 28 19
123 29 8
123 29 30
123 30 29
123 30 30
123 31 31
124 1 3
124 2 2
124 3 2
124 3 3
124 4 39
124 5 32
124 6 6
124 6 33
124 7 9
124 8 12
124 8 18
124 8 29
124 8 33
124 9 8
124 9 39
124 10 34
124 10 37
124 11 12
124 11 23
124 12 11
124 12 13
124 12 37
124 13 14
124 13 17
124 14 13
124 15 18
124 15 19
124 15 28
124 16 14
124 17 6
124 18 12
124 18 16
124 19 39
124 20 30
124 20 39
124 21 20
124 21 24
124 22 3
124 22 20
124 22 21
124 23 4
124 23 32
124 24 25
124 25 1
124 25 15
124 26 26
124 26 27
124 26 33
124 27 37
124 28 39
124 29 20
124 30 17
124 30 31
124 31 39
124 32 5
124 32 36
124 33 35
124 33 36
124 34 10
124 34 22
124 34 38
124 34 39
124 35 3
124 35 7
124 35 15
124 35 33
124 35 39
124 36 40
125 1 1
125 1 39
125 2 7
125 3 39
125 4 4
125 5 5
125 6 7
125 7 57
125 8 8
125 9 2
125 9 21
125 10 22
125 10 57
125 11 26
125 12 25
125 12 57
125 13 24
125 14 6
125 14 20
125 15 10
125 15 39
125 16 3
125 16 13
125 16 25
125 16 33
125 16 51
125 17 15
125 18 2
125 18 16
125 19 17
125 19 25
125 20 19
125 21 11
125 22 12
125 23 38
125 23 54
125 24 53
125 25 28
125 25 29
125 26 54
125 27 27
125 27 53
125 28 34
125 29 2
125 30 23
125 30 36
125 30 39
125 30 43
125 30 44
125 31 54
125 32 37
125 32 39
125 32 45
125 33 40
125 33 42
125 33 49
125 34 41
125 35 9
125 35 20
125 35 40
125 35 54
125 36 39
125 37 8
125 37 31
125 37 57
125 38 46
125 39 30
125 39 39
125 39 47
125 40 7
125 41 36
125 41 50
125 42 48
125 43 2
125 43 4
125 43 7
125 43 14
125 43 18
125 43 32
125 43 39
125 43 48
125 43 53
125 43 55
125 43 57
125 44 52
125 45 57
125 46 39
125 46 56
125 47 35
125 47 39
125 48 58
126 1 2
126 1 4
126 1 11
126 2 3
126 3 4
126 4 4
126 4 5
126 4 14
126 4 18
126 5 12
126 6 4
126 7 8
126 8 6
126 9 7
126 10 4
126 10 8
126 10 9
126 11 10
126 12 4
126 12 15
126 13 4
126 14 1
126 14 4
126 14 16
126 15 4
126 15 13
126 15 17
126 15 19
126 16 4
126 17 20
126 18 4
126 19 21
127 1 2
127 2 2
127 3 66
127 4 1
127 4 39
127 5 10
127 6 5
127 6 33
127 6 42
127 7 5
127 7 29
127 8 6
127 9 68
127 10 7
127 11 8
127 12 12
127 13 9
127 14 42
127 15 13
127 15 14
127 16 4
127 16 11
127 16 14
127 16 15
127 16 45
127 16 51
127 16 62
127 17 25
127 18 10
127 18 21
127 18 24
127 18 52
127 18 57
127 19 19
127 20 14
127 20 20
127 21 52
127 22 22
127 23 26
127 23 39
127 24 16
127 24 25
127 25 23
127 26 27
127 26 48
127 27 39
127 28 18
127 28 40
127 29 39
127 30 32
127 30 36
127 30 39
127 30 40
127 30 46
127 30 49
127 31 30
127 32 34
127 33 37
127 33 50
127 33 59
127 33 66
127 34 3
127 34 14
127 34 38
127 35 14
127 36 31
127 36 35
127 36 39
127 36 43
127 36 44
127 36 65
127 37 39
127 38 14
127 38 41
127 39 14
127 40 39
127 41 14
127 42 39
127 43 14
127 44 39
127 45 55
127 46 39
127 46 54
127 47 55
127 47 56
127 47 64
127 48 39
127 49 58
127 50 47
127 50 66
127 51 60
127 52 61
127 52 68
127 53 62
127 54 63
127 55 14
127 56 28
127 56 39
127 56 52
127 57 17
127 57 52
127 57 53
127 57 66
127 58 67
127 59 5
127 59 68
127 60 69
128 1 8
128 2 18
128 3 35
128 4 19
128 4 29
128 5 9
128 5 34
128 5 35
128 6 5
128 7 4
128 7 10
128 7 11
128 7 13
128 7 17
128 7 19
128 7 28
128 7 31
128 7 35
128 8 46
128 9 2
128 10 1
128 10 7
128 11 8
128 12 3
128 12 35
128 13 5
128 14 2
128 14 8
128 14 35
128 15 6
128 15 12
128 15 32
128 16 14
128 17 16
128 17 35
128 18 19
128 19 15
128 20 21
128 20 36
128 20 43
128 21 18
128 22 4
128 22 33
128 23 41
128 24 19
128 24 20
128 25 21
128 26 22
128 27 25
128 27 30
128 28 23
128 28 27
128 29 4
128 30 19
128 31 4
128 31 25
128 31 26
128 32 29
128 33 4
128 34 35
128 35 35
128 36 19
128 37 32
128 37 35
128 38 21
128 38 39
128 39 37
128 40 24
128 40 38
128 41 41
128 42 4
128 42 42
128 43 45
128 44 40
128 44 44
128 45 46
129 1 1
129 1 42
129 1 44
129 2 2
129 2 35
129 3 3
129 3 36
129 4 5
129 5 38
129 6 12
129 7 8
129 7 39
129 8 8
129 9 14
129 10 27
129 11 18
129 11 19
129 11 27
129 12 16
129 13 7
129 13 15
129 14 17
129 14 25
129 14 33
129 14 46
129 15 14
129 15 22
129 16 8
129 16 14
129 16 27
129 16 35
129 16 41
129 16 44
129 17 11
129 17 24
129 18 29
129 18 43
129 18 46
129 19 27
129 20 46
129 21 10
129 21 26
129 22 5
129 22 24
129 23 28
129 24 9
129 24 23
129 24 46
129 25 27
129 26 46
129 27 38
129 28 27
129 28 32
129 28 34
129 29 27
129 29 31
129 30 36
129 31 34
129 31 37
129 32 6
129 32 7
129 32 13
129 32 21
129 33 24
129 34 40
129 34 41
129 35 47
129 36 2
129 37 46
129 38 27
129 39 45
129 39 47
129 40 20
129 40 47
129 41 46
129 42 21
129 42 30
129 42 35
129 42 38
129 42 47
129 43 4
129 43 48
130 1 1
130 2 1
130 2 5
130 2 7
130 3 4
130 4 2
130 4 9
130 5 5
130 6 6
130 7 2
130 8 2
130 9 6
130 9 9
130 10 3
130 10 8
130 10 17
130 11 11
130 11 12
130 12 11
130 12 12
130 13 7
130 14 13
130 15 10
130 15 14
130 16 14
130 17 15
130 18 16
130 19 17
130 20 18
131 1 1
131 2 2
131 3 3
131 4 4
131 4 6
131 5 6
131 5 7
131 6 5
131 6 6
131 7 8
131 8 9
132 1 1
132 1 12
132 2 2
132 2 17
132 3 3
132 3 4
132 4 6
132 5 2
132 6 17
132 7 7
132 8 12
132 9 10
132 10 8
132 10 9
132 11 17
132 12 4
132 12 5
132 12 8
132 12 12
132 12 14
132 12 17
132 12 19
132 13 11
132 13 12
132 14 7
132 14 15
132 15 16
132 16 17
132 17 13
132 17 14
132 17 18
132 18 19
132 19 20
133 1 2
133 2 2
133 2 26
133 3 15
133 4 33
133 5 28
133 6 8
133 6 29
133 7 26
133 8 18
133 9 1
133 9 8
133 9 10
133 9 11
133 10 14
133 11 6
133 11 14
133 12 2
133 12 8
133 12 14
133 12 33
133 13 15
133 13 25
133 14 5
133 14 13
133 15 7
133 15 18
133 16 3
133 17 18
133 17 20
133 18 2
133 18 17
133 19 19
133 19 22
133 19 28
133 20 2
133 21 23
133 22 2
133 23 26
133 23 34
133 24 33
133 25 23
133 26 8
133 27 3
133 27 15
133 27 18
133 27 21
133 27 23
133 27 27
133 27 28
133 27 30
133 27 33
133 28 31
133 29 29
133 30 2
133 31 12
133 31 32
133 32 9
133 32 26
133 32 32
133 33 4
133 33 24
133 33 33
133 33 36
133 34 33
133 35 31
133 36 2
133 36 37
133 36 39
133 37 16
133 37 35
133 37 38
133 38 40
134 1 5
134 2 5
134 2 6
134 3 7
134 4 3
134 5 22
134 6 3
134 7 7
134 8 9
134 8 12
134 9 24
134 10 11
134 11 12
134 11 15
134 12 12
134 12 14
134 13 13
134 13 16
134 14 3
134 15 1
134 15 2
134 15 3
134 15 4
134 15 8
134 15 10
134 15 17
134 15 18
134 16 19
134 17 20
134 17 21
134 18 21
134 18 22
134 19 23
134 20 13
134 20 24
134 21 25
135 1 1
135 2 2
135 2 39
135 3 2
135 4 2
135 5 30
135 6 4
135 7 33
135 7 36
135 8 10
135 9 11
135 9 45
135 10 45
135 11 18
135 11 22
135 12 15
135 13 9
135 13 16
135 13 41
135 14 45
135 15 12
135 15 15
135 16 45
135 17 14
135 18 45
135 19 18
135 19 20
135 19 23
135 20 19
135 21 21
135 21 45
135 22 17
135 23 4
135 24 12
135 25 10
135 25 14
135 26 6
135 26 24
135 26 27
135 26 31
135 26 35
135 26 40
135 26 45
135 27 3
135 27 6
135 27 26
135 27 30
135 27 34
135 28 6
135 29 10
135 29 28
135 30 29
135 30 37
135 31 10
135 31 32
135 32 36
135 33 45
135 34 22
135 35 38
135 36 44
135 37 2
135 37 5
135 37 7
135 37 8
135 37 10
135 37 16
135 37 25
135 37 43
135 37 45
135 38 42
135 39 13
135 39 36
135 39 44
135 39 45
135 40 0
135 40 46
136 1 9
136 1 16
136 2 16
136 3 3
136 3 4
136 3 10
136 3 16
136 4 16
136 5 5
136 5 6
136 6 2
136 7 6
136 7 9
136 8 7
136 9 8
136 10 16
136 11 12
136 12 11
136 12 16
136 13 16
136 14 13
136 14 16
136 15 1
136 15 12
136 15 14
136 15 15
136 15 16
136 16 16
136 17 17
137 1 5
137 2 43
137 2 45
137 3 43
137 4 48
137 5 7
137 6 13
137 7 10
137 8 4
137 9 8
137 10 1
137 10 7
137 11 7
137 11 11
137 12 43
137 13 3
137 13 43
137 13 48
137 14 7
137 14 20
137 15 10
137 15 24
137 16 43
137 17 9
137 18 14
137 19 15
137 20 2
137 20 5
137 20 9
137 20 17
137 20 26
137 20 31
137 20 40
137 20 43
137 21 21
137 22 20
137 23 23
137 24 22
137 25 6
137 25 20
137 25 33
137 25 39
137 25 41
137 25 46
137 26 4
137 26 19
137 26 25
137 26 48
137 27 39
137 28 26
137 29 18
137 29 41
137 30 9
137 30 29
137 31 14
137 31 27
137 32 32
137 33 33
137 33 42
137 33 44
137 34 43
137 35 11
137 36 20
137 37 30
137 38 16
137 38 36
137 38 46
137 39 9
137 40 44
137 41 46
137 42 28
137 42 39
137 42 47
137 43 41
137 44 41
137 45 26
137 46 44
137 47 32
137 48 34
137 49 35
137 50 12
137 50 19
137 51 37
137 52 38
137 52 49
138 1 33
138 2 6
138 2 21
138 3 4
138 4 4
138 4 5
138 5 21
138 6 24
138 7 8
138 8 12
138 9 9
138 9 10
138 9 13
138 10 9
138 10 12
138 10 15
138 10 16
138 10 24
138 10 28
138 11 12
138 12 12
138 13 23
138 14 7
138 14 16
138 14 27
138 15 22
138 16 11
138 16 18
138 16 19
138 17 2
138 17 12
138 17 20
138 17 25
138 17 33
138 18 3
138 19 9
138 19 23
138 19 26
138 20 22
138 20 24
138 21 24
138 22 14
138 23 24
138 24 1
138 24 17
138 24 26
138 24 29
138 25 31
138 26 6
138 27 8
138 28 16
138 29 6
138 30 14
138 30 32
138 31 6
138 31 24
138 32 33
138 33 35
138 34 14
138 34 36
138 35 33
138 35 34
138 35 37
138 36 38
138 37 22
138 37 30
138 37 39
138 38 40
138 39 41
138 40 42
139 1 1
139 1 23
139 2 5
139 3 3
139 3 4
139 3 14
139 3 15
139 3 18
139 3 19
139 4 19
139 5 7
139 5 23
139 6 19
139 7 2
139 7 8
139 7 19
139 8 19
139 8 20
139 9 19
139 10 6
139 10 9
139 10 12
139 10 13
139 10 19
139 11 11
139 11 15
139 12 18
139 13 16
139 14 19
139 15 21
139 15 23
139 16 22
139 17 10
139 17 17
139 17 19
139 17 23
139 18 24
140 1 8
140 2 8
140 3 3
140 3 4
140 4 5
140 4 7
140 5 1
140 5 2
140 5 4
140 5 6
140 5 8
140 6 8
140 7 9
141 1 1
141 1 9
141 2 2
141 3 10
141 3 12
141 3 20
141 4 2
141 4 3
141 4 6
141 5 17
141 6 3
141 6 9
141 6 14
141 7 17
141 8 7
141 9 3
141 9 7
141 9 15
141 9 18
141 10 5
141 10 8
141 11 4
141 12 3
141 13 3
141 14 3
141 15 2
141 16 3
141 16 11
141 17 13
141 17 16
141 18 20
141 19 3
141 20 3
141 20 17
141 20 19
141 21 3
141 22 21
142 1 6
142 1 8
142 1 28
142 2 1
142 2 2
142 3 25
142 3 28
142 4 3
142 5 27
142 6 10
142 6 27
142 6 28
142 7 4
142 7 7
142 7 28
142 8 10
142 8 17
142 9 24
142 10 27
142 11 12
142 11 21
142 12 23
142 13 22
142 13 27
142 14 5
142 14 9
142 15 27
142 16 11
142 17 27
142 17 29
142 17 30
142 18 26
142 18 28
142 19 14
142 19 15
142 20 16
142 20 20
142 21 2
142 21 13
142 21 14
142 21 16
142 21 18
142 21 19
142 21 24
142 21 27
142 22 31
143 1 2
143 2 33
143 3 1
143 4 18
143 5 2
143 5 5
143 6 2
143 7 18
143 8 33
143 9 7
143 9 12
143 10 11
143 11 2
143 12 9
143 13 33
143 14 10
143 15 22
143 16 15
143 17 4
143 17 14
143 17 27
143 17 32
143 18 17
143 19 16
143 19 33
143 20 19
143 21 15
143 21 20
143 21 21
143 22 18
143 23 2
143 23 3
143 23 6
143 23 13
143 23 15
143 23 17
143 23 18
143 23 31
143 23 33
143 24 8
143 24 22
143 25 23
143 25 30
143 26 23
143 27 18
143 28 33
143 29 18
143 29 25
143 30 17
143 30 26
143 31 33
143 32 15
143 32 28
143 32 29
143 33 19
143 33 33
143 34 15
143 35 12
143 36 18
143 36 24
143 37 33
143 38 12
143 39 15
143 40 34
144 1 59
144 2 1
144 2 8
144 3 2
144 3 25
144 4 3
144 4 7
144 4 24
144 4 36
144 4 49
144 4 51
144 4 56
144 4 71
144 4 80
144 5 42
144 6 42
144 7 28
144 8 6
144 8 23
144 9 49
144 10 8
144 11 8
144 12 9
144 13 10
144 14 11
144 14 70
144 15 12
144 16 15
144 17 13
144 18 10
144 18 16
144 19 17
144 19 18
144 19 48
144 20 17
144 20 42
144 21 19
144 22 20
144 22 31
144 22 35
144 22 44
144 22 50
144 22 64
144 22 68
144 22 76
144 22 79
144 23 21
144 24 25
144 25 28
144 25 60
144 26 22
144 26 28
144 27 42
144 28 49
144 29 25
144 30 42
144 31 42
144 32 28
144 33 70
144 34 5
144 34 6
144 34 8
144 34 9
144 34 26
144 34 27
144 34 30
144 34 38
144 34 42
144 34 43
144 34 59
144 34 70
144 34 73
144 34 75
144 34 81
144 35 20
144 36 2
144 37 17
144 38 33
144 38 59
144 39 32
144 39 34
144 39 66
144 39 67
144 40 20
144 41 49
144 42 37
144 43 6
144 44 38
144 44 39
144 44 45
144 45 38
144 46 40
144 46 46
144 47 6
144 48 2
144 49 20
144 50 40
144 51 49
144 52 20
144 53 2
144 54 49
144 54 53
144 55 57
144 56 42
144 56 54
144 57 30
144 57 55
144 57 65
144 58 2
144 59 37
144 60 73
144 61 57
144 62 29
144 62 37
144 62 42
144 62 58
144 62 69
144 63 75
144 64 42
144 64 52
144 64 62
144 65 75
144 66 30
144 66 61
144 66 63
144 67 20
144 68 42
144 69 2
144 70 17
144 71 34
144 72 34
144 73 20
144 74 42
144 75 8
144 76 42
144 76 72
144 77 28
144 78 42
144 79 42
144 80 20
144 81 77
144 82 42
144 82 74
144 82 78
144 83 20
144 84 2
144 85 42
144 86 4
144 86 42
144 86 83
144 87 42
144 88 14
144 88 41
144 88 47
144 88 82
144 89 42
144 89 82
144 90 84
145 1 1
145 2 2
145 2 5
145 3 3
145 3 23
145 3 27
145 4 5
145 4 16
145 4 20
145 4 23
145 5 4
145 5 5
145 6 5
145 6 6
145 6 21
145 6 29
145 7 5
145 7 7
145 7 15
145 8 5
145 8 9
145 9 10
145 10 11
145 11 25
145 11 26
145 12 14
145 13 16
145 14 21
145 15 16
145 16 8
145 16 14
145 17 13
145 17 17
145 18 20
145 19 19
145 20 21
145 21 21
145 22 21
145 23 21
145 23 24
145 24 22
145 25 12
145 25 25
145 26 28
145 26 29
145 27 18
145 27 26
145 28 30
146 1 1
146 1 16
146 1 23
146 2 7
146 3 4
146 3 5
146 4 28
146 5 20
146 6 9
146 7 7
146 7 8
146 7 29
146 8 6
146 9 11
146 9 13
146 9 36
146 10 39
146 11 12
146 11 18
146 11 35
146 12 11
146 13 31
146 13 39
146 14 7
146 15 4
146 16 3
146 16 25
146 16 32
146 17 16
146 18 17
146 19 39
146 20 35
146 21 2
146 21 14
146 21 16
146 21 19
146 21 24
146 21 26
146 21 35
146 21 39
146 22 39
146 23 39
146 24 39
146 25 17
146 26 22
146 27 15
146 27 16
146 28 27
146 29 39
146 30 6
146 30 10
146 31 33
146 32 36
146 33 31
146 34 34
146 34 39
146 35 30
146 36 39
146 37 37
146 38 16
146 39 38
146 39 39
146 40 32
146 41 16
146 42 16
146 43 13
146 43 20
146 43 21
146 43 32
146 43 37
146 44 40
147 1 1
147 2 1
147 3 2
147 4 3
147 5 1
147 5 5
147 5 7
147 5 14
147 6 4
147 6 5
147 7 7
147 8 6
147 9 8
147 9 16
147 10 8
147 11 8
147 11 10
147 11 18
147 12 5
147 12 15
147 13 5
147 14 8
147 14 11
147 14 12
147 14 13
147 14 21
147 15 9
147 15 14
147 16 14
147 17 13
147 17 19
147 18 8
147 18 20
147 19 17
147 19 18
147 20 12
147 20 22
147 21 23
147 22 23
147 23 23
147 24 5
147 25 24
148 1 2
148 2 1
148 2 5
148 3 3
148 3 29
148 4 17
148 4 22
148 5 5
148 6 6
148 6 18
148 6 28
148 7 29
148 8 13
148 8 29
148 9 25
148 10 8
148 10 23
148 10 30
148 11 2
148 11 7
148 11 11
148 11 12
148 11 22
148 11 29
148 12 10
148 13 6
148 13 14
148 13 24
148 14 13
148 15 23
148 15 32
148 16 13
148 17 15
148 18 32
148 19 29
148 20 19
148 20 29
148 21 20
148 22 13
148 23 32
148 24 21
148 25 4
148 25 16
148 25 24
148 25 25
148 25 27
148 26 13
148 27 29
148 28 26
148 28 27
148 29 32
148 30 22
148 31 9
148 31 25
148 31 29
148 31 31
148 31 32
148 32 32
148 33 23
148 34 5
148 34 32
148 35 33
149 1 3
149 2 2
149 3 1
149 3 3
149 4 3
149 4 5
149 5 4
149 6 3
149 6 7
149 7 5
149 8 6
149 9 9
149 10 8
149 10 10
149 10 11
149 11 12
150 1 1
150 2 17
150 3 15
150 4 16
150 4 23
150 5 15
150 6 5
150 6 6
150 7 15
150 8 6
150 8 32
150 9 10
150 10 10
150 11 10
150 12 13
150 12 15
150 13 11
150 13 12
150 14 14
150 14 22
150 14 25
150 15 8
150 15 15
150 15 32
150 16 19
150 17 16
150 17 18
150 18 17
150 19 15
150 20 4
150 20 15
150 20 16
150 21 14
150 21 20
150 22 31
150 22 36
150 23 2
150 23 21
150 24 18
150 25 31
150 26 27
150 27 3
150 27 28
150 27 29
150 28 31
150 29 31
150 30 28
150 30 30
150 30 37
150 31 33
150 32 7
150 32 9
150 32 17
150 32 24
150 32 27
150 32 31
150 32 37
150 33 26
150 33 34
150 33 35
150 34 38
151 1 3
151 1 15
151 2 2
151 2 7
151 2 10
151 3 10
151 4 14
151 5 1
151 5 10
151 6 14
151 7 10
151 8 10
151 9 7
151 10 10
151 11 9
151 12 9
151 13 10
151 14 8
151 14 10
151 15 4
151 15 10
151 15 13
151 16 14
151 17 9
151 18 10
151 18 11
151 19 10
151 19 16
151 20 6
151 20 16
151 21 10
151 22 15
151 23 10
151 24 5
151 24 10
151 24 15
151 25 16
151 26 10
151 27 12
151 27 17
152 1 6
152 2 6
152 2 7
152 3 11
152 3 17
152 4 9
152 4 41
152 5 32
152 6 10
152 6 41
152 7 8
152 7 11
152 7 27
152 8 12
152 8 13
152 9 41
152 10 14
152 11 32
152 12 16
152 13 11
152 14 41
152 15 41
152 16 41
152 17 19
152 17 25
152 17 41
152 18 41
152 19 26
152 20 34
152 20 38
152 21 20
152 22 21
152 22 41
152 23 22
152 23 29
152 23 33
152 24 30
152 24 34
152 25 23
152 25 24
152 26 8
152 27 41
152 28 41
152 29 32
152 30 41
152 31 41
152 32 11
152 33 41
152 34 9
152 35 41
152 36 31
152 37 33
152 38 34
152 39 41
152 40 4
152 40 34
152 40 40
152 41 2
152 41 3
152 41 5
152 41 18
152 41 28
152 41 35
152 41 37
152 41 41
152 42 39
152 43 18
152 44 41
152 45 32
152 45 36
152 46 9
152 47 41
152 48 41
152 49 15
152 49 35
152 50 41
152 51 1
152 51 42
153 1 1
153 2 2
153 3 3
153 4 16
153 5 5
153 5 12
153 6 10
153 7 7
153 7 12
153 7 15
153 8 8
153 9 9
153 10 10
153 10 24
153 10 34
153 11 10
153 12 3
153 12 12
153 12 14
153 12 17
153 12 30
153 12 32
153 12 33
153 13 11
153 14 13
153 15 12
153 15 29
153 16 4
153 16 16
153 17 17
153 18 11
153 19 8
153 20 12
153 21 20
153 22 19
153 23 21
153 24 25
153 25 26
153 26 23
153 27 24
153 27 27
153 28 28
153 29 30
153 30 30
153 31 6
153 31 12
153 31 22
153 31 31
153 32 12
153 33 10
153 33 18
153 34 36
153 35 35
153 36 37
154 1 1
154 2 2
154 2 19
154 3 14
154 4 14
154 5 5
154 5 10
154 5 14
154 5 15
154 5 23
154 5 26
154 6 14
154 7 12
154 7 14
154 7 22
154 7 27
154 8 15
154 9 14
154 10 14
154 11 2
154 11 9
154 12 6
154 12 11
154 12 14
154 12 16
154 13 2
154 13 3
154 13 4
154 13 17
154 13 18
154 13 22
154 13 25
154 14 14
154 15 14
154 16 22
154 17 13
154 17 14
154 17 20
154 17 21
154 18 7
154 18 8
154 18 22
154 19 24
154 19 27
154 20 28
155 1 1
155 1 2
155 1 3
155 2 9
155 3 5
155 4 17
155 5 10
155 5 17
155 6 11
155 7 17
155 8 5
155 8 14
155 8 31
155 9 17
155 10 17
155 11 4
155 11 7
155 11 8
155 11 11
155 11 13
155 11 21
155 11 23
155 11 26
155 12 16
155 13 31
155 14 12
155 14 17
155 15 21
155 16 15
155 16 17
155 16 20
155 17 17
155 17 19
155 17 23
155 17 31
155 18 17
155 18 22
155 19 23
155 19 24
155 20 25
155 21 27
155 22 28
155 23 29
155 24 18
155 24 30
155 24 31
155 25 31
155 26 6
155 26 25
155 26 31
155 27 32
156 1 1
156 1 4
156 2 2
156 2 4
156 3 6
156 4 7
156 5 3
156 5 10
156 5 14
156 5 33
156 6 4
156 6 9
156 6 18
156 6 28
156 6 37
156 7 11
156 8 10
156 8 13
156 8 22
156 8 24
156 8 42
156 9 13
156 10 5
156 10 10
156 10 15
156 11 16
156 11 38
156 11 44
156 12 21
156 12 43
156 13 37
156 14 9
156 15 19
156 15 22
156 16 20
156 17 23
156 18 37
156 19 8
156 19 10
156 20 33
156 21 12
156 21 26
156 21 31
156 22 46
156 23 27
156 24 18
156 25 33
156 26 37
156 27 33
156 28 34
156 29 37
156 30 35
156 31 17
156 31 25
156 31 30
156 31 37
156 32 11
156 32 18
156 33 36
156 33 37
156 34 32
156 34 39
156 34 45
156 35 46
156 36 38
156 37 37
156 37 40
156 38 41
156 39 9
156 39 23
156 39 29
156 39 43
156 40 47
157 1 1
157 2 1
157 3 2
157 4 3
157 5 4
157 6 5
157 6 7
157 7 7
157 8 1
157 8 6
157 8 7
157 9 8
157 10 9
158 1 1
158 2 3
158 3 2
158 3 3
158 4 5
158 4 21
158 4 25
158 4 56
158 5 4
158 5 40
158 6 7
158 6 16
158 6 40
158 7 8
158 7 14
158 8 9
158 9 10
158 10 11
158 10 27
158 11 45
158 11 51
158 12 27
158 12 31
158 13 17
158 13 51
158 14 27
158 15 6
158 15 18
158 15 20
158 16 14
158 17 15
158 17 21
158 18 27
158 19 23
158 20 18
158 20 27
158 21 28
158 22 7
158 22 52
158 23 22
158 23 41
158 24 41
158 24 55
158 25 30
158 25 32
158 25 35
158 25 40
158 25 49
158 26 40
158 27 12
158 27 36
158 28 19
158 28 21
158 28 23
158 29 33
158 30 54
158 31 34
158 32 40
158 33 14
158 33 39
158 34 24
158 34 41
158 35 37
158 35 38
158 36 14
158 36 36
158 36 42
158 37 44
158 38 41
158 39 14
158 39 26
158 39 48
158 39 51
158 40 27
158 41 51
158 42 41
158 42 43
158 42 46
158 43 27
158 43 44
158 43 47
158 44 14
158 45 27
158 46 52
158 46 53
158 47 13
158 47 50
158 48 29
158 48 51
158 49 41
158 50 56
158 51 57
159 1 4
159 1 20
159 1 22
159 2 2
159 2 12
159 3 3
159 3 22
159 3 39
159 4 22
159 5 7
159 6 7
159 7 7
159 8 7
159 9 22
159 10 5
159 11 22
159 12 7
159 13 18
159 13 35
159 14 7
159 14 14
159 15 15
159 15 24
159 16 18
159 17 17
159 18 16
159 19 19
159 20 7
159 21 7
159 21 21
159 21 22
159 22 8
159 22 13
159 22 23
159 23 10
159 23 18
159 23 26
159 24 6
159 24 22
159 25 7
159 26 8
159 27 7
159 27 28
159 28 22
159 29 7
159 29 29
159 30 30
159 31 8
159 32 14
159 33 7
159 33 9
159 33 25
159 33 31
159 33 32
159 33 40
159 33 42
159 33 47
159 34 7
159 35 7
159 35 27
159 36 22
159 37 34
159 38 18
159 39 7
159 40 1
159 40 7
159 40 11
159 40 33
159 40 41
159 40 44
159 41 38
159 41 46
159 42 37
159 43 22
159 44 7
159 44 36
159 45 22
159 46 7
159 47 18
159 48 7
159 49 7
159 50 46
159 51 7
159 52 45
159 53 14
159 54 7
159 55 7
159 56 22
159 57 21
159 57 43
159 58 48
160 1 2
160 2 3
160 3 6
160 4 9
160 4 26
160 5 7
160 5 16
160 5 37
160 6 10
160 6 34
160 7 11
160 8 16
160 9 13
160 10 14
160 10 15
160 11 6
160 12 19
160 13 18
160 14 16
160 15 10
160 15 23
160 16 8
160 16 24
160 16 30
160 17 20
160 17 25
160 18 21
160 18 24
160 18 29
160 18 34
160 19 24
160 20 6
160 20 27
160 21 22
160 21 28
160 22 1
160 22 33
160 23 30
160 23 33
160 24 12
160 24 31
160 24 32
160 24 39
160 25 5
160 25 39
160 26 3
160 26 4
160 26 6
160 26 16
160 26 33
160 26 35
160 26 42
160 26 45
160 27 36
160 28 38
160 29 33
160 30 13
160 30 30
160 30 40
160 31 41
160 32 45
160 33 6
160 34 43
160 35 5
160 35 17
160 35 44
160 36 16
160 37 47
160 38 46
160 39 48
161 1 1
161 1 6
161 2 2
161 3 1
161 3 27
161 3 28
161 4 3
161 5 4
161 5 23
161 6 23
161 7 3
161 7 23
161 8 28
161 9 28
161 10 23
161 11 7
161 12 7
161 12 8
161 13 9
161 13 28
161 14 11
161 15 12
161 15 21
161 16 11
161 16 12
161 17 13
161 17 16
161 18 15
161 19 14
161 20 10
161 21 18
161 22 17
161 23 19
161 24 22
161 24 25
161 25 20
161 26 10
161 26 28
161 27 2
161 27 5
161 27 23
161 27 24
161 27 26
161 27 28
161 28 29
162 1 27
162 2 1
162 2 18
162 3 8
162 4 13
162 4 20
162 4 24
162 4 46
162 4 49
162 5 3
162 5 6
162 5 42
162 6 9
162 6 19
162 6 29
162 6 56
162 6 59
162 7 10
162 8 10
162 8 18
162 9 11
162 9 12
162 9 60
162 10 18
162 11 5
162 11 16
162 11 41
162 12 14
162 12 34
162 13 15
162 13 27
162 14 17
162 15 6
162 15 11
162 15 17
162 15 18
162 15 28
162 15 31
162 15 32
162 15 37
162 15 54
162 15 55
162 15 58
162 15 61
162 15 64
162 16 9
162 17 18
162 17 20
162 18 4
162 18 21
162 18 41
162 18 45
162 18 62
162 19 22
162 20 7
162 20 23
162 20 61
162 21 18
162 22 25
162 23 32
162 24 18
162 24 35
162 25 27
162 25 53
162 26 9
162 27 18
162 28 18
162 28 30
162 29 31
162 30 18
162 31 18
162 32 18
162 33 18
162 33 36
162 33 40
162 33 63
162 34 41
162 35 43
162 36 27
162 36 44
162 37 47
162 38 26
162 38 41
162 39 48
162 39 52
162 40 41
162 41 51
162 42 2
162 42 33
162 42 52
162 42 55
162 43 18
162 44 50
162 45 31
162 46 20
162 46 57
162 47 18
162 48 18
162 49 18
162 50 38
162 50 65
162 51 39
162 51 66
163 1 1
163 1 3
163 1 6
163 1 7
163 2 1
163 3 1
163 4 2
163 5 1
163 6 4
163 7 5
163 8 1
163 9 3
163 10 7
163 11 8
164 1 1
164 1 9
164 2 5
164 3 3
164 4 4
164 4 9
164 5 14
164 6 7
164 6 9
164 7 8
164 8 9
164 9 5
164 9 6
164 9 9
164 10 10
164 10 14
164 11 2
164 11 3
164 11 9
164 11 11
164 11 13
164 12 12
164 13 14
164 14 14
164 15 15
165 1 25
165 2 22
165 3 1
165 3 6
165 4 3
165 4 4
165 4 21
165 4 27
165 5 8
165 5 22
165 6 24
165 7 17
165 8 2
165 8 22
165 9 12
165 10 12
165 11 6
165 12 4
165 12 5
165 12 12
165 12 17
165 13 7
165 13 23
165 14 11
165 14 22
165 15 6
165 16 16
165 16 22
165 17 12
165 18 18
165 19 14
165 20 9
165 20 13
165 20 15
165 20 19
165 20 20
165 20 22
165 20 28
165 21 10
165 21 22
165 22 18
165 23 19
165 24 24
165 25 15
165 25 24
165 25 26
165 26 25
165 27 22
165 28 22
165 29 29
166 1 13
166 2 2
166 2 4
166 3 1
166 4 3
166 4 4
166 5 4
166 5 6
166 6 7
166 7 8
166 8 5
166 8 14
166 9 4
166 10 11
166 10 12
166 11 9
166 11 13
166 12 19
166 13 15
166 13 16
166 14 16
166 14 19
166 15 17
166 16 1
166 16 7
166 17 10
166 17 17
166 17 18
166 17 19
166 18 20
167 1 1
167 2 3
167 3 17
167 4 3
167 5 4
167 6 15
167 6 23
167 7 3
167 7 6
167 8 3
167 9 8
167 10 9
167 11 11
167 12 10
167 13 3
167 14 12
167 15 3
167 15 13
167 16 2
167 16 14
167 17 3
167 17 12
167 18 16
167 19 3
167 20 13
167 20 19
167 21 3
167 22 21
167 22 22
167 23 5
167 23 26
167 24 3
167 25 7
167 25 17
167 25 23
167 26 25
167 27 3
167 27 18
167 27 20
167 27 21
167 27 23
167 27 24
167 27 26
167 28 27
168 1 1
168 2 2
168 3 5
168 4 4
168 5 3
168 5 5
168 6 7
168 7 7
168 8 7
168 8 8
168 9 6
168 10 2
168 10 9
168 10 10
168 10 11
168 10 17
168 10 18
168 11 14
168 11 18
168 12 13
168 12 18
168 13 15
168 13 16
168 13 18
168 14 11
168 15 12
168 15 18
168 16 18
168 17 19
169 1 4
169 2 19
169 3 8
169 4 3
169 4 13
169 5 18
169 6 7
169 7 6
169 8 16
169 9 17
169 10 11
169 11 9
169 11 19
169 12 19
169 13 14
169 14 15
169 15 13
169 15 15
169 16 19
169 17 16
169 17 19
169 18 1
169 18 5
169 18 8
169 18 12
169 18 17
169 19 19
169 20 2
169 20 10
169 20 17
169 20 19
169 21 20
170 1 23
170 1 37
170 2 49
170 3 30
170 4 37
170 5 2
170 5 3
170 5 5
170 5 28
170 6 6
170 7 36
170 7 49
170 8 9
170 9 11
170 10 1
170 10 10
170 11 14
170 11 37
170 12 4
170 12 18
170 12 37
170 12 39
170 13 33
170 14 37
170 15 15
170 15 37
170 16 3
170 17 20
170 18 17
170 19 21
170 19 37
170 20 3
170 20 7
170 20 12
170 20 22
170 20 37
170 21 11
170 21 47
170 22 8
170 22 9
170 22 24
170 22 30
170 22 35
170 22 37
170 22 49
170 23 26
170 24 27
170 24 37
170 25 49
170 26 43
170 27 29
170 28 37
170 29 44
170 30 37
170 31 32
170 31 37
170 32 13
170 32 33
170 32 41
170 32 46
170 33 37
170 34 37
170 35 26
170 36 37
170 37 49
170 38 37
170 39 40
170 40 30
170 40 42
170 41 37
170 42 31
170 42 49
170 43 16
170 43 19
170 43 43
170 44 45
170 45 44
170 46 6
170 46 34
170 47 48
170 48 40
170 49 11
170 49 25
170 49 30
170 50 38
170 50 50
170 51 51
171 1 14
171 2 4
171 2 12
171 2 14
171 3 14
171 4 10
171 4 14
171 5 2
171 5 3
171 5 5
171 5 7
171 5 8
171 5 11
171 5 13
171 5 14
171 6 9
171 6 14
171 7 12
171 8 1
171 8 6
171 8 14
171 9 15
172 1 1
172 2 5
172 3 2
172 4 4
172 5 4
172 5 6
172 5 9
172 5 10
172 5 11
172 6 3
172 6 6
172 7 8
172 8 11
172 9 8
172 9 11
172 10 7
172 10 11
172 11 12
173 1 22
173 2 1
173 2 3
173 2 7
173 2 10
173 2 18
173 2 22
173 3 4
173 3 9
173 3 18
173 4 5
173 4 22
173 5 6
173 5 11
173 6 11
173 7 8
173 7 22
173 8 22
173 9 14
173 9 18
173 10 22
173 11 16
173 12 13
173 12 17
173 13 2
173 13 15
173 13 18
173 14 13
173 14 22
173 15 12
173 16 19
173 16 22
173 17 20
173 18 22
173 19 21
173 19 22
173 20 23
174 0 34
174 1 1
174 2 9
174 3 1
174 3 15
174 4 6
174 5 2
174 6 7
174 7 5
174 8 6
174 8 9
174 9 8
174 10 4
174 10 8
174 10 15
174 10 18
174 10 20
174 10 21
174 10 33
174 11 10
174 12 7
174 12 23
174 13 12
174 13 15
174 13 22
174 14 13
174 14 15
174 15 7
174 15 11
174 16 9
174 16 19
174 16 26
174 16 33
174 17 3
174 17 22
174 17 24
174 18 16
174 19 17
174 20 9
174 21 21
174 22 9
174 23 30
174 24 9
174 24 14
174 24 20
174 24 25
174 24 28
174 24 29
174 24 31
174 25 15
174 25 32
174 26 27
174 26 33
174 27 14
175 1 2
175 1 12
175 2 1
175 2 3
175 3 1
175 3 4
175 4 7
175 5 10
175 6 11
175 7 5
175 8 6
175 9 7
175 9 13
175 10 11
175 11 15
175 12 10
175 12 11
175 13 11
175 14 9
175 14 11
175 15 13
175 15 15
175 16 1
175 16 8
175 16 11
175 16 14
175 16 15
175 17 11
175 18 16
176 1 2
176 2 2
176 2 3
176 3 1
176 4 4
176 4 5
176 5 6
176 5 18
176 6 7
176 7 2
176 8 9
176 9 10
176 10 11
176 11 12
176 12 13
176 13 10
176 13 14
176 14 15
176 14 18
176 15 16
176 16 17
176 16 18
176 17 2
176 17 8
176 17 16
176 17 18
176 18 19
177 1 1
177 2 3
177 3 2
177 4 19
177 5 5
177 5 6
177 5 27
177 6 4
177 6 6
177 6 11
177 6 19
177 6 26
177 7 23
177 8 19
177 9 9
177 10 9
177 10 10
177 11 6
177 12 12
177 13 13
177 13 16
177 14 14
177 15 2
177 15 15
177 16 16
177 17 17
177 18 7
177 18 18
177 19 19
177 20 20
177 21 21
177 22 22
177 23 23
177 24 24
177 25 6
177 25 25
177 26 19
177 27 8
177 27 28
177 28 19
177 29 29
177 30 30
177 31 31
178 1 17
178 2 2
178 3 3
178 3 7
178 4 9
178 4 11
178 4 15
178 4 19
178 4 21
178 4 22
178 5 8
178 6 10
178 7 2
178 7 5
178 7 7
178 7 11
178 7 32
178 8 8
178 8 12
178 9 17
178 10 2
178 10 17
178 10 20
178 11 13
178 11 16
178 12 11
178 12 14
178 13 16
178 14 7
178 15 7
178 15 18
178 15 24
178 15 29
178 16 4
178 16 29
178 17 1
178 17 7
178 18 23
178 18 31
178 18 32
178 19 11
178 19 30
178 20 25
178 21 6
178 21 26
178 22 27
178 23 11
178 23 28
178 24 33
179 1 1
179 1 9
179 2 2
179 2 3
179 3 1
179 3 2
179 4 6
179 4 27
179 5 4
179 5 25
179 6 7
179 7 5
179 8 8
179 8 25
179 9 10
179 9 11
179 10 12
179 11 12
179 11 13
179 11 15
179 11 24
179 11 25
179 11 26
179 11 27
179 12 13
179 13 13
179 14 10
179 14 16
179 15 18
179 16 17
179 17 19
179 18 14
179 18 20
179 18 25
179 19 22
179 19 23
179 19 27
179 20 27
179 21 25
179 22 13
179 22 21
179 23 25
179 24 10
179 25 25
179 26 28
180 1 21
180 2 2
180 3 24
180 4 38
180 5 9
180 6 9
180 6 44
180 7 11
180 7 22
180 8 6
180 8 7
180 9 8
180 10 42
180 11 40
180 12 13
180 12 16
180 12 22
180 12 25
180 13 3
180 13 14
180 13 42
180 14 15
180 15 17
180 15 43
180 16 5
180 17 19
180 17 42
180 18 27
180 19 4
180 19 21
180 19 28
180 19 31
180 19 37
180 20 42
180 21 23
180 21 42
180 22 42
180 23 5
180 23 18
180 23 29
180 24 30
180 25 30
180 26 1
180 27 42
180 28 21
180 29 22
180 29 28
180 29 35
180 30 42
180 31 42
180 32 18
180 32 38
180 33 32
180 33 39
180 34 12
180 34 21
180 35 24
180 35 26
180 35 33
180 35 42
180 36 10
180 36 21
180 36 34
180 36 45
180 37 9
180 37 41
180 38 9
180 38 20
180 38 30
180 38 36
180 38 42
180 38 45
180 39 46
181 1 6
181 2 2
181 3 3
181 3 4
181 4 8
181 5 9
181 6 6
181 6 9
181 7 1
181 7 9
181 8 5
181 8 7
181 8 9
181 9 2
181 9 3
181 10 10
182 1 1
182 2 2
182 3 3
182 4 4
182 5 4
182 6 5
182 7 17
182 8 17
182 9 4
182 10 4
182 10 6
182 10 8
182 10 11
182 10 17
182 11 7
182 11 9
182 11 11
182 12 11
182 13 10
182 14 14
182 15 14
182 16 13
182 17 17
182 18 15
182 18 16
182 18 17
182 19 12
182 20 18
183 1 1
183 2 2
183 3 1
183 3 5
183 4 6
183 5 4
183 5 7
183 6 7
183 7 3
183 7 7
183 7 8
183 8 9
183 8 24
183 9 12
183 10 11
183 11 12
183 12 10
183 13 14
183 13 22
183 14 13
183 15 15
183 16 18
183 17 15
183 17 19
183 18 16
183 18 20
183 19 17
183 20 7
183 21 7
183 22 7
183 23 12
183 23 24
183 24 7
183 24 23
183 25 24
183 26 21
183 26 25
184 1 1
184 1 28
184 2 1
184 2 2
184 3 3
184 3 21
184 4 2
184 4 4
184 5 5
184 6 6
184 7 7
184 8 48
184 9 15
184 10 2
184 10 10
184 10 13
184 11 42
184 11 49
184 12 12
184 12 51
184 12 58
184 13 11
184 13 40
184 14 15
184 15 16
184 16 17
184 17 12
184 17 17
184 18 6
184 19 50
184 20 15
184 20 50
184 20 56
184 21 19
184 21 23
184 21 34
184 22 20
184 23 14
184 23 25
184 24 31
184 25 12
184 25 22
184 26 33
184 27 15
184 28 2
184 29 32
184 30 9
184 30 33
184 30 44
184 31 31
184 32 27
184 32 30
184 33 15
184 34 24
184 34 37
184 34 48
184 35 25
184 36 26
184 36 36
184 36 39
184 37 8
184 37 35
184 38 12
184 39 12
184 39 38
184 40 17
184 41 15
184 42 30
184 42 46
184 43 2
184 43 15
184 43 18
184 43 29
184 43 30
184 43 43
184 43 59
184 43 61
184 44 15
184 44 45
184 44 53
184 45 51
184 45 60
184 46 12
184 46 47
184 47 53
184 48 3
184 48 12
184 48 54
184 49 15
184 50 12
184 50 52
184 51 53
184 52 55
184 53 15
184 53 41
184 53 57
184 54 61
184 55 62
185 1 14
185 2 2
185 3 1
185 3 3
185 3 14
185 4 5
185 5 14
185 6 7
185 6 8
185 6 14
185 7 12
185 8 9
185 8 10
185 8 14
185 9 11
185 10 13
185 11 5
185 11 6
185 11 13
185 11 14
185 12 4
185 12 15
185 13 14
185 13 16
185 14 17
185 15 14
185 15 18
185 16 14
185 16 19
185 17 20
185 18 21
186 1 2
186 2 1
186 3 6
186 4 3
186 4 4
186 4 11
186 5 3
186 6 7
186 6 11
186 7 6
186 8 9
186 9 5
186 9 6
186 9 8
186 9 11
186 9 13
186 10 11
186 11 10
186 11 12
186 12 11
186 13 6
186 13 14
186 14 16
186 15 11
186 15 15
186 16 1
186 16 17
187 1 1
187 1 5
187 2 2
187 2 5
187 3 6
187 4 3
187 4 7
187 5 3
187 5 5
187 5 8
187 6 7
187 6 9
187 7 5
187 7 11
187 7 20
187 8 12
187 9 13
187 10 10
187 10 13
187 10 22
187 11 16
187 12 14
187 13 5
187 13 15
187 13 16
187 14 18
187 15 11
187 15 17
187 16 18
187 16 19
187 17 20
187 18 20
187 18 21
187 19 24
187 20 4
187 20 11
187 20 23
187 20 24
187 21 25
188 1 26
188 2 1
188 3 2
188 4 3
188 4 10
188 5 4
188 5 5
188 5 22
188 6 6
188 6 17
188 6 18
188 6 22
188 7 7
188 8 7
188 9 9
188 10 22
188 11 22
188 12 12
188 13 16
188 13 22
188 14 15
188 14 22
188 15 14
188 16 19
188 17 13
188 17 19
188 18 20
188 19 22
188 19 23
188 20 8
188 20 19
188 20 21
188 21 23
188 22 11
188 22 22
188 22 24
188 23 25
188 24 26
189 1 1
189 2 2
189 3 3
189 4 4
189 4 34
189 5 34
189 6 6
189 6 59
189 6 70
189 7 7
189 7 50
189 7 60
189 8 38
189 8 70
189 9 10
189 10 10
189 11 10
189 12 9
189 12 48
189 12 50
189 13 15
189 14 12
189 14 28
189 15 13
189 16 50
189 17 11
189 17 47
189 17 58
189 18 17
189 19 17
189 20 7
189 20 51
189 21 60
189 22 19
189 22 20
189 23 20
189 23 23
189 23 43
189 23 62
189 23 66
189 24 60
189 25 22
189 25 41
189 26 33
189 26 50
189 27 15
189 27 26
189 27 47
189 28 25
189 28 27
189 28 29
189 28 70
189 29 28
189 30 4
189 31 18
189 31 21
189 32 30
189 32 47
189 33 7
189 34 13
189 34 33
189 35 50
189 36 60
189 36 64
189 37 37
189 38 36
189 38 40
189 39 16
189 39 50
189 40 8
189 40 39
189 40 60
189 41 50
189 42 28
189 42 42
189 43 5
189 43 50
189 44 60
189 45 46
189 46 24
189 46 45
189 47 7
189 48 50
189 49 32
189 49 34
189 50 52
189 51 50
189 52 17
189 53 50
189 53 53
189 54 56
189 54 70
189 55 57
189 56 4
189 56 35
189 56 44
189 57 50
189 58 50
189 59 49
189 59 54
189 59 63
189 59 69
189 60 60
189 61 67
189 62 50
189 62 65
189 63 61
189 64 27
189 64 68
189 65 4
189 65 10
189 65 14
189 65 31
189 65 50
189 65 55
189 65 61
189 65 69
189 65 70
189 66 71
190 1 1
190 1 2
190 2 3
190 3 14
190 4 6
190 5 5
190 6 5
190 6 9
190 7 10
190 8 11
190 9 14
190 10 14
190 11 13
190 11 14
190 12 4
190 12 7
190 12 8
190 12 11
190 12 12
190 12 14
190 13 15
191 1 1
191 2 1
191 2 11
191 3 17
191 4 4
191 4 17
191 5 5
191 6 6
191 7 6
191 7 24
191 8 8
191 9 9
191 10 10
191 11 8
191 11 11
191 11 14
191 12 12
191 12 18
191 13 7
191 13 29
191 13 34
191 14 15
191 15 9
191 15 17
191 16 13
191 16 36
191 17 13
191 17 16
191 18 26
191 19 21
191 19 23
191 20 29
191 21 26
191 22 11
191 23 11
191 24 19
191 24 27
191 25 26
191 25 28
191 26 2
191 26 21
191 26 25
191 26 26
191 26 35
191 27 32
191 27 37
191 28 31
191 29 11
191 30 20
191 30 33
191 31 26
191 32 11
191 33 37
191 34 38
191 35 3
191 35 22
191 35 30
191 35 39
191 35 41
191 36 26
191 36 40
191 37 41
191 38 42
192 1 1
192 1 11
192 2 2
192 3 3
192 4 5
192 4 11
192 5 4
192 6 6
192 7 7
192 8 9
192 9 8
192 10 10
192 11 11
192 12 12
193 1 1
193 1 3
193 2 1
193 2 2
193 3 12
193 4 6
193 4 12
193 5 12
193 6 7
193 7 8
193 8 10
193 8 12
193 9 11
193 10 12
193 11 4
193 11 5
193 11 9
193 11 12
193 12 13
194 1 6
194 2 7
194 3 3
194 3 8
194 4 3
194 4 5
194 5 19
194 6 10
194 6 11
194 7 2
194 8 4
194 9 38
194 10 2
194 10 20
194 10 23
194 10 26
194 10 29
194 10 30
194 11 13
194 12 14
194 13 3
194 13 16
194 14 15
194 15 3
194 16 7
194 17 3
194 18 1
194 18 3
194 18 19
194 19 9
194 20 22
194 21 12
194 21 17
194 22 3
194 23 19
194 23 25
194 24 3
194 25 19
194 25 21
194 25 27
194 25 32
194 25 34
194 26 3
194 27 17
194 27 24
194 27 27
194 28 31
194 28 37
194 29 36
194 30 31
194 30 37
194 31 28
194 31 38
194 32 3
194 32 9
194 32 18
194 32 35
194 33 33
194 34 39
195 1 1
195 2 2
195 3 3
195 4 3
195 4 4
195 4 10
195 4 12
195 5 6
195 5 8
195 6 3
195 6 5
195 7 2
195 8 9
195 9 7
195 9 10
195 10 11
195 11 16
195 12 13
195 13 14
195 13 16
195 14 11
195 14 15
195 15 8
195 15 10
195 15 16
195 16 17
196 1 1
196 2 2
196 2 5
196 3 1
196 3 3
196 4 4
196 4 5
196 5 2
196 6 7
196 7 1
196 7 8
196 8 6
196 8 8
196 9 9
197 1 7
197 2 2
197 2 6
197 3 7
197 4 5
197 4 7
197 5 1
197 5 3
197 5 4
197 5 7
197 6 8
198 1 1
198 1 6
198 2 2
198 2 36
198 3 6
198 4 8
198 5 9
198 6 47
198 7 5
198 8 10
198 9 11
198 9 47
198 10 15
198 11 13
198 12 10
198 12 14
198 12 26
198 12 30
198 13 12
198 13 15
198 14 19
198 14 37
198 15 17
198 16 18
198 16 52
198 17 7
198 17 23
198 17 34
198 17 46
198 18 47
198 19 3
198 19 24
198 19 29
198 19 47
198 19 49
198 20 52
198 21 22
198 21 52
198 22 16
198 22 27
198 23 45
198 24 28
198 24 52
198 25 31
198 25 45
198 26 32
198 27 8
198 27 44
198 28 35
198 28 48
198 28 52
198 29 38
198 30 4
198 30 47
198 31 37
198 32 48
198 33 40
198 34 37
198 34 42
198 35 10
198 35 33
198 35 43
198 36 37
198 36 39
198 37 45
198 38 21
198 38 41
198 38 47
198 38 51
198 39 47
198 40 48
198 41 20
198 42 6
198 42 16
198 42 25
198 42 47
198 42 52
198 43 50
198 44 37
198 44 54
198 45 15
198 45 53
198 46 20
198 46 37
198 46 46
198 46 47
198 47 55
199 1 1
199 1 2
199 2 3
199 2 14
199 3 5
199 3 27
199 4 24
199 5 5
199 5 6
199 6 10
199 7 9
199 8 7
199 8 8
199 8 9
199 8 10
199 8 24
199 9 11
199 10 13
199 11 14
199 12 4
199 12 12
199 12 15
199 12 18
199 12 21
199 13 16
199 14 17
199 14 24
199 15 19
199 15 24
199 16 20
199 16 24
199 17 22
199 18 10
199 18 23
199 19 24
199 20 24
199 21 25
199 22 27
199 23 26
199 24 28
200 1 1
200 1 2
200 2 1
200 3 4
200 3 9
200 3 39
200 3 44
200 4 41
200 5 47
200 6 45
200 7 43
200 8 6
200 9 20
200 9 45
200 10 7
200 11 8
200 12 7
200 13 25
200 14 15
200 15 25
200 16 19
200 17 17
200 18 21
200 19 25
200 19 42
200 20 12
200 20 25
200 21 22
200 21 23
200 21 31
200 22 23
200 23 43
200 24 38
200 24 43
200 25 4
200 25 10
200 25 13
200 25 14
200 25 21
200 25 25
200 25 28
200 25 33
200 25 36
200 25 41
200 25 43
200 26 5
200 26 24
200 26 25
200 26 35
200 26 40
200 27 29
200 28 30
200 28 44
200 29 46
200 30 34
200 31 29
200 32 7
200 32 19
200 32 23
200 32 25
200 32 47
200 33 18
200 33 26
200 33 44
200 34 16
200 34 34
200 35 36
200 36 11
200 36 27
200 37 25
200 38 34
200 39 25
200 40 19
200 41 25
200 42 32
200 42 37
200 43 48
200 43 49
200 44 3
200 44 49
200 45 50
