1 1 1
1 2 2
1 3 9
1 4 4
1 5 8
1 6 15
1 7 3
1 8 16
1 9 14
1 10 11
1 11 9
1 12 17
1 13 19
1 14 17
1 15 20
2 1 1
2 2 1
2 3 10
2 4 3
2 5 4
2 6 5
2 7 6
2 8 7
2 9 8
2 10 9
2 11 12
2 12 14
2 13 12
2 14 14
2 15 14
2 16 15
3 1 22
3 2 17
3 3 2
3 4 3
3 5 4
3 6 3
3 7 6
3 8 8
3 9 3
3 10 9
3 11 10
3 12 16
3 13 25
3 14 9
3 15 14
3 16 3
3 17 3
3 18 3
3 19 29
3 20 29
3 21 19
3 22 14
3 23 2
3 24 29
3 25 33
3 26 29
3 27 12
3 28 25
3 29 10
3 30 3
3 31 3
3 32 28
3 33 29
3 34 29
3 35 30
3 36 14
3 37 34
3 38 29
3 39 33
3 40 29
3 41 29
3 42 37
3 43 35
3 44 38
4 1 2
4 2 9
4 3 10
4 4 9
4 5 5
4 6 6
4 7 17
4 8 9
4 9 7
4 10 10
4 11 19
4 12 18
4 13 12
4 14 16
4 15 23
4 16 14
4 17 11
4 18 23
4 19 32
4 20 15
4 21 17
4 22 24
4 23 26
4 24 9
4 25 32
4 26 23
4 27 19
4 28 32
4 29 33
5 1 1
5 2 2
5 3 3
5 4 4
5 5 18
5 6 8
5 7 14
5 8 16
5 9 8
5 10 8
5 11 8
5 12 13
5 13 15
5 14 13
5 15 11
5 16 12
5 17 15
5 18 21
5 19 19
5 20 8
5 21 18
5 22 21
5 23 21
5 24 21
5 25 23
6 1 4
6 2 4
6 3 12
6 4 4
6 5 4
6 6 4
6 7 11
6 8 11
6 9 13
6 10 16
6 11 14
6 12 19
6 13 17
6 14 19
6 15 19
6 16 20
7 1 2
7 2 1
7 3 2
7 4 4
7 5 7
7 6 5
7 7 5
7 8 7
7 9 10
7 10 10
7 11 11
8 1 14
8 2 12
8 3 14
8 4 14
8 5 9
8 6 14
8 7 11
8 8 11
8 9 12
8 10 13
8 11 11
8 12 2
8 13 14
8 14 19
8 15 20
8 16 14
8 17 12
8 18 21
9 1 6
9 2 4
9 3 6
9 4 7
10 1 2
10 2 3
10 3 3
10 4 11
10 5 8
10 6 14
10 7 13
10 8 10
10 9 5
10 10 11
10 11 9
10 12 7
10 13 10
10 14 15
10 15 1
10 16 18
10 17 19
10 18 18
10 19 24
10 20 21
10 21 18
10 22 18
10 23 26
10 24 27
10 25 18
10 26 17
10 27 16
10 28 18
10 29 29
10 30 1
10 31 32
10 32 32
10 33 34
11 1 2
11 2 2
11 3 1
11 4 3
11 5 4
11 6 3
11 7 4
11 8 5
12 1 12
12 2 17
12 3 16
12 4 9
12 5 8
12 6 14
12 7 6
12 8 15
12 9 12
12 10 6
12 11 12
12 12 5
12 13 11
12 14 12
12 15 12
12 16 12
12 17 16
12 18 12
12 19 4
12 20 12
12 21 12
12 22 19
13 1 1
13 2 2
13 3 2
13 4 5
13 5 8
13 6 13
13 7 2
13 8 13
13 9 13
13 10 18
13 11 2
13 12 7
13 13 13
13 14 6
13 15 13
13 16 2
13 17 5
13 18 19
13 19 21
13 20 9
13 21 23
13 22 24
13 23 27
13 24 2
13 25 26
13 26 31
13 27 30
13 28 32
14 1 3
14 2 23
14 3 23
14 4 4
14 5 20
14 6 6
14 7 7
14 8 6
14 9 63
14 10 10
14 11 12
14 12 23
14 13 23
14 14 23
14 15 3
14 16 23
14 17 20
14 18 19
14 19 21
14 20 7
14 21 23
14 22 23
14 23 20
14 24 23
14 25 23
14 26 23
14 27 12
14 28 23
14 29 23
14 30 6
14 31 50
14 32 36
14 33 23
14 34 6
14 35 63
14 36 10
14 37 7
14 38 21
14 39 45
14 40 45
14 41 3
14 42 23
14 43 48
14 44 20
14 45 51
14 46 50
14 47 7
14 48 53
14 49 7
14 50 55
14 51 7
14 52 57
14 53 7
14 54 59
14 55 63
14 56 23
14 57 62
14 58 63
14 59 23
14 60 63
14 61 7
14 62 23
14 63 20
14 64 45
14 65 50
14 66 23
14 67 3
14 68 71
14 69 70
14 70 20
14 71 73
14 72 7
14 73 3
14 74 79
14 75 63
14 76 3
14 77 82
14 78 20
14 79 10
14 80 85
15 1 1
15 2 1
15 3 6
15 4 5
15 5 5
15 6 9
15 7 5
15 8 5
15 9 10
16 1 38
16 2 2
16 3 42
16 4 14
16 5 5
16 6 6
16 7 20
16 8 22
16 9 38
16 10 14
16 11 13
16 12 42
16 13 5
16 14 17
16 15 22
16 16 22
16 17 6
16 18 36
16 19 22
16 20 22
16 21 39
16 22 5
16 23 24
16 24 22
16 25 23
16 26 50
16 27 48
16 28 23
16 29 22
16 30 20
16 31 32
16 32 30
16 33 5
16 34 22
16 35 22
16 36 35
16 37 20
16 38 22
16 39 39
16 40 42
16 41 5
16 42 22
16 43 24
16 44 46
16 45 11
16 46 48
16 47 22
16 48 50
17 1 5
17 2 4
17 3 3
17 4 4
17 5 4
17 6 17
17 7 6
17 8 8
17 9 7
17 10 9
17 11 12
17 12 10
17 13 10
17 14 11
17 15 12
17 16 4
17 17 4
17 18 14
17 19 15
17 20 17
17 21 17
17 22 18
18 1 1
18 2 18
18 3 21
18 4 5
18 5 21
18 6 43
18 7 36
18 8 2
18 9 2
18 10 10
18 11 48
18 12 22
18 13 36
18 14 5
18 15 5
18 16 18
18 17 12
18 18 18
18 19 10
18 20 18
18 21 18
18 22 22
18 23 18
18 24 18
18 25 22
18 26 18
18 27 20
18 28 21
18 29 18
18 30 12
18 31 18
18 32 18
18 33 59
18 34 26
18 35 22
18 36 18
18 37 43
18 38 36
18 39 18
18 40 37
18 41 18
18 42 36
18 43 40
18 44 36
18 45 21
18 46 18
18 47 18
18 48 36
18 49 18
18 50 36
18 51 18
18 52 18
18 53 18
18 54 18
18 55 17
18 56 49
18 57 18
18 58 22
18 59 18
18 60 21
18 61 18
18 62 18
18 63 18
18 64 18
18 65 12
18 66 59
18 67 22
18 68 12
18 69 5
18 70 36
18 71 65
18 72 64
18 73 12
18 74 17
18 75 22
18 76 18
18 77 74
18 78 75
19 1 1
19 2 6
19 3 6
19 4 6
19 5 12
19 6 4
19 7 24
19 8 24
19 9 10
19 10 6
19 11 9
19 12 30
19 13 6
19 14 6
19 15 24
19 16 10
19 17 21
19 18 6
19 19 15
19 20 14
19 21 16
19 22 10
19 23 20
19 24 24
19 25 10
19 26 24
19 27 10
19 28 10
19 29 6
19 30 26
19 31 24
19 32 24
19 33 22
19 34 28
19 35 6
19 36 30
19 37 31
20 1 1
20 2 2
20 3 3
20 4 5
20 5 6
20 6 8
20 7 8
20 8 8
20 9 13
20 10 10
20 11 11
20 12 26
20 13 13
20 14 9
20 15 3
20 16 16
20 17 8
20 18 25
20 19 6
20 20 8
20 21 25
20 22 24
20 23 27
20 24 25
20 25 27
20 26 28
20 27 25
20 28 27
20 29 8
20 30 29
21 1 21
21 2 21
21 3 17
21 4 3
21 5 21
21 6 4
21 7 4
21 8 31
21 9 21
21 10 30
21 11 8
21 12 9
21 13 9
21 14 9
21 15 21
21 16 13
21 17 2
21 18 16
21 19 13
21 20 21
21 21 21
21 22 19
21 23 21
21 24 21
21 25 21
21 26 35
21 27 25
21 28 24
21 29 2
21 30 13
21 31 28
21 32 29
21 33 31
21 34 9
21 35 13
21 36 13
21 37 33
21 38 9
21 39 35
21 40 36
22 1 12
22 2 3
22 3 12
22 4 12
22 5 13
22 6 12
22 7 6
22 8 7
22 9 12
22 10 9
22 11 9
22 12 12
22 13 13
22 14 12
22 15 13
22 16 12
22 17 17
22 18 14
22 19 15
22 20 12
22 21 13
22 22 12
22 23 17
22 24 18
23 1 1
23 2 19
23 3 9
23 4 4
23 5 19
23 6 6
23 7 38
23 8 2
23 9 2
23 10 12
23 11 2
23 12 2
23 13 19
23 14 2
23 15 17
23 16 6
23 17 19
23 18 20
23 19 2
23 20 21
23 21 21
23 22 2
23 23 21
23 24 27
23 25 25
23 26 9
23 27 32
23 28 2
23 29 19
23 30 32
23 31 36
23 32 37
23 33 37
23 34 38
23 35 43
23 36 20
23 37 42
23 38 2
23 39 42
23 40 43
24 1 5
24 2 9
24 3 8
24 4 10
24 5 11
24 6 22
24 7 14
24 8 13
24 9 34
24 10 25
24 11 15
24 12 32
24 13 22
24 14 34
24 15 34
24 16 35
24 17 36
24 18 22
24 19 38
24 20 37
24 21 34
24 22 22
24 23 34
24 24 25
24 25 30
24 26 34
24 27 35
24 28 34
24 29 39
25 1 1
25 2 5
25 3 3
25 4 2
25 5 4
25 6 14
25 7 14
25 8 14
25 9 5
25 10 5
25 11 11
25 12 14
25 13 5
25 14 12
25 15 14
25 16 13
25 17 14
25 18 14
25 19 19
25 20 19
25 21 19
25 22 20
26 1 25
26 2 18
26 3 18
26 4 11
26 5 25
26 6 3
26 7 16
26 8 25
26 9 18
26 10 25
26 11 18
26 12 12
26 13 11
26 14 13
26 15 16
26 16 18
26 17 16
26 18 18
26 19 11
26 20 27
26 21 23
26 22 25
26 23 25
26 24 16
26 25 25
26 26 28
27 1 2
27 2 3
27 3 4
27 4 44
27 5 54
27 6 8
27 7 9
27 8 13
27 9 36
27 10 23
27 11 41
27 12 16
27 13 46
27 14 18
27 15 56
27 16 16
27 17 21
27 18 56
27 19 23
27 20 5
27 21 54
27 22 56
27 23 62
27 24 36
27 25 23
27 26 28
27 27 56
27 28 32
27 29 12
27 30 34
27 31 56
27 32 44
27 33 56
27 34 21
27 35 56
27 36 53
27 37 56
27 38 56
27 39 13
27 40 23
27 41 23
27 42 42
27 43 64
27 44 50
27 45 69
27 46 53
27 47 19
27 48 42
27 49 56
27 50 3
27 51 56
27 52 36
27 53 61
27 54 42
27 55 64
27 56 36
27 57 67
27 58 5
27 59 42
27 60 20
27 61 71
27 62 72
28 1 2
28 2 2
28 3 2
28 4 14
28 5 5
28 6 7
28 7 7
28 8 31
28 9 9
28 10 10
28 11 12
28 12 13
28 13 13
28 14 14
28 15 21
28 16 17
28 17 17
28 18 14
28 19 23
28 20 21
28 21 29
28 22 28
28 23 30
28 24 31
28 25 22
28 26 23
28 27 32
29 1 1
29 2 3
29 3 21
29 4 2
29 5 6
29 6 6
29 7 8
29 8 6
29 9 6
29 10 18
29 11 7
29 12 6
29 13 18
29 14 18
29 15 11
29 16 16
29 17 15
29 18 30
29 19 5
29 20 22
29 21 21
29 22 6
29 23 2
29 24 6
29 25 10
29 26 29
29 27 18
29 28 29
29 29 29
29 30 0
30 1 31
30 2 52
30 3 48
30 4 31
30 5 2
30 6 6
30 7 12
30 8 31
30 9 8
30 10 30
30 11 15
30 12 19
30 13 31
30 14 5
30 15 51
30 16 31
30 17 45
30 18 2
30 19 21
30 20 40
30 21 31
30 22 31
30 23 5
30 24 25
30 25 40
30 26 15
30 27 52
30 28 31
30 29 34
30 30 30
30 31 12
30 32 29
30 33 40
30 34 34
30 35 4
30 36 36
30 37 35
30 38 34
30 39 12
30 40 31
30 41 28
30 42 31
30 43 31
30 44 40
30 45 42
30 46 42
30 47 19
30 48 31
30 49 45
30 50 48
30 51 50
30 52 34
30 53 12
30 54 48
30 55 31
30 56 19
30 57 48
30 58 55
30 59 56
31 1 8
31 2 31
31 3 8
31 4 16
31 5 8
31 6 6
31 7 4
31 8 5
31 9 9
31 10 7
31 11 16
31 12 8
31 13 13
31 14 8
31 15 27
31 16 16
31 17 8
31 18 16
31 19 1
31 20 8
31 21 21
31 22 8
31 23 10
31 24 8
31 25 24
31 26 8
31 27 14
31 28 41
31 29 31
31 30 31
31 31 29
31 32 32
31 33 34
31 34 35
31 35 37
31 36 21
31 37 21
31 38 40
31 39 39
31 40 41
32 1 17
32 2 10
32 3 17
32 4 17
32 5 10
32 6 17
32 7 17
32 8 17
32 9 13
32 10 17
32 11 12
32 12 17
32 13 17
32 14 18
33 1 7
33 2 4
33 3 2
33 4 11
33 5 11
33 6 9
33 7 11
33 8 12
34 1 26
34 2 2
34 3 6
34 4 6
34 5 17
34 6 6
34 7 10
34 8 17
34 9 11
34 10 21
34 11 26
34 12 14
34 13 14
34 14 17
34 15 16
34 16 14
34 17 17
34 18 26
34 19 22
34 20 26
34 21 17
34 22 21
34 23 15
34 24 26
34 25 26
34 26 26
34 27 26
34 28 30
35 1 1
35 2 1
35 3 3
35 4 4
35 5 4
35 6 5
35 7 7
35 8 8
36 1 6
36 2 6
36 3 7
36 4 8
36 5 9
36 6 29
36 7 23
36 8 19
36 9 13
36 10 16
36 11 17
36 12 17
36 13 23
36 14 3
36 15 23
36 16 19
36 17 21
36 18 3
36 19 19
36 20 23
36 21 3
36 22 28
36 23 30
36 24 29
36 25 19
36 26 23
36 27 19
36 28 36
37 1 28
37 2 5
37 3 6
37 4 7
37 5 8
37 6 24
37 7 75
37 8 55
37 9 12
37 10 46
37 11 75
37 12 17
37 13 16
37 14 18
37 15 6
37 16 13
37 17 68
37 18 46
37 19 75
37 20 24
37 21 27
37 22 29
37 23 13
37 24 2
37 25 33
37 26 34
37 27 13
37 28 13
37 29 75
37 30 29
37 31 38
37 32 40
37 33 24
37 34 65
37 35 44
37 36 2
37 37 13
37 38 13
37 39 13
37 40 2
37 41 13
37 42 54
37 43 67
37 44 13
37 45 13
37 46 99
37 47 7
37 48 8
37 49 24
37 50 67
37 51 6
37 52 67
37 53 13
37 54 68
37 55 7
37 56 13
37 57 13
37 58 10
37 59 9
37 60 13
37 61 75
37 62 6
37 63 13
37 64 6
37 65 84
37 66 13
37 67 21
37 68 68
37 69 75
37 70 13
37 71 46
37 72 54
37 73 13
37 74 57
37 75 75
37 76 62
37 77 58
37 78 13
37 79 13
37 80 99
38 1 2
38 2 2
38 3 3
38 4 3
38 5 3
38 6 5
38 7 7
38 8 7
38 9 8
39 1 1
39 2 2
39 3 3
39 4 3
39 5 5
39 6 6
39 7 8
39 8 8
39 9 9
39 10 9
39 11 11
39 12 9
39 13 13
39 14 13
39 15 14
40 1 5
40 2 5
40 3 12
40 4 9
40 5 8
40 6 17
40 7 18
40 8 12
40 9 15
40 10 12
40 11 13
40 12 18
40 13 18
40 14 19
41 1 3
41 2 2
41 3 3
41 4 5
41 5 22
41 6 8
41 7 22
41 8 22
41 9 22
41 10 22
41 11 20
41 12 13
41 13 11
41 14 22
41 15 22
41 16 22
41 17 23
42 1 53
42 2 27
42 3 27
42 4 27
42 5 27
42 6 27
42 7 27
42 8 27
42 9 16
42 10 22
42 11 22
42 12 20
42 13 27
42 14 27
42 15 22
42 16 22
42 17 24
42 18 53
42 19 27
42 20 26
42 21 27
42 22 3
42 23 38
42 24 27
42 25 3
42 26 38
42 27 27
42 28 32
42 29 40
42 30 40
42 31 3
42 32 53
42 33 27
42 34 27
42 35 22
42 36 49
42 37 27
42 38 22
42 39 13
42 40 27
42 41 54
43 1 1
43 2 1
43 3 3
43 4 4
43 5 3
43 6 8
43 7 12
43 8 7
43 9 28
43 10 8
43 11 9
43 12 5
43 13 11
43 14 12
43 15 26
43 16 15
43 17 17
43 18 12
43 19 18
43 20 19
43 21 20
43 22 21
43 23 22
43 24 23
43 25 26
43 26 25
43 27 26
43 28 27
43 29 28
43 30 29
44 1 1
44 2 4
44 3 4
44 4 4
44 5 4
44 6 7
44 7 4
44 8 9
44 9 16
44 10 4
44 11 14
44 12 13
44 13 4
44 14 4
44 15 4
44 16 16
44 17 16
44 18 17
45 1 2
45 2 2
45 3 4
45 4 2
45 5 2
45 6 2
45 7 10
45 8 2
45 9 10
45 10 2
45 11 11
45 12 10
45 13 2
45 14 11
45 15 2
45 16 4
45 17 2
45 18 10
45 19 2
45 20 2
45 21 2
45 22 17
46 1 1
46 2 0
46 3 4
46 4 12
46 5 8
46 6 6
46 7 12
46 8 12
46 9 12
46 10 12
46 11 0
47 1 1
47 2 2
47 3 3
47 4 10
47 5 4
47 6 5
47 7 7
47 8 10
47 9 8
47 10 2
47 11 9
47 12 11
47 13 12
48 1 1
48 2 2
48 3 3
48 4 30
48 5 6
48 6 9
48 7 8
48 8 35
48 9 9
48 10 10
48 11 11
48 12 12
48 13 30
48 14 30
48 15 30
48 16 16
48 17 35
48 18 30
48 19 18
48 20 9
48 21 22
48 22 21
48 23 30
48 24 23
48 25 22
48 26 21
48 27 25
48 28 29
48 29 21
48 30 27
48 31 16
48 32 33
48 33 33
48 34 35
48 35 30
48 36 35
48 37 38
48 38 38
48 39 39
49 1 29
49 2 9
49 3 17
49 4 29
49 5 29
49 6 29
49 7 17
49 8 29
49 9 27
49 10 17
49 11 14
49 12 17
49 13 4
49 14 29
49 15 29
49 16 29
49 17 29
49 18 22
49 19 27
49 20 29
49 21 14
49 22 27
49 23 27
49 24 29
49 25 29
49 26 30
50 1 2
50 2 2
50 3 2
50 4 5
50 5 6
50 6 7
50 7 8
50 8 8
50 9 10
50 10 9
50 11 10
50 12 9
50 13 9
50 14 2
50 15 15
50 16 10
50 17 18
50 18 17
50 19 19
50 20 14
50 21 21
50 22 22
50 23 6
50 24 9
50 25 6
50 26 21
50 27 26
50 28 25
50 29 26
50 30 9
50 31 27
51 1 6
51 2 5
51 3 5
51 4 6
51 5 7
51 6 17
51 7 5
51 8 13
51 9 7
51 10 16
51 11 16
51 12 16
51 13 16
51 14 20
52 1 22
52 2 2
52 3 3
52 4 20
52 5 26
52 6 4
52 7 7
52 8 5
52 9 12
52 10 14
52 11 14
52 12 15
52 13 7
52 14 17
52 15 33
52 16 20
52 17 4
52 18 20
52 19 23
52 20 23
52 21 33
52 22 26
52 23 26
52 24 28
52 25 7
52 26 20
52 27 36
52 28 20
52 29 30
52 30 37
53 1 4
53 2 4
53 3 19
53 4 5
53 5 19
53 6 10
53 7 10
53 8 19
53 9 19
53 10 8
53 11 15
53 12 19
53 13 19
53 14 15
53 15 18
53 16 19
53 17 0
54 1 1
54 2 18
54 3 11
54 4 18
54 5 18
54 6 18
54 7 18
54 8 15
54 9 18
54 10 18
54 11 18
54 12 12
54 13 13
54 14 18
54 15 18
54 16 18
54 17 16
54 18 18
54 19 19
55 1 9
55 2 4
55 3 1
55 4 7
55 5 7
55 6 7
55 7 7
55 8 14
55 9 16
55 10 15
55 11 14
55 12 17
56 1 1
56 2 3
56 3 3
56 4 3
56 5 4
57 1 3
57 2 4
57 3 2
57 4 14
57 5 22
57 6 3
57 7 7
57 8 36
57 9 14
57 10 12
57 11 26
57 12 14
57 13 26
57 14 14
57 15 14
57 16 18
57 17 3
57 18 14
57 19 36
57 20 36
57 21 14
57 22 3
57 23 27
57 24 26
57 25 25
57 26 3
57 27 3
57 28 36
57 29 14
57 30 30
57 31 31
57 32 32
57 33 2
57 34 46
57 35 14
57 36 14
57 37 14
57 38 2
57 39 3
57 40 39
57 41 46
57 42 43
57 43 43
57 44 36
57 45 14
57 46 0
58 1 1
58 2 2
58 3 3
58 4 18
58 5 18
58 6 5
58 7 7
58 8 6
58 9 24
58 10 9
58 11 10
58 12 33
58 13 9
58 14 11
58 15 33
58 16 15
58 17 16
58 18 33
58 19 33
58 20 18
58 21 18
58 22 21
58 23 22
58 24 23
58 25 24
58 26 25
58 27 30
58 28 24
58 29 33
58 30 6
58 31 33
58 32 32
58 33 33
58 34 34
58 35 35
58 36 37
58 37 37
58 38 38
59 1 5
59 2 5
59 3 6
59 4 7
59 5 8
59 6 7
59 7 8
59 8 9
59 9 10
59 10 11
60 1 4
60 2 27
60 3 4
60 4 4
60 5 6
60 6 27
60 7 2
60 8 7
60 9 16
60 10 12
60 11 9
60 12 25
60 13 30
60 14 27
60 15 16
60 16 7
60 17 19
60 18 20
60 19 21
60 20 23
60 21 25
60 22 27
60 23 27
60 24 27
60 25 32
61 1 3
61 2 19
61 3 4
61 4 19
61 5 19
61 6 19
61 7 6
61 8 9
61 9 9
61 10 15
61 11 11
61 12 19
61 13 19
61 14 17
61 15 20
62 1 4
62 2 5
62 3 44
62 4 22
62 5 19
62 6 19
62 7 2
62 8 9
62 9 19
62 10 44
62 11 12
62 12 14
62 13 14
62 14 13
62 15 16
62 16 19
62 17 17
62 18 18
62 19 45
62 20 19
62 21 21
62 22 22
62 23 24
62 24 27
62 25 2
62 26 26
62 27 27
62 28 29
62 29 40
62 30 34
62 31 30
62 32 45
62 33 35
62 34 32
62 35 9
62 36 34
62 37 19
62 38 44
62 39 36
62 40 40
62 41 40
62 42 35
62 43 45
62 44 44
62 45 41
62 46 42
62 47 46
63 1 5
63 2 9
63 3 13
63 4 9
63 5 9
63 6 5
63 7 13
63 8 9
63 9 14
64 1 27
64 2 3
64 3 24
64 4 4
64 5 8
64 6 17
64 7 2
64 8 22
64 9 6
64 10 25
64 11 17
64 12 24
64 13 17
64 14 12
64 15 10
64 16 5
64 17 17
64 18 9
64 19 21
64 20 17
64 21 13
64 22 27
64 23 21
64 24 25
64 25 24
64 26 25
64 27 27
64 28 28
65 1 1
65 2 2
65 3 3
65 4 19
65 5 12
65 6 13
65 7 19
65 8 5
65 9 21
65 10 9
65 11 6
65 12 9
65 13 2
65 14 10
65 15 17
65 16 21
65 17 17
65 18 18
65 19 19
65 20 6
65 21 21
65 22 23
65 23 24
65 24 25
65 25 6
65 26 27
65 27 6
65 28 23
65 29 28
65 30 30
65 31 31
66 1 31
66 2 5
66 3 27
66 4 5
66 5 5
66 6 26
66 7 8
66 8 5
66 9 5
66 10 11
66 11 15
66 12 14
66 13 17
66 14 17
66 15 31
66 16 27
66 17 8
66 18 20
66 19 23
66 20 17
66 21 31
66 22 12
66 23 29
66 24 3
66 25 27
66 26 26
66 27 12
66 28 5
66 29 31
66 30 33
66 31 35
66 32 33
66 33 36
66 34 37
67 1 1
67 2 13
67 3 13
67 4 4
67 5 5
67 6 6
67 7 9
67 8 7
67 9 11
67 10 10
67 11 11
67 12 13
67 13 12
67 14 13
67 15 14
68 1 4
68 2 1
68 3 10
68 4 4
68 5 4
68 6 3
68 7 7
68 8 4
68 9 4
68 10 4
68 11 9
68 12 28
68 13 11
68 14 12
68 15 4
68 16 4
68 17 28
68 18 16
68 19 34
68 20 28
68 21 18
68 22 42
68 23 12
68 24 4
68 25 4
68 26 12
68 27 4
68 28 4
68 29 28
68 30 4
68 31 28
68 32 7
68 33 4
68 34 5
68 35 28
68 36 4
68 37 4
68 38 28
68 39 42
68 40 4
68 41 42
68 42 12
68 43 28
68 44 33
68 45 4
68 46 1
68 47 4
68 48 4
68 49 28
68 50 7
68 51 4
68 52 4
68 53 4
68 54 4
68 55 28
68 56 43
68 57 42
68 58 44
69 1 1
69 2 25
69 3 11
69 4 11
69 5 5
69 6 7
69 7 8
69 8 11
69 9 11
69 10 10
69 11 13
69 12 12
69 13 13
69 14 11
69 15 2
69 16 11
69 17 17
69 18 14
69 19 13
69 20 25
69 21 11
69 22 28
69 23 11
69 24 31
69 25 30
69 26 31
69 27 32
70 1 1
70 2 6
70 3 4
70 4 31
70 5 6
70 6 8
70 7 7
70 8 9
70 9 9
70 10 11
70 11 12
70 12 14
70 13 13
70 14 6
70 15 16
70 16 17
70 17 18
70 18 11
70 19 29
70 20 20
70 21 25
70 22 1
70 23 6
70 24 23
70 25 30
70 26 11
70 27 28
70 28 11
70 29 11
70 30 29
70 31 36
70 32 11
70 33 38
71 1 3
71 2 7
71 3 4
71 4 4
71 5 4
71 6 7
71 7 7
71 8 7
71 9 7
71 10 9
71 11 9
71 12 4
71 13 9
71 14 7
71 15 9
71 16 10
71 17 11
72 1 1
72 2 50
72 3 7
72 4 6
72 5 8
72 6 56
72 7 10
72 8 19
72 9 13
72 10 19
72 11 50
72 12 52
72 13 23
72 14 26
72 15 56
72 16 19
72 17 2
72 18 22
72 19 26
72 20 25
72 21 24
72 22 29
72 23 67
72 24 69
72 25 68
72 26 34
72 27 19
72 28 19
72 29 56
72 30 13
72 31 56
72 32 42
72 33 21
72 34 47
72 35 44
72 36 45
72 37 46
72 38 16
72 39 49
72 40 42
72 41 67
72 42 50
72 43 52
72 44 56
72 45 54
72 46 16
72 47 50
72 48 42
72 49 19
72 50 67
72 51 56
72 52 50
72 53 56
72 54 57
72 55 62
72 56 63
72 57 58
72 58 67
72 59 65
72 60 52
72 61 8
72 62 69
72 63 68
72 64 70
73 1 18
73 2 3
73 3 14
73 4 18
73 5 5
73 6 40
73 7 7
73 8 9
73 9 18
73 10 3
73 11 11
73 12 14
73 13 15
73 14 18
73 15 20
73 16 18
73 17 3
73 18 5
73 19 18
73 20 3
73 21 22
73 22 20
73 23 22
73 24 21
73 25 3
73 26 14
73 27 25
73 28 24
73 29 5
73 30 20
73 31 28
73 32 45
73 33 40
73 34 31
73 35 54
73 36 14
73 37 18
73 38 5
73 39 40
73 40 36
73 41 22
73 42 18
73 43 5
73 44 40
73 45 18
73 46 54
73 47 18
73 48 54
73 49 18
73 50 48
73 51 18
73 52 3
73 53 11
73 54 14
73 55 18
73 56 18
73 57 18
73 58 40
73 59 18
73 60 54
73 61 40
73 62 18
73 63 65
73 64 67
73 65 3
73 66 22
73 67 70
73 68 73
73 69 3
73 70 18
73 71 5
73 72 20
73 73 24
73 74 79
74 1 3
74 2 2
74 3 3
74 4 7
74 5 4
74 6 7
74 7 7
74 8 7
74 9 23
74 10 12
74 11 12
74 12 13
74 13 13
74 14 17
74 15 16
74 16 15
74 17 17
74 18 19
74 19 7
74 20 20
74 21 23
74 22 21
74 23 24
75 1 1
75 2 16
75 3 6
75 4 6
75 5 6
75 6 32
75 7 35
75 8 12
75 9 12
75 10 37
75 11 17
75 12 35
75 13 42
75 14 12
75 15 37
75 16 20
75 17 6
75 18 16
75 19 6
75 20 30
75 21 32
75 22 23
75 23 18
75 24 12
75 25 35
75 26 36
75 27 37
75 28 38
75 29 37
75 30 37
75 31 37
75 32 40
75 33 29
75 34 44
75 35 43
75 36 45
76 1 6
76 2 6
76 3 6
76 4 6
76 5 6
76 6 6
76 7 6
76 8 4
76 9 5
76 10 6
76 11 6
76 12 6
76 13 7
77 1 4
77 2 5
77 3 6
77 4 27
77 5 8
77 6 11
77 7 44
77 8 13
77 9 14
77 10 27
77 11 19
77 12 19
77 13 31
77 14 40
77 15 19
77 16 19
77 17 19
77 18 19
77 19 19
77 20 6
77 21 28
77 22 19
77 23 19
77 24 27
77 25 36
77 26 19
77 27 6
77 28 41
77 29 41
77 30 40
77 31 31
77 32 19
77 33 45
78 1 8
78 2 8
78 3 8
78 4 8
78 5 8
78 6 8
78 7 8
78 8 8
78 9 9
79 1 2
79 2 10
79 3 33
79 4 33
79 5 3
79 6 3
79 7 8
79 8 33
79 9 19
79 10 9
79 11 33
79 12 33
79 13 15
79 14 3
79 15 19
79 16 33
79 17 14
79 18 3
79 19 5
79 20 33
79 21 33
79 22 5
79 23 33
79 24 3
79 25 19
79 26 33
79 27 33
79 28 17
79 29 19
79 30 3
79 31 33
79 32 33
79 33 3
79 34 25
79 35 33
79 36 3
79 37 33
79 38 33
79 39 3
79 40 10
79 41 33
79 42 34
80 1 1
80 2 2
80 3 3
80 4 5
80 5 5
80 6 25
80 7 6
80 8 27
80 9 5
80 10 30
80 11 23
80 12 16
80 13 17
80 14 10
80 15 16
80 16 14
80 17 5
80 18 23
80 19 31
80 20 21
80 21 21
80 22 25
80 23 16
80 24 6
80 25 16
80 26 25
80 27 19
80 28 16
80 29 29
80 30 19
80 31 31
80 32 31
80 33 33
80 34 35
80 35 34
80 36 36
81 1 15
81 2 4
81 3 1
81 4 15
81 5 15
81 6 11
81 7 15
81 8 15
81 9 15
81 10 7
81 11 15
81 12 10
81 13 12
81 14 11
81 15 15
81 16 15
81 17 15
81 18 16
82 1 1
82 2 9
82 3 1
82 4 9
82 5 3
82 6 9
82 7 9
82 8 9
82 9 9
82 10 9
82 11 10
83 1 13
83 2 23
83 3 21
83 4 30
83 5 13
83 6 7
83 7 23
83 8 13
83 9 3
83 10 23
83 11 13
83 12 23
83 13 13
83 14 13
83 15 13
83 16 13
83 17 23
83 18 13
83 19 13
83 20 25
83 21 13
83 22 31
83 23 35
83 24 13
83 25 36
84 1 17
84 2 18
84 3 37
84 4 27
84 5 42
84 6 3
84 7 2
84 8 37
84 9 25
84 10 31
84 11 24
84 12 14
84 13 35
84 14 14
84 15 14
84 16 10
84 17 15
84 18 31
84 19 7
84 20 22
84 21 37
84 22 22
84 23 25
84 24 37
84 25 31
84 26 24
84 27 14
84 28 28
84 29 37
84 30 37
84 31 7
84 32 37
84 33 32
84 34 37
84 35 37
84 36 42
84 37 43
84 38 39
84 39 37
84 40 22
84 41 37
84 42 44
85 1 1
85 2 5
85 3 4
85 4 2
85 5 6
85 6 11
85 7 6
85 8 10
85 9 6
85 10 6
85 11 18
85 12 14
85 13 16
85 14 7
85 15 6
85 16 18
85 17 11
85 18 11
85 19 25
86 1 13
86 2 33
86 3 33
86 4 4
86 5 4
86 6 34
86 7 4
86 8 4
86 9 4
86 10 4
86 11 19
86 12 19
86 13 61
86 14 4
86 15 4
86 16 19
86 17 4
86 18 13
86 19 29
86 20 30
86 21 13
86 22 4
86 23 4
86 24 34
86 25 19
86 26 13
86 27 4
86 28 39
86 29 40
86 30 41
86 31 46
86 32 4
86 33 47
86 34 49
86 35 50
86 36 50
86 37 4
86 38 13
86 39 52
86 40 13
86 41 13
86 42 54
86 43 13
86 44 13
86 45 4
86 46 26
86 47 4
86 48 61
86 49 41
86 50 17
86 51 50
86 52 44
86 53 42
86 54 4
86 55 39
87 1 1
87 2 19
87 3 3
87 4 2
87 5 18
87 6 18
87 7 8
87 8 16
87 9 9
87 10 5
87 11 18
87 12 16
87 13 15
87 14 18
87 15 11
87 16 15
87 17 19
87 18 12
87 19 18
87 20 18
87 21 19
87 22 20
87 23 22
87 24 21
87 25 23
88 1 3
88 2 19
88 3 16
88 4 5
88 5 4
88 6 6
88 7 10
88 8 9
88 9 12
88 10 15
88 11 14
88 12 16
88 13 17
88 14 19
88 15 16
88 16 19
88 17 19
88 18 23
89 1 21
89 2 37
89 3 27
89 4 4
89 5 4
89 6 26
89 7 25
89 8 26
89 9 25
89 10 25
89 11 25
89 12 37
89 13 37
89 14 21
89 15 19
89 16 20
89 17 34
89 18 38
89 19 32
89 20 24
89 21 32
89 22 30
89 23 25
89 24 41
89 25 29
89 26 38
89 27 18
89 28 29
89 29 37
89 30 25
89 31 30
89 32 18
89 33 37
89 34 37
89 35 38
89 36 25
89 37 39
89 38 21
89 39 0
90 1 1
90 2 2
90 3 4
90 4 3
90 5 5
90 6 6
90 7 8
90 8 7
90 9 9
90 10 9
90 11 10
90 12 10
90 13 12
90 14 15
90 15 14
90 16 14
90 17 16
91 1 18
91 2 2
91 3 13
91 4 4
91 5 5
91 6 13
91 7 8
91 8 37
91 9 12
91 10 34
91 11 18
91 12 16
91 13 13
91 14 29
91 15 14
91 16 37
91 17 32
91 18 32
91 19 37
91 20 18
91 21 23
91 22 24
91 23 18
91 24 35
91 25 32
91 26 32
91 27 9
91 28 12
91 29 37
91 30 16
91 31 12
91 32 15
91 33 18
91 34 12
91 35 16
91 36 28
91 37 29
91 38 30
91 39 24
91 40 24
91 41 33
91 42 35
91 43 37
91 44 12
91 45 35
91 46 39
91 47 40
92 1 29
92 2 6
92 3 7
92 4 29
92 5 9
92 6 29
92 7 15
92 8 29
92 9 18
92 10 17
92 11 23
92 12 20
92 13 26
92 14 14
92 15 14
92 16 29
92 17 29
92 18 27
92 19 29
92 20 29
92 21 29
92 22 29
92 23 29
92 24 15
92 25 6
92 26 30
93 1 15
93 2 9
93 3 5
93 4 5
93 5 7
93 6 9
93 7 7
93 8 15
93 9 15
93 10 14
93 11 9
93 12 15
93 13 15
93 14 16
94 1 1
94 2 32
94 3 16
94 4 16
94 5 16
94 6 27
94 7 32
94 8 16
94 9 27
94 10 16
94 11 6
94 12 16
94 13 12
94 14 32
94 15 22
94 16 27
94 17 15
94 18 30
94 19 27
94 20 14
94 21 15
94 22 16
94 23 15
94 24 15
94 25 30
94 26 40
94 27 16
94 28 11
94 29 27
94 30 16
94 31 22
94 32 24
94 33 16
94 34 16
94 35 16
94 36 32
94 37 30
94 38 27
94 39 35
94 40 2
94 41 3
94 42 32
94 43 38
94 44 39
94 45 0
95 1 1
95 2 1
95 3 4
95 4 3
95 5 4
95 6 6
95 7 7
95 8 10
95 9 1
95 10 11
95 11 11
95 12 15
95 13 13
95 14 16
96 1 1
96 2 1
96 3 5
96 4 6
96 5 7
96 6 7
96 7 3
96 8 8
96 9 10
96 10 7
96 11 18
96 12 11
96 13 7
96 14 7
96 15 11
96 16 18
96 17 19
97 1 2
97 2 18
97 3 18
97 4 5
97 5 6
97 6 11
97 7 4
97 8 18
97 9 18
97 10 21
97 11 10
97 12 13
97 13 18
97 14 18
97 15 13
97 16 19
97 17 18
97 18 22
97 19 18
97 20 23
98 1 1
98 2 1
98 3 13
98 4 13
98 5 13
98 6 6
98 7 7
98 8 13
98 9 13
98 10 10
98 11 13
98 12 13
98 13 12
98 14 14
99 1 30
99 2 27
99 3 3
99 4 3
99 5 1
99 6 10
99 7 3
99 8 10
99 9 30
99 10 5
99 11 5
99 12 13
99 13 11
99 14 12
99 15 13
99 16 10
99 17 20
99 18 34
99 19 14
99 20 30
99 21 10
99 22 18
99 23 23
99 24 27
99 25 13
99 26 28
99 27 24
99 28 26
99 29 25
99 30 10
99 31 26
99 32 30
99 33 29
99 34 35
100 1 2
100 2 14
100 3 7
100 4 12
100 5 13
100 6 14
100 7 7
100 8 14
100 9 14
100 10 16
100 11 7
100 12 18
100 13 14
100 14 14
100 15 9
100 16 14
100 17 8
100 18 10
100 19 20
101 1 1
101 2 5
101 3 8
101 4 8
101 5 7
101 6 8
101 7 8
101 8 7
101 9 12
101 10 8
101 11 11
101 12 11
101 13 14
101 14 13
101 15 15
102 1 3
102 2 3
102 3 9
102 4 25
102 5 9
102 6 3
102 7 9
102 8 10
102 9 9
102 10 10
102 11 10
102 12 10
102 13 11
102 14 10
102 15 3
102 16 3
102 17 25
102 18 2
102 19 23
102 20 3
102 21 3
102 22 18
102 23 19
102 24 19
102 25 11
102 26 24
102 27 25
102 28 27
102 29 9
102 30 29
102 31 3
102 32 31
103 1 4
103 2 5
103 3 2
103 4 16
103 5 29
103 6 2
103 7 8
103 8 11
103 9 11
103 10 25
103 11 13
103 12 29
103 13 11
103 14 2
103 15 22
103 16 19
103 17 3
103 18 23
103 19 24
103 20 25
103 21 27
103 22 26
103 23 28
103 24 2
103 25 31
103 26 32
104 1 12
104 2 2
104 3 56
104 4 42
104 5 12
104 6 21
104 7 21
104 8 48
104 9 14
104 10 21
104 11 14
104 12 21
104 13 16
104 14 21
104 15 5
104 16 56
104 17 50
104 18 42
104 19 23
104 20 21
104 21 48
104 22 26
104 23 21
104 24 33
104 25 56
104 26 21
104 27 25
104 28 29
104 29 53
104 30 31
104 31 34
104 32 21
104 33 16
104 34 55
104 35 14
104 36 38
104 37 48
104 38 44
104 39 8
104 40 46
104 41 48
104 42 14
104 43 53
104 44 56
104 45 56
104 46 55
104 47 57
105 1 31
105 2 6
105 3 3
105 4 14
105 5 22
105 6 34
105 7 12
105 8 9
105 9 8
105 10 13
105 11 14
105 12 15
105 13 26
105 14 17
105 15 18
105 16 19
105 17 14
105 18 24
105 19 22
105 20 35
105 21 34
105 22 29
105 23 31
105 24 30
105 25 34
105 26 1
105 27 34
105 28 36
105 29 37
106 1 1
106 2 2
106 3 5
106 4 7
106 5 8
106 6 10
106 7 8
106 8 9
106 9 10
106 10 11
107 1 1
107 2 3
107 3 4
107 4 5
107 5 6
107 6 10
107 7 10
107 8 9
107 9 5
107 10 14
107 11 12
107 12 11
107 13 16
107 14 31
107 15 31
107 16 16
107 17 19
107 18 16
107 19 22
107 20 22
107 21 21
107 22 24
107 23 16
107 24 25
107 25 27
107 26 26
107 27 28
107 28 29
107 29 30
107 30 31
107 31 32
107 32 33
108 1 1
108 2 2
108 3 11
108 4 4
108 5 6
108 6 5
108 7 10
108 8 9
108 9 8
108 10 11
108 11 11
108 12 10
108 13 11
108 14 12
108 15 13
108 16 14
108 17 17
108 18 16
108 19 17
108 20 18
109 1 14
109 2 21
109 3 14
109 4 4
109 5 25
109 6 27
109 7 30
109 8 8
109 9 28
109 10 41
109 11 7
109 12 9
109 13 30
109 14 14
109 15 14
109 16 14
109 17 39
109 18 15
109 19 6
109 20 7
109 21 51
109 22 19
109 23 54
109 24 9
109 25 24
109 26 24
109 27 23
109 28 3
109 29 38
109 30 30
109 31 39
109 32 35
109 33 14
109 34 15
109 35 35
109 36 52
109 37 9
109 38 30
109 39 14
109 40 48
109 41 43
109 42 43
109 43 44
109 44 45
109 45 15
109 46 14
109 47 53
109 48 30
109 49 51
109 50 14
109 51 53
109 52 14
109 53 55
110 1 3
110 2 3
110 3 3
110 4 31
110 5 5
110 6 6
110 7 7
110 8 14
110 9 14
110 10 14
110 11 14
110 12 3
110 13 3
110 14 18
110 15 17
110 16 11
110 17 18
110 18 17
110 19 17
110 20 12
110 21 22
110 22 28
110 23 3
110 24 31
110 25 14
110 26 18
110 27 33
110 28 34
110 29 35
111 1 1
111 2 1
111 3 3
111 4 11
111 5 11
111 6 11
111 7 11
111 8 9
111 9 8
111 10 11
111 11 11
111 12 9
111 13 11
111 14 10
111 15 12
112 1 17
112 2 2
112 3 2
112 4 4
112 5 4
112 6 17
112 7 2
112 8 20
112 9 8
112 10 12
112 11 6
112 12 2
112 13 20
112 14 2
112 15 8
112 16 25
112 17 17
112 18 19
112 19 28
112 20 20
112 21 30
112 22 23
112 23 9
112 24 2
112 25 9
112 26 2
112 27 2
112 28 19
112 29 8
112 30 7
112 31 31
113 1 17
113 2 24
113 3 12
113 4 15
113 5 4
113 6 5
113 7 26
113 8 7
113 9 8
113 10 5
113 11 12
113 12 12
113 13 12
113 14 24
113 15 10
113 16 8
113 17 24
113 18 17
113 19 17
113 20 16
113 21 18
113 22 21
113 23 21
113 24 24
113 25 8
113 26 24
113 27 17
113 28 12
113 29 5
113 30 24
113 31 26
113 32 27
114 1 22
114 2 4
114 3 4
114 4 10
114 5 7
114 6 7
114 7 9
114 8 17
114 9 11
114 10 13
114 11 15
114 12 17
114 13 19
114 14 19
114 15 21
114 16 21
114 17 22
115 1 3
115 2 3
115 3 4
115 4 5
115 5 16
115 6 5
115 7 19
115 8 16
115 9 15
115 10 16
115 11 19
115 12 8
115 13 15
115 14 10
115 15 19
115 16 12
115 17 16
115 18 14
115 19 6
115 20 13
115 21 4
115 22 16
115 23 13
115 24 15
115 25 6
115 26 7
115 27 22
115 28 19
115 29 24
115 30 16
115 31 25
115 32 26
116 1 1
116 2 1
116 3 25
116 4 6
116 5 6
116 6 6
116 7 6
116 8 7
116 9 8
116 10 30
116 11 25
116 12 7
116 13 13
116 14 14
116 15 30
116 16 26
116 17 16
116 18 30
116 19 8
116 20 30
116 21 27
116 22 6
116 23 6
116 24 30
116 25 25
116 26 30
116 27 30
116 28 31
116 29 32
116 30 30
116 31 33
117 1 16
117 2 2
117 3 4
117 4 6
117 5 11
117 6 4
117 7 11
117 8 13
117 9 32
117 10 36
117 11 45
117 12 6
117 13 48
117 14 41
117 15 2
117 16 11
117 17 9
117 18 10
117 19 36
117 20 36
117 21 32
117 22 11
117 23 45
117 24 36
117 25 33
117 26 36
117 27 32
117 28 18
117 29 36
117 30 20
117 31 52
117 32 36
117 33 45
117 34 32
117 35 30
117 36 31
117 37 48
117 38 33
117 39 36
117 40 48
117 41 11
117 42 36
117 43 2
117 44 31
117 45 43
117 46 42
117 47 31
117 48 4
117 49 7
117 50 36
117 51 36
117 52 17
117 53 36
117 54 33
117 55 48
117 56 36
117 57 36
117 58 23
117 59 36
117 60 11
117 61 36
117 62 56
118 1 1
118 2 12
118 3 3
118 4 17
118 5 10
118 6 8
118 7 10
118 8 9
118 9 10
118 10 11
118 11 10
118 12 12
118 13 12
118 14 13
118 15 15
118 16 12
118 17 17
118 18 18
118 19 17
118 20 17
118 21 21
118 22 22
119 1 1
119 2 8
119 3 3
119 4 2
119 5 4
119 6 14
119 7 8
119 8 7
119 9 17
119 10 8
119 11 19
119 12 19
119 13 12
119 14 11
119 15 14
119 16 14
119 17 14
119 18 19
119 19 17
119 20 19
119 21 19
119 22 20
120 1 13
120 2 6
120 3 2
120 4 45
120 5 2
120 6 12
120 7 8
120 8 9
120 9 10
120 10 40
120 11 12
120 12 45
120 13 13
120 14 14
120 15 16
120 16 19
120 17 8
120 18 40
120 19 21
120 20 40
120 21 26
120 22 35
120 23 13
120 24 40
120 25 2
120 26 26
120 27 27
120 28 29
120 29 40
120 30 30
120 31 31
120 32 45
120 33 34
120 34 33
120 35 9
120 36 36
120 37 26
120 38 22
120 39 45
120 40 40
120 41 14
120 42 12
120 43 45
120 44 40
120 45 12
120 46 45
120 47 46
121 1 44
121 2 35
121 3 44
121 4 39
121 5 40
121 6 12
121 7 14
121 8 44
121 9 14
121 10 7
121 11 39
121 12 7
121 13 7
121 14 17
121 15 14
121 16 20
121 17 32
121 18 46
121 19 22
121 20 23
121 21 40
121 22 24
121 23 8
121 24 46
121 25 39
121 26 46
121 27 38
121 28 39
121 29 31
121 30 20
121 31 34
121 32 21
121 33 39
121 34 41
121 35 28
121 36 40
121 37 46
121 38 44
121 39 39
121 40 47
121 41 46
121 42 44
121 43 48
122 1 9
122 2 9
122 3 2
122 4 3
122 5 4
122 6 42
122 7 25
122 8 49
122 9 21
122 10 25
122 11 21
122 12 40
122 13 9
122 14 48
122 15 7
122 16 9
122 17 44
122 18 12
122 19 13
122 20 55
122 21 25
122 22 48
122 23 42
122 24 22
122 25 19
122 26 21
122 27 25
122 28 25
122 29 21
122 30 22
122 31 25
122 32 35
122 33 4
122 34 20
122 35 9
122 36 6
122 37 27
122 38 21
122 39 30
122 40 29
122 41 10
122 42 25
122 43 43
122 44 38
122 45 2
122 46 40
122 47 41
122 48 9
122 49 25
122 50 48
122 51 42
122 52 1
122 53 25
122 54 4
122 55 6
122 56 25
122 57 54
122 58 13
122 59 47
122 60 56
122 61 55
122 62 57
123 1 1
123 2 4
123 3 3
123 4 11
123 5 6
123 6 7
123 7 8
123 8 19
123 9 8
123 10 9
123 11 12
123 12 13
123 13 14
123 14 8
123 15 8
123 16 9
123 17 20
123 18 17
123 19 19
123 20 23
123 21 19
123 22 22
123 23 23
123 24 26
123 25 12
123 26 17
123 27 17
123 28 19
123 29 8
123 30 30
123 31 31
124 1 3
124 2 2
124 3 3
124 4 39
124 5 32
124 6 33
124 7 9
124 8 33
124 9 39
124 10 37
124 11 12
124 12 13
124 13 17
124 14 13
124 15 18
124 16 14
124 17 6
124 18 12
124 19 39
124 20 39
124 21 20
124 22 3
124 23 32
124 24 25
124 25 15
124 26 33
124 27 37
124 28 39
124 29 20
124 30 17
124 31 39
124 32 36
124 33 36
124 34 39
124 35 33
124 36 40
125 1 39
125 2 7
125 3 39
125 4 4
125 5 5
125 6 7
125 7 57
125 8 8
125 9 2
125 10 57
125 11 26
125 12 57
125 13 24
125 14 20
125 15 39
125 16 25
125 17 15
125 18 2
125 19 25
125 20 19
125 21 11
125 22 12
125 23 54
125 24 53
125 25 29
125 26 54
125 27 53
125 28 34
125 29 2
125 30 39
125 31 54
125 32 39
125 33 40
125 34 41
125 35 54
125 36 39
125 37 57
125 38 46
125 39 39
125 40 7
125 41 36
125 42 48
125 43 39
125 44 52
125 45 57
125 46 39
125 47 39
125 48 58
126 1 4
126 2 3
126 3 4
126 4 4
126 5 12
126 6 4
126 7 8
126 8 6
126 9 7
126 10 4
126 11 10
126 12 4
126 13 4
126 14 4
126 15 4
126 16 4
126 17 20
126 18 4
126 19 21
127 1 2
127 2 2
127 3 66
127 4 39
127 5 10
127 6 5
127 7 5
127 8 6
127 9 68
127 10 7
127 11 8
127 12 12
127 13 9
127 14 42
127 15 14
127 16 14
127 17 25
127 18 52
127 19 19
127 20 14
127 21 52
127 22 22
127 23 39
127 24 25
127 25 23
127 26 48
127 27 39
127 28 40
127 29 39
127 30 39
127 31 30
127 32 34
127 33 66
127 34 14
127 35 14
127 36 39
127 37 39
127 38 14
127 39 14
127 40 39
127 41 14
127 42 39
127 43 14
127 44 39
127 45 55
127 46 39
127 47 55
127 48 39
127 49 58
127 50 66
127 51 60
127 52 68
127 53 62
127 54 63
127 55 14
127 56 39
127 57 52
127 58 67
127 59 68
127 60 69
128 1 8
128 2 18
128 3 35
128 4 19
128 5 35
128 6 5
128 7 4
128 8 46
128 9 2
128 10 7
128 11 8
128 12 35
128 13 5
128 14 35
128 15 32
128 16 14
128 17 35
128 18 19
128 19 15
128 20 21
128 21 18
128 22 4
128 23 41
128 24 19
128 25 21
128 26 22
128 27 25
128 28 27
128 29 4
128 30 19
128 31 4
128 32 29
128 33 4
128 34 35
128 35 35
128 36 19
128 37 35
128 38 21
128 39 37
128 40 24
128 41 41
128 42 4
128 43 45
128 44 44
128 45 46
129 1 44
129 2 35
129 3 36
129 4 5
129 5 38
129 6 12
129 7 8
129 8 8
129 9 14
129 10 27
129 11 27
129 12 16
129 13 7
129 14 17
129 15 14
129 16 27
129 17 24
129 18 46
129 19 27
129 20 46
129 21 26
129 22 24
129 23 28
129 24 46
129 25 27
129 26 46
129 27 38
129 28 27
129 29 27
129 30 36
129 31 34
129 32 21
129 33 24
129 34 41
129 35 47
129 36 2
129 37 46
129 38 27
129 39 47
129 40 47
129 41 46
129 42 35
129 43 48
130 1 1
130 2 1
130 3 4
130 4 2
130 5 5
130 6 6
130 7 2
130 8 2
130 9 9
130 10 17
130 11 11
130 12 12
130 13 7
130 14 13
130 15 14
130 16 14
130 17 15
130 18 16
130 19 17
130 20 18
131 1 1
131 2 2
131 3 3
131 4 6
131 5 6
131 6 6
131 7 8
131 8 9
132 1 12
132 2 17
132 3 4
132 4 6
132 5 2
132 6 17
132 7 7
132 8 12
132 9 10
132 10 8
132 11 17
132 12 19
132 13 12
132 14 7
132 15 16
132 16 17
132 17 14
132 18 19
132 19 20
133 1 2
133 2 2
133 3 15
133 4 33
133 5 28
133 6 8
133 7 26
133 8 18
133 9 8
133 10 14
133 11 14
133 12 33
133 13 15
133 14 13
133 15 18
133 16 3
133 17 18
133 18 2
133 19 28
133 20 2
133 21 23
133 22 2
133 23 26
133 24 33
133 25 23
133 26 8
133 27 33
133 28 31
133 29 29
133 30 2
133 31 32
133 32 26
133 33 33
133 34 33
133 35 31
133 36 2
133 37 35
133 38 40
134 1 5
134 2 5
134 3 7
134 4 3
134 5 22
134 6 3
134 7 7
134 8 12
134 9 24
134 10 11
134 11 12
134 12 14
134 13 13
134 14 3
134 15 3
134 16 19
134 17 20
134 18 21
134 19 23
134 20 24
134 21 25
135 1 1
135 2 2
135 3 2
135 4 2
135 5 30
135 6 4
135 7 36
135 8 10
135 9 45
135 10 45
135 11 18
135 12 15
135 13 16
135 14 45
135 15 15
135 16 45
135 17 14
135 18 45
135 19 18
135 20 19
135 21 45
135 22 17
135 23 4
135 24 12
135 25 10
135 26 45
135 27 6
135 28 6
135 29 10
135 30 29
135 31 10
135 32 36
135 33 45
135 34 22
135 35 38
135 36 44
135 37 45
135 38 42
135 39 45
135 40 0
136 1 16
136 2 16
136 3 16
136 4 16
136 5 6
136 6 2
136 7 9
136 8 7
136 9 8
136 10 16
136 11 12
136 12 16
136 13 16
136 14 16
136 15 16
136 16 16
136 17 17
137 1 5
137 2 43
137 3 43
137 4 48
137 5 7
137 6 13
137 7 10
137 8 4
137 9 8
137 10 7
137 11 7
137 12 43
137 13 43
137 14 20
137 15 10
137 16 43
137 17 9
137 18 14
137 19 15
137 20 9
137 21 21
137 22 20
137 23 23
137 24 22
137 25 41
137 26 48
137 27 39
137 28 26
137 29 41
137 30 9
137 31 14
137 32 32
137 33 33
137 34 43
137 35 11
137 36 20
137 37 30
137 38 46
137 39 9
137 40 44
137 41 46
137 42 39
137 43 41
137 44 41
137 45 26
137 46 44
137 47 32
137 48 34
137 49 35
137 50 19
137 51 37
137 52 49
138 1 33
138 2 6
138 3 4
138 4 4
138 5 21
138 6 24
138 7 8
138 8 12
138 9 9
138 10 24
138 11 12
138 12 12
138 13 23
138 14 16
138 15 22
138 16 18
138 17 12
138 18 3
138 19 9
138 20 24
138 21 24
138 22 14
138 23 24
138 24 26
138 25 31
138 26 6
138 27 8
138 28 16
138 29 6
138 30 14
138 31 24
138 32 33
138 33 35
138 34 14
138 35 33
138 36 38
138 37 22
138 38 40
138 39 41
138 40 42
139 1 23
139 2 5
139 3 19
139 4 19
139 5 23
139 6 19
139 7 19
139 8 19
139 9 19
139 10 19
139 11 15
139 12 18
139 13 16
139 14 19
139 15 23
139 16 22
139 17 19
139 18 24
140 1 8
140 2 8
140 3 4
140 4 5
140 5 8
140 6 8
140 7 9
141 1 9
141 2 2
141 3 20
141 4 3
141 5 17
141 6 3
141 7 17
141 8 7
141 9 3
141 10 5
141 11 4
141 12 3
141 13 3
141 14 3
141 15 2
141 16 3
141 17 13
141 18 20
141 19 3
141 20 3
141 21 3
141 22 21
142 1 28
142 2 2
142 3 28
142 4 3
142 5 27
142 6 27
142 7 28
142 8 10
142 9 24
142 10 27
142 11 21
142 12 23
142 13 27
142 14 5
142 15 27
142 16 11
142 17 27
142 18 28
142 19 14
142 20 16
142 21 27
142 22 31
143 1 2
143 2 33
143 3 1
143 4 18
143 5 2
143 6 2
143 7 18
143 8 33
143 9 7
143 10 11
143 11 2
143 12 9
143 13 33
143 14 10
143 15 22
143 16 15
143 17 14
143 18 17
143 19 33
143 20 19
143 21 15
143 22 18
143 23 15
143 24 8
143 25 23
143 26 23
143 27 18
143 28 33
143 29 18
143 30 17
143 31 33
143 32 15
143 33 33
143 34 15
143 35 12
143 36 18
143 37 33
143 38 12
143 39 15
143 40 34
144 1 59
144 2 8
144 3 2
144 4 49
144 5 42
144 6 42
144 7 28
144 8 6
144 9 49
144 10 8
144 11 8
144 12 9
144 13 10
144 14 70
144 15 12
144 16 15
144 17 13
144 18 10
144 19 17
144 20 42
144 21 19
144 22 20
144 23 21
144 24 25
144 25 28
144 26 28
144 27 42
144 28 49
144 29 25
144 30 42
144 31 42
144 32 28
144 33 70
144 34 42
144 35 20
144 36 2
144 37 17
144 38 59
144 39 34
144 40 20
144 41 49
144 42 37
144 43 6
144 44 38
144 45 38
144 46 40
144 47 6
144 48 2
144 49 20
144 50 40
144 51 49
144 52 20
144 53 2
144 54 49
144 55 57
144 56 42
144 57 30
144 58 2
144 59 37
144 60 73
144 61 57
144 62 42
144 63 75
144 64 42
144 65 75
144 66 30
144 67 20
144 68 42
144 69 2
144 70 17
144 71 34
144 72 34
144 73 20
144 74 42
144 75 8
144 76 42
144 77 28
144 78 42
144 79 42
144 80 20
144 81 77
144 82 42
144 83 20
144 84 2
144 85 42
144 86 42
144 87 42
144 88 82
144 89 42
144 90 84
145 1 1
145 2 5
145 3 23
145 4 5
145 5 5
145 6 5
145 7 5
145 8 5
145 9 10
145 10 11
145 11 26
145 12 14
145 13 16
145 14 21
145 15 16
145 16 14
145 17 17
145 18 20
145 19 19
145 20 21
145 21 21
145 22 21
145 23 21
145 24 22
145 25 25
145 26 29
145 27 26
145 28 30
146 1 16
146 2 7
146 3 5
146 4 28
146 5 20
146 6 9
146 7 8
146 8 6
146 9 13
146 10 39
146 11 35
146 12 11
146 13 39
146 14 7
146 15 4
146 16 32
146 17 16
146 18 17
146 19 39
146 20 35
146 21 39
146 22 39
146 23 39
146 24 39
146 25 17
146 26 22
146 27 16
146 28 27
146 29 39
146 30 6
146 31 33
146 32 36
146 33 31
146 34 39
146 35 30
146 36 39
146 37 37
146 38 16
146 39 39
146 40 32
146 41 16
146 42 16
146 43 32
146 44 40
147 1 1
147 2 1
147 3 2
147 4 3
147 5 5
147 6 5
147 7 7
147 8 6
147 9 8
147 10 8
147 11 8
147 12 5
147 13 5
147 14 8
147 15 14
147 16 14
147 17 13
147 18 8
147 19 18
147 20 12
147 21 23
147 22 23
147 23 23
147 24 5
147 25 24
148 1 2
148 2 5
148 3 29
148 4 22
148 5 5
148 6 6
148 7 29
148 8 29
148 9 25
148 10 23
148 11 29
148 12 10
148 13 24
148 14 13
148 15 32
148 16 13
148 17 15
148 18 32
148 19 29
148 20 29
148 21 20
148 22 13
148 23 32
148 24 21
148 25 25
148 26 13
148 27 29
148 28 27
148 29 32
148 30 22
148 31 32
148 32 32
148 33 23
148 34 32
148 35 33
149 1 3
149 2 2
149 3 3
149 4 5
149 5 4
149 6 3
149 7 5
149 8 6
149 9 9
149 10 10
149 11 12
150 1 1
150 2 17
150 3 15
150 4 16
150 5 15
150 6 6
150 7 15
150 8 32
150 9 10
150 10 10
150 11 10
150 12 15
150 13 12
150 14 14
150 15 15
150 16 19
150 17 16
150 18 17
150 19 15
150 20 16
150 21 14
150 22 31
150 23 21
150 24 18
150 25 31
150 26 27
150 27 28
150 28 31
150 29 31
150 30 37
150 31 33
150 32 37
150 33 35
150 34 38
151 1 15
151 2 10
151 3 10
151 4 14
151 5 10
151 6 14
151 7 10
151 8 10
151 9 7
151 10 10
151 11 9
151 12 9
151 13 10
151 14 10
151 15 10
151 16 14
151 17 9
151 18 10
151 19 10
151 20 16
151 21 10
151 22 15
151 23 10
151 24 10
151 25 16
151 26 10
151 27 17
152 1 6
152 2 6
152 3 11
152 4 41
152 5 32
152 6 41
152 7 11
152 8 13
152 9 41
152 10 14
152 11 32
152 12 16
152 13 11
152 14 41
152 15 41
152 16 41
152 17 41
152 18 41
152 19 26
152 20 34
152 21 20
152 22 41
152 23 33
152 24 34
152 25 24
152 26 8
152 27 41
152 28 41
152 29 32
152 30 41
152 31 41
152 32 11
152 33 41
152 34 9
152 35 41
152 36 31
152 37 33
152 38 34
152 39 41
152 40 34
152 41 41
152 42 39
152 43 18
152 44 41
152 45 36
152 46 9
152 47 41
152 48 41
152 49 35
152 50 41
152 51 42
153 1 1
153 2 2
153 3 3
153 4 16
153 5 12
153 6 10
153 7 12
153 8 8
153 9 9
153 10 10
153 11 10
153 12 30
153 13 11
153 14 13
153 15 12
153 16 16
153 17 17
153 18 11
153 19 8
153 20 12
153 21 20
153 22 19
153 23 21
153 24 25
153 25 26
153 26 23
153 27 24
153 28 28
153 29 30
153 30 30
153 31 12
153 32 12
153 33 10
153 34 36
153 35 35
153 36 37
154 1 1
154 2 2
154 3 14
154 4 14
154 5 14
154 6 14
154 7 22
154 8 15
154 9 14
154 10 14
154 11 2
154 12 14
154 13 22
154 14 14
154 15 14
154 16 22
154 17 14
154 18 22
154 19 27
154 20 28
155 1 2
155 2 9
155 3 5
155 4 17
155 5 17
155 6 11
155 7 17
155 8 31
155 9 17
155 10 17
155 11 23
155 12 16
155 13 31
155 14 17
155 15 21
155 16 17
155 17 17
155 18 17
155 19 23
155 20 25
155 21 27
155 22 28
155 23 29
155 24 31
155 25 31
155 26 31
155 27 32
156 1 4
156 2 4
156 3 6
156 4 7
156 5 10
156 6 9
156 7 11
156 8 10
156 9 13
156 10 10
156 11 38
156 12 43
156 13 37
156 14 9
156 15 22
156 16 20
156 17 23
156 18 37
156 19 10
156 20 33
156 21 26
156 22 46
156 23 27
156 24 18
156 25 33
156 26 37
156 27 33
156 28 34
156 29 37
156 30 35
156 31 37
156 32 18
156 33 37
156 34 32
156 35 46
156 36 38
156 37 37
156 38 41
156 39 9
156 40 47
157 1 1
157 2 1
157 3 2
157 4 3
157 5 4
157 6 7
157 7 7
157 8 7
157 9 8
157 10 9
158 1 1
158 2 3
158 3 3
158 4 56
158 5 40
158 6 7
158 7 14
158 8 9
158 9 10
158 10 27
158 11 51
158 12 27
158 13 51
158 14 27
158 15 18
158 16 14
158 17 21
158 18 27
158 19 23
158 20 27
158 21 28
158 22 7
158 23 41
158 24 41
158 25 40
158 26 40
158 27 36
158 28 21
158 29 33
158 30 54
158 31 34
158 32 40
158 33 14
158 34 41
158 35 38
158 36 14
158 37 44
158 38 41
158 39 14
158 40 27
158 41 51
158 42 41
158 43 27
158 44 14
158 45 27
158 46 52
158 47 50
158 48 51
158 49 41
158 50 56
158 51 57
159 1 22
159 2 2
159 3 22
159 4 22
159 5 7
159 6 7
159 7 7
159 8 7
159 9 22
159 10 5
159 11 22
159 12 7
159 13 18
159 14 7
159 15 15
159 16 18
159 17 17
159 18 16
159 19 19
159 20 7
159 21 7
159 22 8
159 23 18
159 24 22
159 25 7
159 26 8
159 27 7
159 28 22
159 29 7
159 30 30
159 31 8
159 32 14
159 33 7
159 34 7
159 35 7
159 36 22
159 37 34
159 38 18
159 39 7
159 40 7
159 41 46
159 42 37
159 43 22
159 44 7
159 45 22
159 46 7
159 47 18
159 48 7
159 49 7
159 50 46
159 51 7
159 52 45
159 53 14
159 54 7
159 55 7
159 56 22
159 57 21
159 58 48
160 1 2
160 2 3
160 3 6
160 4 9
160 5 16
160 6 34
160 7 11
160 8 16
160 9 13
160 10 15
160 11 6
160 12 19
160 13 18
160 14 16
160 15 10
160 16 30
160 17 25
160 18 24
160 19 24
160 20 6
160 21 28
160 22 33
160 23 33
160 24 31
160 25 39
160 26 16
160 27 36
160 28 38
160 29 33
160 30 30
160 31 41
160 32 45
160 33 6
160 34 43
160 35 5
160 36 16
160 37 47
160 38 46
160 39 48
161 1 1
161 2 2
161 3 28
161 4 3
161 5 23
161 6 23
161 7 23
161 8 28
161 9 28
161 10 23
161 11 7
161 12 7
161 13 28
161 14 11
161 15 12
161 16 12
161 17 16
161 18 15
161 19 14
161 20 10
161 21 18
161 22 17
161 23 19
161 24 22
161 25 20
161 26 28
161 27 28
161 28 29
162 1 27
162 2 18
162 3 8
162 4 20
162 5 6
162 6 9
162 7 10
162 8 18
162 9 11
162 10 18
162 11 41
162 12 14
162 13 27
162 14 17
162 15 55
162 16 9
162 17 18
162 18 41
162 19 22
162 20 61
162 21 18
162 22 25
162 23 32
162 24 18
162 25 27
162 26 9
162 27 18
162 28 18
162 29 31
162 30 18
162 31 18
162 32 18
162 33 18
162 34 41
162 35 43
162 36 27
162 37 47
162 38 41
162 39 52
162 40 41
162 41 51
162 42 55
162 43 18
162 44 50
162 45 31
162 46 20
162 47 18
162 48 18
162 49 18
162 50 38
162 51 39
163 1 1
163 2 1
163 3 1
163 4 2
163 5 1
163 6 4
163 7 5
163 8 1
163 9 3
163 10 7
163 11 8
164 1 9
164 2 5
164 3 3
164 4 9
164 5 14
164 6 9
164 7 8
164 8 9
164 9 9
164 10 14
164 11 11
164 12 12
164 13 14
164 14 14
164 15 15
165 1 25
165 2 22
165 3 6
165 4 4
165 5 22
165 6 24
165 7 17
165 8 22
165 9 12
165 10 12
165 11 6
165 12 5
165 13 7
165 14 22
165 15 6
165 16 22
165 17 12
165 18 18
165 19 14
165 20 22
165 21 22
165 22 18
165 23 19
165 24 24
165 25 15
165 26 25
165 27 22
165 28 22
165 29 29
166 1 13
166 2 4
166 3 1
166 4 4
166 5 4
166 6 7
166 7 8
166 8 5
166 9 4
166 10 12
166 11 13
166 12 19
166 13 16
166 14 19
166 15 17
166 16 7
166 17 19
166 18 20
167 1 1
167 2 3
167 3 17
167 4 3
167 5 4
167 6 23
167 7 3
167 8 3
167 9 8
167 10 9
167 11 11
167 12 10
167 13 3
167 14 12
167 15 3
167 16 2
167 17 3
167 18 16
167 19 3
167 20 13
167 21 3
167 22 21
167 23 26
167 24 3
167 25 23
167 26 25
167 27 26
167 28 27
168 1 1
168 2 2
168 3 5
168 4 4
168 5 5
168 6 7
168 7 7
168 8 8
168 9 6
168 10 18
168 11 18
168 12 18
168 13 18
168 14 11
168 15 18
168 16 18
168 17 19
169 1 4
169 2 19
169 3 8
169 4 13
169 5 18
169 6 7
169 7 6
169 8 16
169 9 17
169 10 11
169 11 19
169 12 19
169 13 14
169 14 15
169 15 15
169 16 19
169 17 19
169 18 17
169 19 19
169 20 19
169 21 20
170 1 37
170 2 49
170 3 30
170 4 37
170 5 3
170 6 6
170 7 49
170 8 9
170 9 11
170 10 1
170 11 37
170 12 37
170 13 33
170 14 37
170 15 37
170 16 3
170 17 20
170 18 17
170 19 37
170 20 37
170 21 11
170 22 37
170 23 26
170 24 37
170 25 49
170 26 43
170 27 29
170 28 37
170 29 44
170 30 37
170 31 37
170 32 33
170 33 37
170 34 37
170 35 26
170 36 37
170 37 49
170 38 37
170 39 40
170 40 30
170 41 37
170 42 49
170 43 43
170 44 45
170 45 44
170 46 6
170 47 48
170 48 40
170 49 30
170 50 50
170 51 51
171 1 14
171 2 14
171 3 14
171 4 14
171 5 14
171 6 14
171 7 12
171 8 14
171 9 15
172 1 1
172 2 5
172 3 2
172 4 4
172 5 6
172 6 6
172 7 8
172 8 11
172 9 11
172 10 11
172 11 12
173 1 22
173 2 22
173 3 18
173 4 22
173 5 11
173 6 11
173 7 22
173 8 22
173 9 18
173 10 22
173 11 16
173 12 13
173 13 18
173 14 22
173 15 12
173 16 22
173 17 20
173 18 22
173 19 22
173 20 23
174 1 1
174 2 9
174 3 15
174 4 6
174 5 2
174 6 7
174 7 5
174 8 9
174 9 8
174 10 20
174 11 10
174 12 7
174 13 15
174 14 15
174 15 7
174 16 33
174 17 22
174 18 16
174 19 17
174 20 9
174 21 21
174 22 9
174 23 30
174 24 9
174 25 15
174 26 33
174 27 14
175 1 2
175 2 1
175 3 1
175 4 7
175 5 10
175 6 11
175 7 5
175 8 6
175 9 13
175 10 11
175 11 15
175 12 11
175 13 11
175 14 11
175 15 15
175 16 11
175 17 11
175 18 16
176 1 2
176 2 2
176 3 1
176 4 5
176 5 18
176 6 7
176 7 2
176 8 9
176 9 10
176 10 11
176 11 12
176 12 13
176 13 10
176 14 18
176 15 16
176 16 18
176 17 18
176 18 19
177 1 1
177 2 3
177 3 2
177 4 19
177 5 6
177 6 19
177 7 23
177 8 19
177 9 9
177 10 9
177 11 6
177 12 12
177 13 13
177 14 14
177 15 2
177 16 16
177 17 17
177 18 18
177 19 19
177 20 20
177 21 21
177 22 22
177 23 23
177 24 24
177 25 6
177 26 19
177 27 8
177 28 19
177 29 29
177 30 30
177 31 31
178 1 17
178 2 2
178 3 7
178 4 11
178 5 8
178 6 10
178 7 7
178 8 8
178 9 17
178 10 2
178 11 16
178 12 11
178 13 16
178 14 7
178 15 7
178 16 29
178 17 7
178 18 32
178 19 11
178 20 25
178 21 6
178 22 27
178 23 11
178 24 33
179 1 1
179 2 2
179 3 2
179 4 27
179 5 25
179 6 7
179 7 5
179 8 25
179 9 11
179 10 12
179 11 25
179 12 13
179 13 13
179 14 10
179 15 18
179 16 17
179 17 19
179 18 25
179 19 27
179 20 27
179 21 25
179 22 13
179 23 25
179 24 10
179 25 25
179 26 28
180 1 21
180 2 2
180 3 24
180 4 38
180 5 9
180 6 9
180 7 22
180 8 7
180 9 8
180 10 42
180 11 40
180 12 22
180 13 42
180 14 15
180 15 17
180 16 5
180 17 42
180 18 27
180 19 21
180 20 42
180 21 42
180 22 42
180 23 18
180 24 30
180 25 30
180 26 1
180 27 42
180 28 21
180 29 28
180 30 42
180 31 42
180 32 18
180 33 39
180 34 21
180 35 42
180 36 45
180 37 9
180 38 45
180 39 46
181 1 6
181 2 2
181 3 3
181 4 8
181 5 9
181 6 9
181 7 9
181 8 9
181 9 3
181 10 10
182 1 1
182 2 2
182 3 3
182 4 4
182 5 4
182 6 5
182 7 17
182 8 17
182 9 4
182 10 17
182 11 11
182 12 11
182 13 10
182 14 14
182 15 14
182 16 13
182 17 17
182 18 17
182 19 12
182 20 18
183 1 1
183 2 2
183 3 5
183 4 6
183 5 7
183 6 7
183 7 8
183 8 24
183 9 12
183 10 11
183 11 12
183 12 10
183 13 14
183 14 13
183 15 15
183 16 18
183 17 15
183 18 20
183 19 17
183 20 7
183 21 7
183 22 7
183 23 24
183 24 7
183 25 24
183 26 25
184 1 1
184 2 2
184 3 3
184 4 2
184 5 5
184 6 6
184 7 7
184 8 48
184 9 15
184 10 2
184 11 42
184 12 12
184 13 11
184 14 15
184 15 16
184 16 17
184 17 12
184 18 6
184 19 50
184 20 15
184 21 23
184 22 20
184 23 25
184 24 31
184 25 12
184 26 33
184 27 15
184 28 2
184 29 32
184 30 33
184 31 31
184 32 30
184 33 15
184 34 37
184 35 25
184 36 36
184 37 35
184 38 12
184 39 12
184 40 17
184 41 15
184 42 30
184 43 15
184 44 15
184 45 51
184 46 12
184 47 53
184 48 12
184 49 15
184 50 52
184 51 53
184 52 55
184 53 15
184 54 61
184 55 62
185 1 14
185 2 2
185 3 14
185 4 5
185 5 14
185 6 14
185 7 12
185 8 14
185 9 11
185 10 13
185 11 14
185 12 4
185 13 14
185 14 17
185 15 14
185 16 14
185 17 20
185 18 21
186 1 2
186 2 1
186 3 6
186 4 11
186 5 3
186 6 11
186 7 6
186 8 9
186 9 11
186 10 11
186 11 10
186 12 11
186 13 6
186 14 16
186 15 11
186 16 17
187 1 5
187 2 5
187 3 6
187 4 3
187 5 5
187 6 7
187 7 11
187 8 12
187 9 13
187 10 13
187 11 16
187 12 14
187 13 5
187 14 18
187 15 11
187 16 19
187 17 20
187 18 20
187 19 24
187 20 11
187 21 25
188 1 26
188 2 1
188 3 2
188 4 3
188 5 22
188 6 22
188 7 7
188 8 7
188 9 9
188 10 22
188 11 22
188 12 12
188 13 22
188 14 22
188 15 14
188 16 19
188 17 19
188 18 20
188 19 22
188 20 21
188 21 23
188 22 24
188 23 25
188 24 26
189 1 1
189 2 2
189 3 3
189 4 4
189 5 34
189 6 70
189 7 50
189 8 70
189 9 10
189 10 10
189 11 10
189 12 50
189 13 15
189 14 28
189 15 13
189 16 50
189 17 47
189 18 17
189 19 17
189 20 7
189 21 60
189 22 19
189 23 20
189 24 60
189 25 41
189 26 50
189 27 47
189 28 70
189 29 28
189 30 4
189 31 21
189 32 47
189 33 7
189 34 33
189 35 50
189 36 60
189 37 37
189 38 36
189 39 50
189 40 60
189 41 50
189 42 28
189 43 50
189 44 60
189 45 46
189 46 45
189 47 7
189 48 50
189 49 34
189 50 52
189 51 50
189 52 17
189 53 50
189 54 70
189 55 57
189 56 4
189 57 50
189 58 50
189 59 69
189 60 60
189 61 67
189 62 50
189 63 61
189 64 27
189 65 70
189 66 71
190 1 2
190 2 3
190 3 14
190 4 6
190 5 5
190 6 5
190 7 10
190 8 11
190 9 14
190 10 14
190 11 14
190 12 14
190 13 15
191 1 1
191 2 11
191 3 17
191 4 17
191 5 5
191 6 6
191 7 6
191 8 8
191 9 9
191 10 10
191 11 11
191 12 18
191 13 29
191 14 15
191 15 17
191 16 13
191 17 13
191 18 26
191 19 21
191 20 29
191 21 26
191 22 11
191 23 11
191 24 19
191 25 26
191 26 26
191 27 37
191 28 31
191 29 11
191 30 33
191 31 26
191 32 11
191 33 37
191 34 38
191 35 41
191 36 26
191 37 41
191 38 42
192 1 11
192 2 2
192 3 3
192 4 11
192 5 4
192 6 6
192 7 7
192 8 9
192 9 8
192 10 10
192 11 11
192 12 12
193 1 1
193 2 2
193 3 12
193 4 12
193 5 12
193 6 7
193 7 8
193 8 12
193 9 11
193 10 12
193 11 12
193 12 13
194 1 6
194 2 7
194 3 8
194 4 3
194 5 19
194 6 11
194 7 2
194 8 4
194 9 38
194 10 26
194 11 13
194 12 14
194 13 3
194 14 15
194 15 3
194 16 7
194 17 3
194 18 3
194 19 9
194 20 22
194 21 17
194 22 3
194 23 19
194 24 3
194 25 19
194 26 3
194 27 27
194 28 31
194 29 36
194 30 37
194 31 38
194 32 3
194 33 33
194 34 39
195 1 1
195 2 2
195 3 3
195 4 10
195 5 8
195 6 3
195 7 2
195 8 9
195 9 10
195 10 11
195 11 16
195 12 13
195 13 16
195 14 11
195 15 16
195 16 17
196 1 1
196 2 5
196 3 1
196 4 5
196 5 2
196 6 7
196 7 8
196 8 8
196 9 9
197 1 7
197 2 2
197 3 7
197 4 7
197 5 7
197 6 8
198 1 6
198 2 2
198 3 6
198 4 8
198 5 9
198 6 47
198 7 5
198 8 10
198 9 47
198 10 15
198 11 13
198 12 10
198 13 15
198 14 37
198 15 17
198 16 52
198 17 46
198 18 47
198 19 47
198 20 52
198 21 52
198 22 16
198 23 45
198 24 52
198 25 45
198 26 32
198 27 8
198 28 52
198 29 38
198 30 47
198 31 37
198 32 48
198 33 40
198 34 37
198 35 10
198 36 37
198 37 45
198 38 47
198 39 47
198 40 48
198 41 20
198 42 47
198 43 50
198 44 37
198 45 15
198 46 47
198 47 55
199 1 2
199 2 3
199 3 5
199 4 24
199 5 5
199 6 10
199 7 9
199 8 10
199 9 11
199 10 13
199 11 14
199 12 15
199 13 16
199 14 24
199 15 24
199 16 24
199 17 22
199 18 10
199 19 24
199 20 24
199 21 25
199 22 27
199 23 26
199 24 28
200 1 1
200 2 1
200 3 4
200 4 41
200 5 47
200 6 45
200 7 43
200 8 6
200 9 45
200 10 7
200 11 8
200 12 7
200 13 25
200 14 15
200 15 25
200 16 19
200 17 17
200 18 21
200 19 25
200 20 25
200 21 23
200 22 23
200 23 43
200 24 43
200 25 25
200 26 25
200 27 29
200 28 44
200 29 46
200 30 34
200 31 29
200 32 25
200 33 44
200 34 34
200 35 36
200 36 27
200 37 25
200 38 34
200 39 25
200 40 19
200 41 25
200 42 32
200 43 49
200 44 49
200 45 50
